{"/home/runner/work/vscode-marquee/vscode-marquee/packages/dialog/src/DialogContainer.tsx": {"path":"/home/runner/work/vscode-marquee/vscode-marquee/packages/dialog/src/DialogContainer.tsx","statementMap":{"0":{"start":{"line":1,"column":0},"end":{"line":1,"column":49}},"1":{"start":{"line":2,"column":0},"end":{"line":2,"column":43}},"2":{"start":{"line":3,"column":0},"end":{"line":3,"column":60}},"3":{"start":{"line":4,"column":0},"end":{"line":4,"column":52}},"4":{"start":{"line":13,"column":24},"end":{"line":25,"column":1}},"5":{"start":{"line":14,"column":24},"end":{"line":14,"column":34}},"6":{"start":{"line":15,"column":23},"end":{"line":15,"column":74}},"7":{"start":{"line":16,"column":2},"end":{"line":24,"column":4}},"8":{"start":{"line":27,"column":0},"end":{"line":27,"column":43}}},"fnMap":{"0":{"name":"(anonymous_1)","decl":{"start":{"line":13,"column":24},"end":{"line":13,"column":25}},"loc":{"start":{"line":13,"column":70},"end":{"line":25,"column":1}}}},"branchMap":{"0":{"loc":{"start":{"line":19,"column":18},"end":{"line":19,"column":50}},"type":"cond-expr","locations":[{"start":{"line":19,"column":31},"end":{"line":19,"column":35}},{"start":{"line":19,"column":38},"end":{"line":19,"column":50}}]}},"s":{"0":2,"1":2,"2":2,"3":2,"4":2,"5":2,"6":2,"7":2,"8":2},"f":{"0":2},"b":{"0":[1,1]}}
,"/home/runner/work/vscode-marquee/vscode-marquee/packages/dialog/src/DialogTitle.tsx": {"path":"/home/runner/work/vscode-marquee/vscode-marquee/packages/dialog/src/DialogTitle.tsx","statementMap":{"0":{"start":{"line":1,"column":0},"end":{"line":1,"column":49}},"1":{"start":{"line":3,"column":0},"end":{"line":3,"column":59}},"2":{"start":{"line":4,"column":0},"end":{"line":4,"column":49}},"3":{"start":{"line":5,"column":0},"end":{"line":5,"column":61}},"4":{"start":{"line":8,"column":0},"end":{"line":8,"column":54}},"5":{"start":{"line":9,"column":0},"end":{"line":9,"column":54}},"6":{"start":{"line":11,"column":0},"end":{"line":11,"column":46}},"7":{"start":{"line":13,"column":15},"end":{"line":24,"column":2}},"8":{"start":{"line":13,"column":53},"end":{"line":24,"column":2}},"9":{"start":{"line":30,"column":20},"end":{"line":46,"column":2}},"10":{"start":{"line":31,"column":51},"end":{"line":31,"column":56}},"11":{"start":{"line":32,"column":2},"end":{"line":45,"column":4}},"12":{"start":{"line":48,"column":0},"end":{"line":48,"column":27}}},"fnMap":{"0":{"name":"(anonymous_1)","decl":{"start":{"line":13,"column":15},"end":{"line":13,"column":16}},"loc":{"start":{"line":13,"column":53},"end":{"line":24,"column":2}}},"1":{"name":"(anonymous_2)","decl":{"start":{"line":30,"column":46},"end":{"line":30,"column":47}},"loc":{"start":{"line":30,"column":63},"end":{"line":46,"column":1}}}},"branchMap":{"0":{"loc":{"start":{"line":35,"column":7},"end":{"line":43,"column":14}},"type":"cond-expr","locations":[{"start":{"line":36,"column":8},"end":{"line":41,"column":null}},{"start":{"line":43,"column":10},"end":{"line":43,"column":14}}]}},"s":{"0":2,"1":2,"2":2,"3":2,"4":2,"5":2,"6":2,"7":2,"8":2,"9":2,"10":2,"11":2,"12":2},"f":{"0":2,"1":2},"b":{"0":[1,1]}}
,"/home/runner/work/vscode-marquee/vscode-marquee/packages/dialog/src/index.ts": {"path":"/home/runner/work/vscode-marquee/vscode-marquee/packages/dialog/src/index.ts","statementMap":{"0":{"start":{"line":1,"column":0},"end":{"line":1,"column":7}},"1":{"start":{"line":4,"column":9},"end":{"line":1,"column":48}},"2":{"start":{"line":2,"column":0},"end":{"line":2,"column":7}},"3":{"start":{"line":4,"column":26},"end":{"line":2,"column":40}}},"fnMap":{},"branchMap":{},"s":{"0":2,"1":2,"2":2,"3":2},"f":{},"b":{}}
,"/home/runner/work/vscode-marquee/vscode-marquee/packages/extension/src/constants.ts": {"path":"/home/runner/work/vscode-marquee/vscode-marquee/packages/extension/src/constants.ts","statementMap":{"0":{"start":{"line":1,"column":0},"end":{"line":1,"column":28}},"1":{"start":{"line":3,"column":13},"end":{"line":3,"column":35}},"2":{"start":{"line":5,"column":13},"end":{"line":5,"column":30}},"3":{"start":{"line":6,"column":13},"end":{"line":6,"column":23}},"4":{"start":{"line":7,"column":13},"end":{"line":7,"column":67}},"5":{"start":{"line":8,"column":13},"end":{"line":8,"column":60}},"6":{"start":{"line":9,"column":13},"end":{"line":9,"column":50}},"7":{"start":{"line":10,"column":13},"end":{"line":10,"column":52}}},"fnMap":{},"branchMap":{},"s":{"0":0,"1":0,"2":0,"3":0,"4":0,"5":0,"6":0,"7":0},"f":{},"b":{}}
,"/home/runner/work/vscode-marquee/vscode-marquee/packages/extension/src/extension.ts": {"path":"/home/runner/work/vscode-marquee/vscode-marquee/packages/extension/src/extension.ts","statementMap":{"0":{"start":{"line":1,"column":0},"end":{"line":1,"column":29}},"1":{"start":{"line":2,"column":0},"end":{"line":2,"column":28}},"2":{"start":{"line":3,"column":0},"end":{"line":3,"column":24}},"3":{"start":{"line":4,"column":0},"end":{"line":4,"column":28}},"4":{"start":{"line":5,"column":0},"end":{"line":5,"column":38}},"5":{"start":{"line":6,"column":0},"end":{"line":6,"column":null}},"6":{"start":{"line":15,"column":0},"end":{"line":15,"column":null}},"7":{"start":{"line":24,"column":0},"end":{"line":24,"column":93}},"8":{"start":{"line":25,"column":0},"end":{"line":25,"column":66}},"9":{"start":{"line":27,"column":0},"end":{"line":27,"column":null}},"10":{"start":{"line":36,"column":0},"end":{"line":36,"column":40}},"11":{"start":{"line":37,"column":0},"end":{"line":37,"column":39}},"12":{"start":{"line":38,"column":0},"end":{"line":38,"column":55}},"13":{"start":{"line":40,"column":0},"end":{"line":40,"column":101}},"14":{"start":{"line":44,"column":13},"end":{"line":44,"column":40}},"15":{"start":{"line":45,"column":13},"end":{"line":45,"column":33}},"16":{"start":{"line":64,"column":21},"end":{"line":64,"column":53}},"17":{"start":{"line":65,"column":23},"end":{"line":65,"column":45}},"18":{"start":{"line":48,"column":19},"end":{"line":48,"column":75}},"19":{"start":{"line":54,"column":19},"end":{"line":61,"column":4}},"20":{"start":{"line":67,"column":4},"end":{"line":67,"column":92}},"21":{"start":{"line":68,"column":4},"end":{"line":68,"column":57}},"22":{"start":{"line":69,"column":4},"end":{"line":69,"column":25}},"23":{"start":{"line":70,"column":4},"end":{"line":70,"column":105}},"24":{"start":{"line":70,"column":73},"end":{"line":70,"column":102}},"25":{"start":{"line":72,"column":26},"end":{"line":72,"column":79}},"26":{"start":{"line":73,"column":24},"end":{"line":73,"column":60}},"27":{"start":{"line":74,"column":24},"end":{"line":74,"column":47}},"28":{"start":{"line":75,"column":4},"end":{"line":75,"column":39}},"29":{"start":{"line":77,"column":4},"end":{"line":91,"column":7}},"30":{"start":{"line":78,"column":6},"end":{"line":80,"column":null}},"31":{"start":{"line":79,"column":8},"end":{"line":79,"column":38}},"32":{"start":{"line":82,"column":6},"end":{"line":84,"column":null}},"33":{"start":{"line":83,"column":8},"end":{"line":83,"column":35}},"34":{"start":{"line":86,"column":6},"end":{"line":88,"column":null}},"35":{"start":{"line":87,"column":8},"end":{"line":87,"column":33}},"36":{"start":{"line":90,"column":6},"end":{"line":90,"column":52}},"37":{"start":{"line":93,"column":4},"end":{"line":93,"column":32}},"38":{"start":{"line":95,"column":4},"end":{"line":97,"column":7}},"39":{"start":{"line":99,"column":4},"end":{"line":108,"column":7}},"40":{"start":{"line":100,"column":6},"end":{"line":102,"column":null}},"41":{"start":{"line":101,"column":8},"end":{"line":101,"column":15}},"42":{"start":{"line":104,"column":6},"end":{"line":104,"column":23}},"43":{"start":{"line":105,"column":6},"end":{"line":107,"column":8}},"44":{"start":{"line":110,"column":4},"end":{"line":110,"column":24}},"45":{"start":{"line":116,"column":26},"end":{"line":116,"column":85}},"46":{"start":{"line":117,"column":4},"end":{"line":124,"column":6}},"47":{"start":{"line":118,"column":12},"end":{"line":118,"column":35}},"48":{"start":{"line":120,"column":6},"end":{"line":120,"column":83}},"49":{"start":{"line":122,"column":12},"end":{"line":122,"column":74}},"50":{"start":{"line":123,"column":15},"end":{"line":123,"column":66}},"51":{"start":{"line":131,"column":16},"end":{"line":131,"column":50}},"52":{"start":{"line":132,"column":28},"end":{"line":132,"column":56}},"53":{"start":{"line":133,"column":26},"end":{"line":133,"column":54}},"54":{"start":{"line":135,"column":4},"end":{"line":137,"column":null}},"55":{"start":{"line":136,"column":6},"end":{"line":136,"column":13}},"56":{"start":{"line":139,"column":4},"end":{"line":141,"column":null}},"57":{"start":{"line":140,"column":6},"end":{"line":140,"column":13}},"58":{"start":{"line":143,"column":4},"end":{"line":143,"column":26}},"59":{"start":{"line":147,"column":4},"end":{"line":147,"column":25}},"60":{"start":{"line":148,"column":4},"end":{"line":148,"column":39}},"61":{"start":{"line":152,"column":18},"end":{"line":152,"column":41}},"62":{"start":{"line":153,"column":17},"end":{"line":158,"column":6}},"63":{"start":{"line":155,"column":8},"end":{"line":155,"column":61}},"64":{"start":{"line":160,"column":4},"end":{"line":164,"column":7}},"65":{"start":{"line":161,"column":6},"end":{"line":161,"column":30}},"66":{"start":{"line":162,"column":6},"end":{"line":162,"column":22}},"67":{"start":{"line":163,"column":6},"end":{"line":163,"column":32}},"68":{"start":{"line":168,"column":22},"end":{"line":172,"column":null}},"69":{"start":{"line":175,"column":17},"end":{"line":175,"column":52}},"70":{"start":{"line":176,"column":17},"end":{"line":176,"column":51}},"71":{"start":{"line":177,"column":17},"end":{"line":177,"column":38}},"72":{"start":{"line":178,"column":17},"end":{"line":178,"column":77}},"73":{"start":{"line":179,"column":17},"end":{"line":179,"column":43}},"74":{"start":{"line":180,"column":15},"end":{"line":180,"column":27}},"75":{"start":{"line":181,"column":4},"end":{"line":181,"column":42}},"76":{"start":{"line":185,"column":45},"end":{"line":185,"column":75}},"77":{"start":{"line":187,"column":21},"end":{"line":192,"column":5}},"78":{"start":{"line":188,"column":6},"end":{"line":188,"column":27}},"79":{"start":{"line":189,"column":6},"end":{"line":191,"column":null}},"80":{"start":{"line":190,"column":8},"end":{"line":190,"column":24}},"81":{"start":{"line":194,"column":4},"end":{"line":194,"column":80}},"82":{"start":{"line":196,"column":4},"end":{"line":198,"column":6}},"83":{"start":{"line":200,"column":4},"end":{"line":202,"column":6}},"84":{"start":{"line":201,"column":62},"end":{"line":201,"column":76}},"85":{"start":{"line":204,"column":4},"end":{"line":216,"column":6}},"86":{"start":{"line":208,"column":10},"end":{"line":213,"column":12}},"87":{"start":{"line":209,"column":12},"end":{"line":211,"column":null}},"88":{"start":{"line":210,"column":14},"end":{"line":210,"column":40}},"89":{"start":{"line":212,"column":12},"end":{"line":212,"column":21}},"90":{"start":{"line":218,"column":4},"end":{"line":243,"column":6}},"91":{"start":{"line":220,"column":19},"end":{"line":220,"column":33}},"92":{"start":{"line":221,"column":19},"end":{"line":221,"column":34}},"93":{"start":{"line":222,"column":17},"end":{"line":222,"column":20}},"94":{"start":{"line":223,"column":8},"end":{"line":229,"column":null}},"95":{"start":{"line":224,"column":10},"end":{"line":224,"column":37}},"96":{"start":{"line":225,"column":10},"end":{"line":225,"column":49}},"97":{"start":{"line":226,"column":10},"end":{"line":226,"column":32}},"98":{"start":{"line":227,"column":15},"end":{"line":229,"column":null}},"99":{"start":{"line":228,"column":10},"end":{"line":228,"column":28}},"100":{"start":{"line":230,"column":22},"end":{"line":230,"column":51}},"101":{"start":{"line":231,"column":8},"end":{"line":241,"column":11}},"102":{"start":{"line":232,"column":10},"end":{"line":234,"column":null}},"103":{"start":{"line":233,"column":12},"end":{"line":233,"column":19}},"104":{"start":{"line":235,"column":10},"end":{"line":240,"column":13}},"105":{"start":{"line":236,"column":22},"end":{"line":236,"column":52}},"106":{"start":{"line":237,"column":12},"end":{"line":239,"column":null}},"107":{"start":{"line":238,"column":14},"end":{"line":238,"column":74}},"108":{"start":{"line":245,"column":4},"end":{"line":249,"column":6}},"109":{"start":{"line":247,"column":8},"end":{"line":247,"column":58}},"110":{"start":{"line":251,"column":4},"end":{"line":255,"column":6}},"111":{"start":{"line":253,"column":8},"end":{"line":253,"column":51}},"112":{"start":{"line":257,"column":4},"end":{"line":261,"column":6}},"113":{"start":{"line":259,"column":8},"end":{"line":259,"column":54}},"114":{"start":{"line":263,"column":4},"end":{"line":267,"column":6}},"115":{"start":{"line":265,"column":8},"end":{"line":265,"column":51}},"116":{"start":{"line":269,"column":4},"end":{"line":273,"column":6}},"117":{"start":{"line":271,"column":8},"end":{"line":271,"column":20}},"118":{"start":{"line":275,"column":4},"end":{"line":322,"column":6}},"119":{"start":{"line":277,"column":8},"end":{"line":277,"column":20}},"120":{"start":{"line":278,"column":8},"end":{"line":320,"column":13}},"121":{"start":{"line":288,"column":29},"end":{"line":288,"column":50}},"122":{"start":{"line":290,"column":12},"end":{"line":292,"column":null}},"123":{"start":{"line":291,"column":14},"end":{"line":291,"column":21}},"124":{"start":{"line":294,"column":12},"end":{"line":319,"column":null}},"125":{"start":{"line":295,"column":33},"end":{"line":295,"column":62}},"126":{"start":{"line":296,"column":26},"end":{"line":296,"column":59}},"127":{"start":{"line":302,"column":14},"end":{"line":304,"column":null}},"128":{"start":{"line":303,"column":16},"end":{"line":303,"column":65}},"129":{"start":{"line":306,"column":14},"end":{"line":313,"column":19}},"130":{"start":{"line":309,"column":18},"end":{"line":311,"column":20}},"131":{"start":{"line":312,"column":18},"end":{"line":312,"column":40}},"132":{"start":{"line":315,"column":14},"end":{"line":317,"column":16}},"133":{"start":{"line":318,"column":14},"end":{"line":318,"column":36}},"134":{"start":{"line":324,"column":4},"end":{"line":383,"column":6}},"135":{"start":{"line":326,"column":21},"end":{"line":326,"column":44}},"136":{"start":{"line":341,"column":12},"end":{"line":341,"column":16}},"137":{"start":{"line":343,"column":27},"end":{"line":357,"column":10}},"138":{"start":{"line":359,"column":8},"end":{"line":381,"column":13}},"139":{"start":{"line":366,"column":12},"end":{"line":368,"column":null}},"140":{"start":{"line":367,"column":14},"end":{"line":367,"column":21}},"141":{"start":{"line":370,"column":26},"end":{"line":370,"column":44}},"142":{"start":{"line":371,"column":12},"end":{"line":380,"column":null}},"143":{"start":{"line":372,"column":14},"end":{"line":372,"column":72}},"144":{"start":{"line":373,"column":14},"end":{"line":375,"column":16}},"145":{"start":{"line":377,"column":14},"end":{"line":379,"column":16}},"146":{"start":{"line":385,"column":4},"end":{"line":397,"column":6}},"147":{"start":{"line":389,"column":10},"end":{"line":394,"column":12}},"148":{"start":{"line":390,"column":12},"end":{"line":392,"column":null}},"149":{"start":{"line":391,"column":14},"end":{"line":391,"column":42}},"150":{"start":{"line":393,"column":12},"end":{"line":393,"column":21}},"151":{"start":{"line":399,"column":4},"end":{"line":412,"column":6}},"152":{"start":{"line":403,"column":10},"end":{"line":409,"column":12}},"153":{"start":{"line":404,"column":25},"end":{"line":404,"column":63}},"154":{"start":{"line":405,"column":12},"end":{"line":407,"column":null}},"155":{"start":{"line":406,"column":14},"end":{"line":406,"column":35}},"156":{"start":{"line":408,"column":12},"end":{"line":408,"column":21}},"157":{"start":{"line":414,"column":4},"end":{"line":435,"column":6}},"158":{"start":{"line":418,"column":10},"end":{"line":432,"column":13}},"159":{"start":{"line":419,"column":24},"end":{"line":419,"column":65}},"160":{"start":{"line":420,"column":12},"end":{"line":431,"column":null}},"161":{"start":{"line":421,"column":14},"end":{"line":421,"column":51}},"162":{"start":{"line":422,"column":14},"end":{"line":430,"column":null}},"163":{"start":{"line":423,"column":16},"end":{"line":426,"column":18}},"164":{"start":{"line":427,"column":16},"end":{"line":429,"column":18}},"165":{"start":{"line":437,"column":4},"end":{"line":465,"column":6}},"166":{"start":{"line":441,"column":28},"end":{"line":441,"column":51}},"167":{"start":{"line":443,"column":10},"end":{"line":462,"column":null}},"168":{"start":{"line":444,"column":23},"end":{"line":444,"column":54}},"169":{"start":{"line":445,"column":12},"end":{"line":450,"column":15}},"170":{"start":{"line":446,"column":14},"end":{"line":449,"column":16}},"171":{"start":{"line":451,"column":12},"end":{"line":457,"column":15}},"172":{"start":{"line":452,"column":14},"end":{"line":455,"column":16}},"173":{"start":{"line":456,"column":14},"end":{"line":456,"column":24}},"174":{"start":{"line":458,"column":12},"end":{"line":460,"column":15}},"175":{"start":{"line":459,"column":14},"end":{"line":459,"column":27}},"176":{"start":{"line":461,"column":12},"end":{"line":461,"column":22}},"177":{"start":{"line":467,"column":4},"end":{"line":509,"column":6}},"178":{"start":{"line":471,"column":49},"end":{"line":471,"column":78}},"179":{"start":{"line":473,"column":10},"end":{"line":475,"column":null}},"180":{"start":{"line":474,"column":12},"end":{"line":474,"column":19}},"181":{"start":{"line":477,"column":10},"end":{"line":495,"column":13}},"182":{"start":{"line":478,"column":29},"end":{"line":478,"column":50}},"183":{"start":{"line":479,"column":24},"end":{"line":479,"column":62}},"184":{"start":{"line":479,"column":50},"end":{"line":479,"column":61}},"185":{"start":{"line":480,"column":12},"end":{"line":494,"column":null}},"186":{"start":{"line":481,"column":33},"end":{"line":491,"column":16}},"187":{"start":{"line":492,"column":34},"end":{"line":492,"column":54}},"188":{"start":{"line":493,"column":14},"end":{"line":493,"column":58}},"189":{"start":{"line":496,"column":10},"end":{"line":496,"column":71}},"190":{"start":{"line":497,"column":10},"end":{"line":506,"column":15}},"191":{"start":{"line":503,"column":14},"end":{"line":505,"column":null}},"192":{"start":{"line":504,"column":16},"end":{"line":504,"column":38}},"193":{"start":{"line":511,"column":4},"end":{"line":543,"column":6}},"194":{"start":{"line":515,"column":43},"end":{"line":515,"column":72}},"195":{"start":{"line":517,"column":10},"end":{"line":519,"column":null}},"196":{"start":{"line":518,"column":12},"end":{"line":518,"column":19}},"197":{"start":{"line":521,"column":10},"end":{"line":538,"column":13}},"198":{"start":{"line":522,"column":26},"end":{"line":522,"column":44}},"199":{"start":{"line":523,"column":24},"end":{"line":523,"column":59}},"200":{"start":{"line":523,"column":47},"end":{"line":523,"column":58}},"201":{"start":{"line":524,"column":12},"end":{"line":536,"column":null}},"202":{"start":{"line":525,"column":31},"end":{"line":533,"column":16}},"203":{"start":{"line":534,"column":31},"end":{"line":534,"column":49}},"204":{"start":{"line":535,"column":14},"end":{"line":535,"column":52}},"205":{"start":{"line":537,"column":12},"end":{"line":537,"column":26}},"206":{"start":{"line":540,"column":10},"end":{"line":540,"column":26}},"207":{"start":{"line":545,"column":4},"end":{"line":586,"column":6}},"208":{"start":{"line":550,"column":12},"end":{"line":552,"column":19}},"209":{"start":{"line":554,"column":10},"end":{"line":556,"column":null}},"210":{"start":{"line":555,"column":12},"end":{"line":555,"column":19}},"211":{"start":{"line":558,"column":23},"end":{"line":558,"column":72}},"212":{"start":{"line":559,"column":10},"end":{"line":559,"column":55}},"213":{"start":{"line":560,"column":23},"end":{"line":560,"column":74}},"214":{"start":{"line":562,"column":27},"end":{"line":570,"column":12}},"215":{"start":{"line":572,"column":10},"end":{"line":580,"column":13}},"216":{"start":{"line":573,"column":26},"end":{"line":573,"column":44}},"217":{"start":{"line":574,"column":24},"end":{"line":574,"column":62}},"218":{"start":{"line":574,"column":47},"end":{"line":574,"column":61}},"219":{"start":{"line":575,"column":12},"end":{"line":578,"column":null}},"220":{"start":{"line":576,"column":31},"end":{"line":576,"column":49}},"221":{"start":{"line":577,"column":14},"end":{"line":577,"column":52}},"222":{"start":{"line":579,"column":12},"end":{"line":579,"column":26}},"223":{"start":{"line":582,"column":10},"end":{"line":582,"column":71}},"224":{"start":{"line":583,"column":10},"end":{"line":583,"column":26}},"225":{"start":{"line":588,"column":31},"end":{"line":589,"column":null}},"226":{"start":{"line":591,"column":4},"end":{"line":591,"column":56}},"227":{"start":{"line":593,"column":4},"end":{"line":593,"column":48}},"228":{"start":{"line":594,"column":4},"end":{"line":598,"column":6}},"229":{"start":{"line":600,"column":4},"end":{"line":600,"column":63}},"230":{"start":{"line":600,"column":27},"end":{"line":600,"column":61}},"231":{"start":{"line":601,"column":4},"end":{"line":601,"column":23}},"232":{"start":{"line":605,"column":4},"end":{"line":626,"column":7}},"233":{"start":{"line":606,"column":6},"end":{"line":624,"column":9}},"234":{"start":{"line":607,"column":21},"end":{"line":607,"column":36}},"235":{"start":{"line":608,"column":8},"end":{"line":623,"column":11}},"236":{"start":{"line":609,"column":10},"end":{"line":609,"column":27}},"237":{"start":{"line":610,"column":10},"end":{"line":621,"column":null}},"238":{"start":{"line":611,"column":23},"end":{"line":611,"column":29}},"239":{"start":{"line":612,"column":23},"end":{"line":612,"column":38}},"240":{"start":{"line":613,"column":12},"end":{"line":618,"column":null}},"241":{"start":{"line":614,"column":14},"end":{"line":614,"column":53}},"242":{"start":{"line":615,"column":14},"end":{"line":615,"column":36}},"243":{"start":{"line":616,"column":19},"end":{"line":618,"column":null}},"244":{"start":{"line":617,"column":14},"end":{"line":617,"column":29}},"245":{"start":{"line":619,"column":27},"end":{"line":619,"column":68}},"246":{"start":{"line":620,"column":12},"end":{"line":620,"column":30}},"247":{"start":{"line":622,"column":10},"end":{"line":622,"column":19}},"248":{"start":{"line":625,"column":6},"end":{"line":625,"column":20}},"249":{"start":{"line":630,"column":4},"end":{"line":635,"column":null}},"250":{"start":{"line":631,"column":6},"end":{"line":634,"column":9}},"251":{"start":{"line":639,"column":16},"end":{"line":640,"column":58}},"252":{"start":{"line":640,"column":19},"end":{"line":640,"column":57}},"253":{"start":{"line":641,"column":4},"end":{"line":641,"column":20}},"254":{"start":{"line":642,"column":4},"end":{"line":642,"column":15}},"255":{"start":{"line":646,"column":4},"end":{"line":646,"column":21}},"256":{"start":{"line":650,"column":4},"end":{"line":650,"column":31}},"257":{"start":{"line":654,"column":4},"end":{"line":654,"column":46}},"258":{"start":{"line":656,"column":4},"end":{"line":662,"column":6}},"259":{"start":{"line":658,"column":8},"end":{"line":660,"column":null}},"260":{"start":{"line":659,"column":10},"end":{"line":659,"column":64}},"261":{"start":{"line":663,"column":4},"end":{"line":667,"column":6}},"262":{"start":{"line":665,"column":8},"end":{"line":665,"column":56}},"263":{"start":{"line":668,"column":4},"end":{"line":672,"column":6}},"264":{"start":{"line":670,"column":8},"end":{"line":670,"column":35}},"265":{"start":{"line":673,"column":4},"end":{"line":677,"column":6}},"266":{"start":{"line":675,"column":8},"end":{"line":675,"column":50}},"267":{"start":{"line":681,"column":4},"end":{"line":686,"column":null}},"268":{"start":{"line":682,"column":6},"end":{"line":685,"column":8}},"269":{"start":{"line":693,"column":45},"end":{"line":693,"column":47}},"270":{"start":{"line":694,"column":22},"end":{"line":694,"column":45}},"271":{"start":{"line":695,"column":20},"end":{"line":695,"column":49}},"272":{"start":{"line":697,"column":4},"end":{"line":717,"column":null}},"273":{"start":{"line":697,"column":25},"end":{"line":697,"column":26}},"274":{"start":{"line":698,"column":25},"end":{"line":698,"column":46}},"275":{"start":{"line":699,"column":6},"end":{"line":716,"column":null}},"276":{"start":{"line":700,"column":8},"end":{"line":714,"column":null}},"277":{"start":{"line":701,"column":24},"end":{"line":710,"column":12}},"278":{"start":{"line":702,"column":12},"end":{"line":709,"column":null}},"279":{"start":{"line":706,"column":27},"end":{"line":706,"column":50}},"280":{"start":{"line":707,"column":25},"end":{"line":707,"column":60}},"281":{"start":{"line":708,"column":14},"end":{"line":708,"column":38}},"282":{"start":{"line":711,"column":10},"end":{"line":713,"column":null}},"283":{"start":{"line":712,"column":12},"end":{"line":712,"column":21}},"284":{"start":{"line":715,"column":8},"end":{"line":715,"column":76}},"285":{"start":{"line":719,"column":4},"end":{"line":719,"column":49}},"286":{"start":{"line":727,"column":18},"end":{"line":727,"column":45}},"287":{"start":{"line":728,"column":16},"end":{"line":728,"column":42}},"288":{"start":{"line":729,"column":18},"end":{"line":729,"column":46}},"289":{"start":{"line":730,"column":18},"end":{"line":734,"column":null}},"290":{"start":{"line":737,"column":23},"end":{"line":740,"column":null}},"291":{"start":{"line":742,"column":4},"end":{"line":742,"column":32}},"292":{"start":{"line":743,"column":4},"end":{"line":743,"column":43}},"293":{"start":{"line":744,"column":4},"end":{"line":744,"column":22}},"294":{"start":{"line":748,"column":4},"end":{"line":760,"column":6}},"295":{"start":{"line":750,"column":23},"end":{"line":750,"column":41}},"296":{"start":{"line":752,"column":8},"end":{"line":754,"column":null}},"297":{"start":{"line":753,"column":10},"end":{"line":753,"column":23}},"298":{"start":{"line":755,"column":8},"end":{"line":755,"column":70}},"299":{"start":{"line":755,"column":46},"end":{"line":755,"column":55}},"300":{"start":{"line":758,"column":8},"end":{"line":758,"column":19}},"301":{"start":{"line":764,"column":20},"end":{"line":764,"column":49}},"302":{"start":{"line":765,"column":4},"end":{"line":765,"column":31}},"303":{"start":{"line":766,"column":4},"end":{"line":766,"column":33}},"304":{"start":{"line":767,"column":31},"end":{"line":767,"column":71}},"305":{"start":{"line":768,"column":19},"end":{"line":768,"column":48}},"306":{"start":{"line":769,"column":4},"end":{"line":769,"column":30}},"307":{"start":{"line":771,"column":22},"end":{"line":771,"column":37}},"308":{"start":{"line":772,"column":20},"end":{"line":772,"column":36}},"309":{"start":{"line":773,"column":22},"end":{"line":773,"column":60}},"310":{"start":{"line":775,"column":4},"end":{"line":788,"column":9}},"311":{"start":{"line":778,"column":18},"end":{"line":778,"column":45}},"312":{"start":{"line":780,"column":25},"end":{"line":780,"column":44}},"313":{"start":{"line":785,"column":8},"end":{"line":787,"column":11}},"314":{"start":{"line":786,"column":10},"end":{"line":786,"column":31}},"315":{"start":{"line":790,"column":17},"end":{"line":793,"column":20}},"316":{"start":{"line":795,"column":17},"end":{"line":795,"column":42}},"317":{"start":{"line":796,"column":4},"end":{"line":806,"column":6}},"318":{"start":{"line":798,"column":20},"end":{"line":798,"column":54}},"319":{"start":{"line":799,"column":24},"end":{"line":803,"column":10}},"320":{"start":{"line":804,"column":8},"end":{"line":804,"column":38}},"321":{"start":{"line":810,"column":4},"end":{"line":833,"column":9}},"322":{"start":{"line":812,"column":24},"end":{"line":812,"column":46}},"323":{"start":{"line":814,"column":10},"end":{"line":814,"column":33}},"324":{"start":{"line":817,"column":10},"end":{"line":822,"column":12}},"325":{"start":{"line":819,"column":27},"end":{"line":819,"column":39}},"326":{"start":{"line":820,"column":14},"end":{"line":820,"column":75}},"327":{"start":{"line":820,"column":48},"end":{"line":820,"column":73}},"328":{"start":{"line":824,"column":26},"end":{"line":824,"column":29}},"329":{"start":{"line":826,"column":10},"end":{"line":828,"column":null}},"330":{"start":{"line":827,"column":12},"end":{"line":827,"column":23}},"331":{"start":{"line":832,"column":8},"end":{"line":832,"column":36}},"332":{"start":{"line":837,"column":4},"end":{"line":866,"column":9}},"333":{"start":{"line":840,"column":10},"end":{"line":840,"column":69}},"334":{"start":{"line":843,"column":10},"end":{"line":845,"column":null}},"335":{"start":{"line":844,"column":12},"end":{"line":844,"column":42}},"336":{"start":{"line":847,"column":10},"end":{"line":847,"column":26}},"337":{"start":{"line":851,"column":8},"end":{"line":865,"column":null}},"338":{"start":{"line":856,"column":10},"end":{"line":860,"column":12}},"339":{"start":{"line":861,"column":15},"end":{"line":865,"column":null}},"340":{"start":{"line":862,"column":10},"end":{"line":862,"column":80}},"341":{"start":{"line":864,"column":10},"end":{"line":864,"column":78}},"342":{"start":{"line":870,"column":4},"end":{"line":884,"column":9}},"343":{"start":{"line":873,"column":10},"end":{"line":875,"column":null}},"344":{"start":{"line":874,"column":12},"end":{"line":874,"column":30}},"345":{"start":{"line":879,"column":8},"end":{"line":883,"column":null}},"346":{"start":{"line":882,"column":12},"end":{"line":882,"column":58}},"347":{"start":{"line":47,"column":0},"end":{"line":47,"column":13}},"348":{"start":{"line":898,"column":4},"end":{"line":902,"column":9}},"349":{"start":{"line":899,"column":30},"end":{"line":899,"column":59}},"350":{"start":{"line":901,"column":8},"end":{"line":901,"column":56}},"351":{"start":{"line":908,"column":19},"end":{"line":910,"column":null}},"352":{"start":{"line":912,"column":4},"end":{"line":916,"column":6}},"353":{"start":{"line":917,"column":4},"end":{"line":917,"column":38}},"354":{"start":{"line":918,"column":4},"end":{"line":918,"column":30}},"355":{"start":{"line":919,"column":4},"end":{"line":919,"column":18}},"356":{"start":{"line":889,"column":25},"end":{"line":891,"column":4}},"357":{"start":{"line":924,"column":14},"end":{"line":924,"column":30}},"358":{"start":{"line":925,"column":2},"end":{"line":925,"column":52}}},"fnMap":{"0":{"name":"(anonymous_1)","decl":{"start":{"line":63,"column":2},"end":{"line":63,"column":null}},"loc":{"start":{"line":65,"column":45},"end":{"line":125,"column":3}}},"1":{"name":"(anonymous_2)","decl":{"start":{"line":70,"column":65},"end":{"line":70,"column":66}},"loc":{"start":{"line":70,"column":73},"end":{"line":70,"column":102}}},"2":{"name":"(anonymous_3)","decl":{"start":{"line":77,"column":23},"end":{"line":77,"column":24}},"loc":{"start":{"line":77,"column":43},"end":{"line":91,"column":5}}},"3":{"name":"(anonymous_4)","decl":{"start":{"line":99,"column":46},"end":{"line":99,"column":49}},"loc":{"start":{"line":99,"column":51},"end":{"line":108,"column":5}}},"4":{"name":"(anonymous_5)","decl":{"start":{"line":118,"column":6},"end":{"line":118,"column":9}},"loc":{"start":{"line":118,"column":12},"end":{"line":118,"column":35}}},"5":{"name":"(anonymous_6)","decl":{"start":{"line":119,"column":11},"end":{"line":119,"column":14}},"loc":{"start":{"line":120,"column":6},"end":{"line":120,"column":83}}},"6":{"name":"(anonymous_7)","decl":{"start":{"line":122,"column":6},"end":{"line":122,"column":9}},"loc":{"start":{"line":122,"column":12},"end":{"line":122,"column":74}}},"7":{"name":"(anonymous_8)","decl":{"start":{"line":123,"column":6},"end":{"line":123,"column":7}},"loc":{"start":{"line":123,"column":15},"end":{"line":123,"column":66}}},"8":{"name":"(anonymous_9)","decl":{"start":{"line":130,"column":10},"end":{"line":130,"column":30}},"loc":{"start":{"line":130,"column":61},"end":{"line":144,"column":3}}},"9":{"name":"(anonymous_10)","decl":{"start":{"line":146,"column":10},"end":{"line":146,"column":15}},"loc":{"start":{"line":146,"column":69},"end":{"line":149,"column":3}}},"10":{"name":"(anonymous_11)","decl":{"start":{"line":151,"column":10},"end":{"line":151,"column":14}},"loc":{"start":{"line":151,"column":14},"end":{"line":165,"column":3}}},"11":{"name":"(anonymous_12)","decl":{"start":{"line":154,"column":29},"end":{"line":154,"column":30}},"loc":{"start":{"line":154,"column":35},"end":{"line":156,"column":7}}},"12":{"name":"(anonymous_13)","decl":{"start":{"line":160,"column":14},"end":{"line":160,"column":17}},"loc":{"start":{"line":160,"column":19},"end":{"line":164,"column":5}}},"13":{"name":"(anonymous_14)","decl":{"start":{"line":167,"column":10},"end":{"line":167,"column":26}},"loc":{"start":{"line":167,"column":52},"end":{"line":182,"column":3}}},"14":{"name":"(anonymous_15)","decl":{"start":{"line":184,"column":10},"end":{"line":184,"column":23}},"loc":{"start":{"line":184,"column":23},"end":{"line":602,"column":3}}},"15":{"name":"(anonymous_16)","decl":{"start":{"line":187,"column":21},"end":{"line":187,"column":26}},"loc":{"start":{"line":187,"column":57},"end":{"line":192,"column":5}}},"16":{"name":"(anonymous_17)","decl":{"start":{"line":201,"column":56},"end":{"line":201,"column":59}},"loc":{"start":{"line":201,"column":62},"end":{"line":201,"column":76}}},"17":{"name":"(anonymous_18)","decl":{"start":{"line":207,"column":33},"end":{"line":207,"column":34}},"loc":{"start":{"line":207,"column":47},"end":{"line":214,"column":9}}},"18":{"name":"(anonymous_19)","decl":{"start":{"line":208,"column":17},"end":{"line":208,"column":18}},"loc":{"start":{"line":208,"column":28},"end":{"line":213,"column":11}}},"19":{"name":"(anonymous_20)","decl":{"start":{"line":219,"column":54},"end":{"line":219,"column":55}},"loc":{"start":{"line":219,"column":68},"end":{"line":242,"column":7}}},"20":{"name":"(anonymous_21)","decl":{"start":{"line":231,"column":54},"end":{"line":231,"column":55}},"loc":{"start":{"line":231,"column":62},"end":{"line":241,"column":9}}},"21":{"name":"(anonymous_22)","decl":{"start":{"line":235,"column":51},"end":{"line":235,"column":52}},"loc":{"start":{"line":235,"column":62},"end":{"line":240,"column":11}}},"22":{"name":"(anonymous_23)","decl":{"start":{"line":246,"column":54},"end":{"line":246,"column":55}},"loc":{"start":{"line":246,"column":76},"end":{"line":248,"column":7}}},"23":{"name":"(anonymous_24)","decl":{"start":{"line":252,"column":62},"end":{"line":252,"column":65}},"loc":{"start":{"line":252,"column":67},"end":{"line":254,"column":7}}},"24":{"name":"(anonymous_25)","decl":{"start":{"line":258,"column":65},"end":{"line":258,"column":68}},"loc":{"start":{"line":258,"column":70},"end":{"line":260,"column":7}}},"25":{"name":"(anonymous_26)","decl":{"start":{"line":264,"column":62},"end":{"line":264,"column":65}},"loc":{"start":{"line":264,"column":67},"end":{"line":266,"column":7}}},"26":{"name":"(anonymous_27)","decl":{"start":{"line":270,"column":55},"end":{"line":270,"column":58}},"loc":{"start":{"line":270,"column":60},"end":{"line":272,"column":7}}},"27":{"name":"(anonymous_28)","decl":{"start":{"line":276,"column":60},"end":{"line":276,"column":63}},"loc":{"start":{"line":276,"column":65},"end":{"line":321,"column":7}}},"28":{"name":"(anonymous_29)","decl":{"start":{"line":287,"column":16},"end":{"line":287,"column":17}},"loc":{"start":{"line":287,"column":31},"end":{"line":320,"column":11}}},"29":{"name":"(anonymous_30)","decl":{"start":{"line":308,"column":22},"end":{"line":308,"column":25}},"loc":{"start":{"line":308,"column":27},"end":{"line":313,"column":17}}},"30":{"name":"(anonymous_31)","decl":{"start":{"line":325,"column":60},"end":{"line":325,"column":63}},"loc":{"start":{"line":325,"column":65},"end":{"line":382,"column":7}}},"31":{"name":"(anonymous_32)","decl":{"start":{"line":365,"column":16},"end":{"line":365,"column":17}},"loc":{"start":{"line":365,"column":31},"end":{"line":381,"column":11}}},"32":{"name":"(anonymous_33)","decl":{"start":{"line":388,"column":33},"end":{"line":388,"column":34}},"loc":{"start":{"line":388,"column":47},"end":{"line":395,"column":9}}},"33":{"name":"(anonymous_34)","decl":{"start":{"line":389,"column":17},"end":{"line":389,"column":18}},"loc":{"start":{"line":389,"column":28},"end":{"line":394,"column":11}}},"34":{"name":"(anonymous_35)","decl":{"start":{"line":402,"column":33},"end":{"line":402,"column":34}},"loc":{"start":{"line":402,"column":47},"end":{"line":410,"column":9}}},"35":{"name":"(anonymous_36)","decl":{"start":{"line":403,"column":17},"end":{"line":403,"column":18}},"loc":{"start":{"line":403,"column":28},"end":{"line":409,"column":11}}},"36":{"name":"(anonymous_37)","decl":{"start":{"line":417,"column":8},"end":{"line":417,"column":9}},"loc":{"start":{"line":417,"column":26},"end":{"line":433,"column":9}}},"37":{"name":"(anonymous_38)","decl":{"start":{"line":418,"column":47},"end":{"line":418,"column":48}},"loc":{"start":{"line":418,"column":58},"end":{"line":432,"column":11}}},"38":{"name":"(anonymous_39)","decl":{"start":{"line":440,"column":8},"end":{"line":440,"column":9}},"loc":{"start":{"line":440,"column":38},"end":{"line":463,"column":9}}},"39":{"name":"(anonymous_40)","decl":{"start":{"line":445,"column":46},"end":{"line":445,"column":47}},"loc":{"start":{"line":445,"column":67},"end":{"line":450,"column":13}}},"40":{"name":"(anonymous_41)","decl":{"start":{"line":451,"column":36},"end":{"line":451,"column":37}},"loc":{"start":{"line":451,"column":55},"end":{"line":457,"column":13}}},"41":{"name":"(anonymous_42)","decl":{"start":{"line":458,"column":25},"end":{"line":458,"column":28}},"loc":{"start":{"line":458,"column":30},"end":{"line":460,"column":13}}},"42":{"name":"(anonymous_43)","decl":{"start":{"line":470,"column":8},"end":{"line":470,"column":9}},"loc":{"start":{"line":470,"column":38},"end":{"line":507,"column":9}}},"43":{"name":"(anonymous_44)","decl":{"start":{"line":477,"column":29},"end":{"line":477,"column":30}},"loc":{"start":{"line":477,"column":45},"end":{"line":495,"column":11}}},"44":{"name":"(anonymous_45)","decl":{"start":{"line":479,"column":38},"end":{"line":479,"column":39}},"loc":{"start":{"line":479,"column":50},"end":{"line":479,"column":61}}},"45":{"name":"(anonymous_46)","decl":{"start":{"line":502,"column":18},"end":{"line":502,"column":19}},"loc":{"start":{"line":502,"column":27},"end":{"line":506,"column":13}}},"46":{"name":"(anonymous_47)","decl":{"start":{"line":514,"column":8},"end":{"line":514,"column":9}},"loc":{"start":{"line":514,"column":38},"end":{"line":541,"column":9}}},"47":{"name":"(anonymous_48)","decl":{"start":{"line":521,"column":29},"end":{"line":521,"column":30}},"loc":{"start":{"line":521,"column":45},"end":{"line":538,"column":11}}},"48":{"name":"(anonymous_49)","decl":{"start":{"line":523,"column":35},"end":{"line":523,"column":36}},"loc":{"start":{"line":523,"column":47},"end":{"line":523,"column":58}}},"49":{"name":"(anonymous_50)","decl":{"start":{"line":548,"column":8},"end":{"line":548,"column":9}},"loc":{"start":{"line":548,"column":42},"end":{"line":584,"column":9}}},"50":{"name":"(anonymous_51)","decl":{"start":{"line":572,"column":29},"end":{"line":572,"column":30}},"loc":{"start":{"line":572,"column":45},"end":{"line":580,"column":11}}},"51":{"name":"(anonymous_52)","decl":{"start":{"line":574,"column":35},"end":{"line":574,"column":36}},"loc":{"start":{"line":574,"column":47},"end":{"line":574,"column":61}}},"52":{"name":"(anonymous_53)","decl":{"start":{"line":600,"column":20},"end":{"line":600,"column":21}},"loc":{"start":{"line":600,"column":27},"end":{"line":600,"column":61}}},"53":{"name":"(anonymous_54)","decl":{"start":{"line":604,"column":10},"end":{"line":604,"column":30}},"loc":{"start":{"line":604,"column":30},"end":{"line":627,"column":3}}},"54":{"name":"(anonymous_55)","decl":{"start":{"line":605,"column":30},"end":{"line":605,"column":31}},"loc":{"start":{"line":605,"column":46},"end":{"line":626,"column":5}}},"55":{"name":"(anonymous_56)","decl":{"start":{"line":606,"column":32},"end":{"line":606,"column":33}},"loc":{"start":{"line":606,"column":38},"end":{"line":624,"column":7}}},"56":{"name":"(anonymous_57)","decl":{"start":{"line":608,"column":17},"end":{"line":608,"column":18}},"loc":{"start":{"line":608,"column":28},"end":{"line":623,"column":9}}},"57":{"name":"(anonymous_58)","decl":{"start":{"line":629,"column":9},"end":{"line":629,"column":17}},"loc":{"start":{"line":629,"column":17},"end":{"line":636,"column":3}}},"58":{"name":"(anonymous_59)","decl":{"start":{"line":638,"column":9},"end":{"line":638,"column":16}},"loc":{"start":{"line":638,"column":16},"end":{"line":643,"column":3}}},"59":{"name":"(anonymous_60)","decl":{"start":{"line":640,"column":6},"end":{"line":640,"column":7}},"loc":{"start":{"line":640,"column":19},"end":{"line":640,"column":57}}},"60":{"name":"(anonymous_61)","decl":{"start":{"line":645,"column":9},"end":{"line":645,"column":17}},"loc":{"start":{"line":645,"column":17},"end":{"line":647,"column":3}}},"61":{"name":"(anonymous_62)","decl":{"start":{"line":649,"column":9},"end":{"line":649,"column":18}},"loc":{"start":{"line":649,"column":18},"end":{"line":651,"column":3}}},"62":{"name":"(anonymous_63)","decl":{"start":{"line":653,"column":9},"end":{"line":653,"column":27}},"loc":{"start":{"line":653,"column":68},"end":{"line":678,"column":3}}},"63":{"name":"(anonymous_64)","decl":{"start":{"line":657,"column":48},"end":{"line":657,"column":49}},"loc":{"start":{"line":657,"column":59},"end":{"line":661,"column":7}}},"64":{"name":"(anonymous_65)","decl":{"start":{"line":664,"column":47},"end":{"line":664,"column":48}},"loc":{"start":{"line":665,"column":8},"end":{"line":665,"column":56}}},"65":{"name":"(anonymous_66)","decl":{"start":{"line":669,"column":46},"end":{"line":669,"column":47}},"loc":{"start":{"line":670,"column":8},"end":{"line":670,"column":35}}},"66":{"name":"(anonymous_67)","decl":{"start":{"line":674,"column":68},"end":{"line":674,"column":71}},"loc":{"start":{"line":674,"column":73},"end":{"line":676,"column":7}}},"67":{"name":"(anonymous_68)","decl":{"start":{"line":680,"column":10},"end":{"line":680,"column":33}},"loc":{"start":{"line":680,"column":74},"end":{"line":687,"column":3}}},"68":{"name":"(anonymous_69)","decl":{"start":{"line":689,"column":10},"end":{"line":689,"column":28}},"loc":{"start":{"line":691,"column":51},"end":{"line":720,"column":3}}},"69":{"name":"(anonymous_70)","decl":{"start":{"line":701,"column":45},"end":{"line":701,"column":46}},"loc":{"start":{"line":701,"column":62},"end":{"line":710,"column":11}}},"70":{"name":"(anonymous_71)","decl":{"start":{"line":722,"column":10},"end":{"line":722,"column":26}},"loc":{"start":{"line":725,"column":21},"end":{"line":745,"column":3}}},"71":{"name":"(anonymous_72)","decl":{"start":{"line":747,"column":10},"end":{"line":747,"column":16}},"loc":{"start":{"line":747,"column":56},"end":{"line":761,"column":3}}},"72":{"name":"(anonymous_73)","decl":{"start":{"line":750,"column":13},"end":{"line":750,"column":14}},"loc":{"start":{"line":750,"column":23},"end":{"line":750,"column":41}}},"73":{"name":"(anonymous_74)","decl":{"start":{"line":751,"column":13},"end":{"line":751,"column":14}},"loc":{"start":{"line":751,"column":21},"end":{"line":756,"column":7}}},"74":{"name":"(anonymous_75)","decl":{"start":{"line":755,"column":39},"end":{"line":755,"column":40}},"loc":{"start":{"line":755,"column":46},"end":{"line":755,"column":55}}},"75":{"name":"(anonymous_76)","decl":{"start":{"line":757,"column":10},"end":{"line":757,"column":11}},"loc":{"start":{"line":757,"column":18},"end":{"line":759,"column":7}}},"76":{"name":"(anonymous_77)","decl":{"start":{"line":763,"column":12},"end":{"line":763,"column":24}},"loc":{"start":{"line":763,"column":24},"end":{"line":807,"column":3}}},"77":{"name":"(anonymous_78)","decl":{"start":{"line":778,"column":12},"end":{"line":778,"column":15}},"loc":{"start":{"line":778,"column":18},"end":{"line":778,"column":45}}},"78":{"name":"(anonymous_79)","decl":{"start":{"line":780,"column":15},"end":{"line":780,"column":16}},"loc":{"start":{"line":780,"column":25},"end":{"line":780,"column":44}}},"79":{"name":"(anonymous_80)","decl":{"start":{"line":784,"column":17},"end":{"line":784,"column":20}},"loc":{"start":{"line":784,"column":22},"end":{"line":788,"column":7}}},"80":{"name":"(anonymous_81)","decl":{"start":{"line":785,"column":27},"end":{"line":785,"column":28}},"loc":{"start":{"line":785,"column":43},"end":{"line":787,"column":9}}},"81":{"name":"(anonymous_82)","decl":{"start":{"line":797,"column":6},"end":{"line":797,"column":7}},"loc":{"start":{"line":797,"column":36},"end":{"line":805,"column":7}}},"82":{"name":"(anonymous_83)","decl":{"start":{"line":809,"column":10},"end":{"line":809,"column":22}},"loc":{"start":{"line":809,"column":46},"end":{"line":834,"column":3}}},"83":{"name":"(anonymous_84)","decl":{"start":{"line":812,"column":15},"end":{"line":812,"column":16}},"loc":{"start":{"line":812,"column":24},"end":{"line":812,"column":46}}},"84":{"name":"(anonymous_85)","decl":{"start":{"line":813,"column":12},"end":{"line":813,"column":13}},"loc":{"start":{"line":813,"column":20},"end":{"line":815,"column":9}}},"85":{"name":"(anonymous_86)","decl":{"start":{"line":816,"column":12},"end":{"line":816,"column":13}},"loc":{"start":{"line":816,"column":20},"end":{"line":823,"column":9}}},"86":{"name":"(anonymous_87)","decl":{"start":{"line":818,"column":38},"end":{"line":818,"column":39}},"loc":{"start":{"line":818,"column":44},"end":{"line":821,"column":13}}},"87":{"name":"(anonymous_88)","decl":{"start":{"line":820,"column":33},"end":{"line":820,"column":34}},"loc":{"start":{"line":820,"column":48},"end":{"line":820,"column":73}}},"88":{"name":"(anonymous_89)","decl":{"start":{"line":824,"column":17},"end":{"line":824,"column":18}},"loc":{"start":{"line":824,"column":26},"end":{"line":824,"column":29}}},"89":{"name":"(anonymous_90)","decl":{"start":{"line":825,"column":15},"end":{"line":825,"column":16}},"loc":{"start":{"line":825,"column":23},"end":{"line":829,"column":9}}},"90":{"name":"(anonymous_91)","decl":{"start":{"line":831,"column":17},"end":{"line":831,"column":20}},"loc":{"start":{"line":831,"column":22},"end":{"line":833,"column":7}}},"91":{"name":"(anonymous_92)","decl":{"start":{"line":836,"column":10},"end":{"line":836,"column":24}},"loc":{"start":{"line":836,"column":48},"end":{"line":867,"column":3}}},"92":{"name":"(anonymous_93)","decl":{"start":{"line":839,"column":15},"end":{"line":839,"column":16}},"loc":{"start":{"line":839,"column":23},"end":{"line":841,"column":9}}},"93":{"name":"(anonymous_94)","decl":{"start":{"line":842,"column":17},"end":{"line":842,"column":18}},"loc":{"start":{"line":842,"column":25},"end":{"line":848,"column":9}}},"94":{"name":"(anonymous_95)","decl":{"start":{"line":850,"column":17},"end":{"line":850,"column":18}},"loc":{"start":{"line":850,"column":25},"end":{"line":866,"column":7}}},"95":{"name":"(anonymous_96)","decl":{"start":{"line":869,"column":10},"end":{"line":869,"column":22}},"loc":{"start":{"line":869,"column":46},"end":{"line":885,"column":3}}},"96":{"name":"(anonymous_97)","decl":{"start":{"line":872,"column":12},"end":{"line":872,"column":13}},"loc":{"start":{"line":872,"column":20},"end":{"line":876,"column":9}}},"97":{"name":"(anonymous_98)","decl":{"start":{"line":878,"column":17},"end":{"line":878,"column":18}},"loc":{"start":{"line":878,"column":32},"end":{"line":884,"column":7}}},"98":{"name":"(anonymous_99)","decl":{"start":{"line":893,"column":2},"end":{"line":893,"column":20}},"loc":{"start":{"line":896,"column":37},"end":{"line":903,"column":3}}},"99":{"name":"(anonymous_100)","decl":{"start":{"line":899,"column":14},"end":{"line":899,"column":15}},"loc":{"start":{"line":899,"column":30},"end":{"line":899,"column":59}}},"100":{"name":"(anonymous_101)","decl":{"start":{"line":900,"column":11},"end":{"line":900,"column":12}},"loc":{"start":{"line":900,"column":26},"end":{"line":902,"column":7}}},"101":{"name":"(anonymous_102)","decl":{"start":{"line":905,"column":10},"end":{"line":905,"column":33}},"loc":{"start":{"line":906,"column":33},"end":{"line":920,"column":3}}},"102":{"name":"generateId","decl":{"start":{"line":923,"column":9},"end":{"line":923,"column":19}},"loc":{"start":{"line":923,"column":19},"end":{"line":926,"column":1}}}},"branchMap":{"0":{"loc":{"start":{"line":78,"column":6},"end":{"line":80,"column":null}},"type":"if","locations":[{"start":{"line":78,"column":6},"end":{"line":80,"column":null}}]},"1":{"loc":{"start":{"line":82,"column":6},"end":{"line":84,"column":null}},"type":"if","locations":[{"start":{"line":82,"column":6},"end":{"line":84,"column":null}}]},"2":{"loc":{"start":{"line":86,"column":6},"end":{"line":88,"column":null}},"type":"if","locations":[{"start":{"line":86,"column":6},"end":{"line":88,"column":null}}]},"3":{"loc":{"start":{"line":100,"column":6},"end":{"line":102,"column":null}},"type":"if","locations":[{"start":{"line":100,"column":6},"end":{"line":102,"column":null}}]},"4":{"loc":{"start":{"line":132,"column":28},"end":{"line":132,"column":56}},"type":"binary-expr","locations":[{"start":{"line":132,"column":28},"end":{"line":132,"column":32}},{"start":{"line":132,"column":36},"end":{"line":132,"column":56}}]},"5":{"loc":{"start":{"line":133,"column":26},"end":{"line":133,"column":54}},"type":"binary-expr","locations":[{"start":{"line":133,"column":26},"end":{"line":133,"column":30}},{"start":{"line":133,"column":34},"end":{"line":133,"column":54}}]},"6":{"loc":{"start":{"line":135,"column":4},"end":{"line":137,"column":null}},"type":"if","locations":[{"start":{"line":135,"column":4},"end":{"line":137,"column":null}}]},"7":{"loc":{"start":{"line":139,"column":4},"end":{"line":141,"column":null}},"type":"if","locations":[{"start":{"line":139,"column":4},"end":{"line":141,"column":null}}]},"8":{"loc":{"start":{"line":139,"column":8},"end":{"line":139,"column":68}},"type":"binary-expr","locations":[{"start":{"line":139,"column":8},"end":{"line":139,"column":21}},{"start":{"line":139,"column":25},"end":{"line":139,"column":28}},{"start":{"line":139,"column":32},"end":{"line":139,"column":68}}]},"9":{"loc":{"start":{"line":187,"column":28},"end":{"line":187,"column":53}},"type":"default-arg","locations":[{"start":{"line":187,"column":48},"end":{"line":187,"column":53}}]},"10":{"loc":{"start":{"line":189,"column":6},"end":{"line":191,"column":null}},"type":"if","locations":[{"start":{"line":189,"column":6},"end":{"line":191,"column":null}}]},"11":{"loc":{"start":{"line":209,"column":12},"end":{"line":211,"column":null}},"type":"if","locations":[{"start":{"line":209,"column":12},"end":{"line":211,"column":null}}]},"12":{"loc":{"start":{"line":223,"column":8},"end":{"line":229,"column":null}},"type":"if","locations":[{"start":{"line":223,"column":8},"end":{"line":229,"column":null}},{"start":{"line":227,"column":15},"end":{"line":229,"column":null}}]},"13":{"loc":{"start":{"line":227,"column":15},"end":{"line":229,"column":null}},"type":"if","locations":[{"start":{"line":227,"column":15},"end":{"line":229,"column":null}}]},"14":{"loc":{"start":{"line":232,"column":10},"end":{"line":234,"column":null}},"type":"if","locations":[{"start":{"line":232,"column":10},"end":{"line":234,"column":null}}]},"15":{"loc":{"start":{"line":237,"column":12},"end":{"line":239,"column":null}},"type":"if","locations":[{"start":{"line":237,"column":12},"end":{"line":239,"column":null}}]},"16":{"loc":{"start":{"line":237,"column":16},"end":{"line":237,"column":27}},"type":"binary-expr","locations":[{"start":{"line":237,"column":16},"end":{"line":237,"column":22}},{"start":{"line":237,"column":26},"end":{"line":237,"column":27}}]},"17":{"loc":{"start":{"line":288,"column":30},"end":{"line":288,"column":46}},"type":"binary-expr","locations":[{"start":{"line":288,"column":30},"end":{"line":288,"column":40}},{"start":{"line":288,"column":44},"end":{"line":288,"column":46}}]},"18":{"loc":{"start":{"line":290,"column":12},"end":{"line":292,"column":null}},"type":"if","locations":[{"start":{"line":290,"column":12},"end":{"line":292,"column":null}}]},"19":{"loc":{"start":{"line":302,"column":14},"end":{"line":304,"column":null}},"type":"if","locations":[{"start":{"line":302,"column":14},"end":{"line":304,"column":null}}]},"20":{"loc":{"start":{"line":366,"column":12},"end":{"line":368,"column":null}},"type":"if","locations":[{"start":{"line":366,"column":12},"end":{"line":368,"column":null}}]},"21":{"loc":{"start":{"line":370,"column":26},"end":{"line":370,"column":44}},"type":"cond-expr","locations":[{"start":{"line":370,"column":36},"end":{"line":370,"column":38}},{"start":{"line":370,"column":26},"end":{"line":370,"column":44}}]},"22":{"loc":{"start":{"line":370,"column":26},"end":{"line":370,"column":38}},"type":"binary-expr","locations":[{"start":{"line":370,"column":26},"end":{"line":370,"column":38}},{"start":{"line":370,"column":26},"end":{"line":370,"column":38}}]},"23":{"loc":{"start":{"line":390,"column":12},"end":{"line":392,"column":null}},"type":"if","locations":[{"start":{"line":390,"column":12},"end":{"line":392,"column":null}}]},"24":{"loc":{"start":{"line":404,"column":25},"end":{"line":404,"column":63}},"type":"cond-expr","locations":[{"start":{"line":404,"column":59},"end":{"line":404,"column":61}},{"start":{"line":404,"column":59},"end":{"line":404,"column":63}}]},"25":{"loc":{"start":{"line":404,"column":25},"end":{"line":404,"column":61}},"type":"binary-expr","locations":[{"start":{"line":404,"column":25},"end":{"line":404,"column":61}},{"start":{"line":404,"column":59},"end":{"line":404,"column":61}}]},"26":{"loc":{"start":{"line":405,"column":12},"end":{"line":407,"column":null}},"type":"if","locations":[{"start":{"line":405,"column":12},"end":{"line":407,"column":null}}]},"27":{"loc":{"start":{"line":405,"column":16},"end":{"line":405,"column":54}},"type":"binary-expr","locations":[{"start":{"line":405,"column":16},"end":{"line":405,"column":34}},{"start":{"line":405,"column":38},"end":{"line":405,"column":54}}]},"28":{"loc":{"start":{"line":418,"column":10},"end":{"line":432,"column":12}},"type":"cond-expr","locations":[{"start":{"line":418,"column":40},"end":{"line":418,"column":42}},{"start":{"line":418,"column":40},"end":{"line":432,"column":12}}]},"29":{"loc":{"start":{"line":418,"column":10},"end":{"line":418,"column":42}},"type":"binary-expr","locations":[{"start":{"line":418,"column":10},"end":{"line":418,"column":42}},{"start":{"line":418,"column":40},"end":{"line":418,"column":42}}]},"30":{"loc":{"start":{"line":419,"column":24},"end":{"line":419,"column":65}},"type":"cond-expr","locations":[{"start":{"line":419,"column":54},"end":{"line":419,"column":56}},{"start":{"line":419,"column":54},"end":{"line":419,"column":65}}]},"31":{"loc":{"start":{"line":419,"column":24},"end":{"line":419,"column":56}},"type":"binary-expr","locations":[{"start":{"line":419,"column":24},"end":{"line":419,"column":56}},{"start":{"line":419,"column":54},"end":{"line":419,"column":56}}]},"32":{"loc":{"start":{"line":420,"column":12},"end":{"line":431,"column":null}},"type":"if","locations":[{"start":{"line":420,"column":12},"end":{"line":431,"column":null}}]},"33":{"loc":{"start":{"line":422,"column":14},"end":{"line":430,"column":null}},"type":"if","locations":[{"start":{"line":422,"column":14},"end":{"line":430,"column":null}}]},"34":{"loc":{"start":{"line":423,"column":16},"end":{"line":425,"column":null}},"type":"cond-expr","locations":[{"start":{"line":423,"column":46},"end":{"line":423,"column":48}},{"start":{"line":423,"column":46},"end":{"line":425,"column":null}}]},"35":{"loc":{"start":{"line":423,"column":16},"end":{"line":423,"column":48}},"type":"binary-expr","locations":[{"start":{"line":423,"column":16},"end":{"line":423,"column":48}},{"start":{"line":423,"column":46},"end":{"line":423,"column":48}}]},"36":{"loc":{"start":{"line":443,"column":10},"end":{"line":462,"column":null}},"type":"if","locations":[{"start":{"line":443,"column":10},"end":{"line":462,"column":null}}]},"37":{"loc":{"start":{"line":473,"column":10},"end":{"line":475,"column":null}},"type":"if","locations":[{"start":{"line":473,"column":10},"end":{"line":475,"column":null}}]},"38":{"loc":{"start":{"line":478,"column":29},"end":{"line":478,"column":50}},"type":"binary-expr","locations":[{"start":{"line":478,"column":29},"end":{"line":478,"column":44}},{"start":{"line":478,"column":48},"end":{"line":478,"column":50}}]},"39":{"loc":{"start":{"line":480,"column":12},"end":{"line":494,"column":null}},"type":"if","locations":[{"start":{"line":480,"column":12},"end":{"line":494,"column":null}}]},"40":{"loc":{"start":{"line":480,"column":16},"end":{"line":480,"column":32}},"type":"binary-expr","locations":[{"start":{"line":480,"column":16},"end":{"line":480,"column":24}},{"start":{"line":480,"column":28},"end":{"line":480,"column":32}}]},"41":{"loc":{"start":{"line":490,"column":29},"end":{"line":490,"column":67}},"type":"cond-expr","locations":[{"start":{"line":490,"column":63},"end":{"line":490,"column":65}},{"start":{"line":490,"column":63},"end":{"line":490,"column":67}}]},"42":{"loc":{"start":{"line":490,"column":29},"end":{"line":490,"column":65}},"type":"binary-expr","locations":[{"start":{"line":490,"column":29},"end":{"line":490,"column":65}},{"start":{"line":490,"column":63},"end":{"line":490,"column":65}}]},"43":{"loc":{"start":{"line":503,"column":14},"end":{"line":505,"column":null}},"type":"if","locations":[{"start":{"line":503,"column":14},"end":{"line":505,"column":null}}]},"44":{"loc":{"start":{"line":517,"column":10},"end":{"line":519,"column":null}},"type":"if","locations":[{"start":{"line":517,"column":10},"end":{"line":519,"column":null}}]},"45":{"loc":{"start":{"line":522,"column":26},"end":{"line":522,"column":44}},"type":"binary-expr","locations":[{"start":{"line":522,"column":26},"end":{"line":522,"column":38}},{"start":{"line":522,"column":42},"end":{"line":522,"column":44}}]},"46":{"loc":{"start":{"line":524,"column":12},"end":{"line":536,"column":null}},"type":"if","locations":[{"start":{"line":524,"column":12},"end":{"line":536,"column":null}}]},"47":{"loc":{"start":{"line":524,"column":16},"end":{"line":524,"column":29}},"type":"binary-expr","locations":[{"start":{"line":524,"column":16},"end":{"line":524,"column":21}},{"start":{"line":524,"column":25},"end":{"line":524,"column":29}}]},"48":{"loc":{"start":{"line":532,"column":29},"end":{"line":532,"column":67}},"type":"cond-expr","locations":[{"start":{"line":532,"column":63},"end":{"line":532,"column":65}},{"start":{"line":532,"column":63},"end":{"line":532,"column":67}}]},"49":{"loc":{"start":{"line":532,"column":29},"end":{"line":532,"column":65}},"type":"binary-expr","locations":[{"start":{"line":532,"column":29},"end":{"line":532,"column":65}},{"start":{"line":532,"column":63},"end":{"line":532,"column":65}}]},"50":{"loc":{"start":{"line":550,"column":12},"end":{"line":552,"column":19}},"type":"binary-expr","locations":[{"start":{"line":550,"column":12},"end":{"line":551,"column":null}},{"start":{"line":552,"column":17},"end":{"line":552,"column":19}}]},"51":{"loc":{"start":{"line":550,"column":12},"end":{"line":551,"column":null}},"type":"cond-expr","locations":[{"start":{"line":550,"column":42},"end":{"line":550,"column":44}},{"start":{"line":550,"column":42},"end":{"line":551,"column":null}}]},"52":{"loc":{"start":{"line":550,"column":12},"end":{"line":550,"column":44}},"type":"binary-expr","locations":[{"start":{"line":550,"column":12},"end":{"line":550,"column":44}},{"start":{"line":550,"column":42},"end":{"line":550,"column":44}}]},"53":{"loc":{"start":{"line":554,"column":10},"end":{"line":556,"column":null}},"type":"if","locations":[{"start":{"line":554,"column":10},"end":{"line":556,"column":null}}]},"54":{"loc":{"start":{"line":558,"column":23},"end":{"line":558,"column":72}},"type":"cond-expr","locations":[{"start":{"line":558,"column":53},"end":{"line":558,"column":55}},{"start":{"line":558,"column":53},"end":{"line":558,"column":72}}]},"55":{"loc":{"start":{"line":558,"column":23},"end":{"line":558,"column":55}},"type":"binary-expr","locations":[{"start":{"line":558,"column":23},"end":{"line":558,"column":55}},{"start":{"line":558,"column":53},"end":{"line":558,"column":55}}]},"56":{"loc":{"start":{"line":560,"column":23},"end":{"line":560,"column":74}},"type":"cond-expr","locations":[{"start":{"line":560,"column":53},"end":{"line":560,"column":55}},{"start":{"line":560,"column":53},"end":{"line":560,"column":74}}]},"57":{"loc":{"start":{"line":560,"column":23},"end":{"line":560,"column":55}},"type":"binary-expr","locations":[{"start":{"line":560,"column":23},"end":{"line":560,"column":55}},{"start":{"line":560,"column":53},"end":{"line":560,"column":55}}]},"58":{"loc":{"start":{"line":568,"column":22},"end":{"line":568,"column":32}},"type":"binary-expr","locations":[{"start":{"line":568,"column":22},"end":{"line":568,"column":26}},{"start":{"line":568,"column":30},"end":{"line":568,"column":32}}]},"59":{"loc":{"start":{"line":569,"column":25},"end":{"line":569,"column":63}},"type":"cond-expr","locations":[{"start":{"line":569,"column":59},"end":{"line":569,"column":61}},{"start":{"line":569,"column":59},"end":{"line":569,"column":63}}]},"60":{"loc":{"start":{"line":569,"column":25},"end":{"line":569,"column":61}},"type":"binary-expr","locations":[{"start":{"line":569,"column":25},"end":{"line":569,"column":61}},{"start":{"line":569,"column":59},"end":{"line":569,"column":61}}]},"61":{"loc":{"start":{"line":573,"column":26},"end":{"line":573,"column":44}},"type":"binary-expr","locations":[{"start":{"line":573,"column":26},"end":{"line":573,"column":38}},{"start":{"line":573,"column":42},"end":{"line":573,"column":44}}]},"62":{"loc":{"start":{"line":575,"column":12},"end":{"line":578,"column":null}},"type":"if","locations":[{"start":{"line":575,"column":12},"end":{"line":578,"column":null}}]},"63":{"loc":{"start":{"line":575,"column":16},"end":{"line":575,"column":29}},"type":"binary-expr","locations":[{"start":{"line":575,"column":16},"end":{"line":575,"column":21}},{"start":{"line":575,"column":25},"end":{"line":575,"column":29}}]},"64":{"loc":{"start":{"line":607,"column":21},"end":{"line":607,"column":36}},"type":"binary-expr","locations":[{"start":{"line":607,"column":21},"end":{"line":607,"column":30}},{"start":{"line":607,"column":34},"end":{"line":607,"column":36}}]},"65":{"loc":{"start":{"line":610,"column":10},"end":{"line":621,"column":null}},"type":"if","locations":[{"start":{"line":610,"column":10},"end":{"line":621,"column":null}}]},"66":{"loc":{"start":{"line":610,"column":14},"end":{"line":610,"column":39}},"type":"binary-expr","locations":[{"start":{"line":610,"column":14},"end":{"line":610,"column":29}},{"start":{"line":610,"column":33},"end":{"line":610,"column":39}}]},"67":{"loc":{"start":{"line":613,"column":12},"end":{"line":618,"column":null}},"type":"if","locations":[{"start":{"line":613,"column":12},"end":{"line":618,"column":null}},{"start":{"line":616,"column":19},"end":{"line":618,"column":null}}]},"68":{"loc":{"start":{"line":616,"column":19},"end":{"line":618,"column":null}},"type":"if","locations":[{"start":{"line":616,"column":19},"end":{"line":618,"column":null}}]},"69":{"loc":{"start":{"line":630,"column":4},"end":{"line":635,"column":null}},"type":"if","locations":[{"start":{"line":630,"column":4},"end":{"line":635,"column":null}}]},"70":{"loc":{"start":{"line":658,"column":8},"end":{"line":660,"column":null}},"type":"if","locations":[{"start":{"line":658,"column":8},"end":{"line":660,"column":null}}]},"71":{"loc":{"start":{"line":681,"column":4},"end":{"line":686,"column":null}},"type":"if","locations":[{"start":{"line":681,"column":4},"end":{"line":686,"column":null}}]},"72":{"loc":{"start":{"line":699,"column":6},"end":{"line":716,"column":null}},"type":"if","locations":[{"start":{"line":699,"column":6},"end":{"line":716,"column":null}}]},"73":{"loc":{"start":{"line":699,"column":10},"end":{"line":699,"column":48}},"type":"binary-expr","locations":[{"start":{"line":699,"column":10},"end":{"line":699,"column":17}},{"start":{"line":699,"column":21},"end":{"line":699,"column":48}}]},"74":{"loc":{"start":{"line":700,"column":8},"end":{"line":714,"column":null}},"type":"if","locations":[{"start":{"line":700,"column":8},"end":{"line":714,"column":null}}]},"75":{"loc":{"start":{"line":702,"column":12},"end":{"line":709,"column":null}},"type":"if","locations":[{"start":{"line":702,"column":12},"end":{"line":709,"column":null}}]},"76":{"loc":{"start":{"line":703,"column":14},"end":{"line":704,"column":80}},"type":"binary-expr","locations":[{"start":{"line":703,"column":14},"end":{"line":703,"column":26}},{"start":{"line":704,"column":14},"end":{"line":704,"column":80}}]},"77":{"loc":{"start":{"line":711,"column":10},"end":{"line":713,"column":null}},"type":"if","locations":[{"start":{"line":711,"column":10},"end":{"line":713,"column":null}}]},"78":{"loc":{"start":{"line":728,"column":16},"end":{"line":728,"column":42}},"type":"cond-expr","locations":[{"start":{"line":728,"column":24},"end":{"line":728,"column":32}},{"start":{"line":728,"column":35},"end":{"line":728,"column":42}}]},"79":{"loc":{"start":{"line":752,"column":8},"end":{"line":754,"column":null}},"type":"if","locations":[{"start":{"line":752,"column":8},"end":{"line":754,"column":null}}]},"80":{"loc":{"start":{"line":819,"column":27},"end":{"line":819,"column":39}},"type":"binary-expr","locations":[{"start":{"line":819,"column":27},"end":{"line":819,"column":33}},{"start":{"line":819,"column":37},"end":{"line":819,"column":39}}]},"81":{"loc":{"start":{"line":826,"column":10},"end":{"line":828,"column":null}},"type":"if","locations":[{"start":{"line":826,"column":10},"end":{"line":828,"column":null}}]},"82":{"loc":{"start":{"line":840,"column":17},"end":{"line":840,"column":68}},"type":"binary-expr","locations":[{"start":{"line":840,"column":17},"end":{"line":840,"column":34}},{"start":{"line":840,"column":38},"end":{"line":840,"column":68}}]},"83":{"loc":{"start":{"line":843,"column":10},"end":{"line":845,"column":null}},"type":"if","locations":[{"start":{"line":843,"column":10},"end":{"line":845,"column":null}}]},"84":{"loc":{"start":{"line":843,"column":14},"end":{"line":843,"column":37}},"type":"binary-expr","locations":[{"start":{"line":843,"column":14},"end":{"line":843,"column":17}},{"start":{"line":843,"column":21},"end":{"line":843,"column":37}}]},"85":{"loc":{"start":{"line":851,"column":8},"end":{"line":865,"column":null}},"type":"if","locations":[{"start":{"line":851,"column":8},"end":{"line":865,"column":null}},{"start":{"line":861,"column":15},"end":{"line":865,"column":null}}]},"86":{"loc":{"start":{"line":852,"column":10},"end":{"line":854,"column":45}},"type":"binary-expr","locations":[{"start":{"line":852,"column":10},"end":{"line":852,"column":18}},{"start":{"line":853,"column":10},"end":{"line":853,"column":29}},{"start":{"line":854,"column":10},"end":{"line":854,"column":45}}]},"87":{"loc":{"start":{"line":861,"column":15},"end":{"line":865,"column":null}},"type":"if","locations":[{"start":{"line":861,"column":15},"end":{"line":865,"column":null}},{"start":{"line":863,"column":15},"end":{"line":865,"column":null}}]},"88":{"loc":{"start":{"line":861,"column":19},"end":{"line":861,"column":50}},"type":"binary-expr","locations":[{"start":{"line":861,"column":19},"end":{"line":861,"column":27}},{"start":{"line":861,"column":31},"end":{"line":861,"column":50}}]},"89":{"loc":{"start":{"line":873,"column":10},"end":{"line":875,"column":null}},"type":"if","locations":[{"start":{"line":873,"column":10},"end":{"line":875,"column":null}}]},"90":{"loc":{"start":{"line":873,"column":14},"end":{"line":873,"column":45}},"type":"binary-expr","locations":[{"start":{"line":873,"column":14},"end":{"line":873,"column":17}},{"start":{"line":873,"column":21},"end":{"line":873,"column":45}}]},"91":{"loc":{"start":{"line":879,"column":8},"end":{"line":883,"column":null}},"type":"switch","locations":[{"start":{"line":880,"column":10},"end":{"line":880,"column":38}},{"start":{"line":881,"column":10},"end":{"line":882,"column":58}}]}},"s":{"0":0,"1":0,"2":0,"3":0,"4":0,"5":0,"6":0,"7":0,"8":0,"9":0,"10":0,"11":0,"12":0,"13":0,"14":0,"15":0,"16":0,"17":0,"18":0,"19":0,"20":0,"21":0,"22":0,"23":0,"24":0,"25":0,"26":0,"27":0,"28":0,"29":0,"30":0,"31":0,"32":0,"33":0,"34":0,"35":0,"36":0,"37":0,"38":0,"39":0,"40":0,"41":0,"42":0,"43":0,"44":0,"45":0,"46":0,"47":0,"48":0,"49":0,"50":0,"51":0,"52":0,"53":0,"54":0,"55":0,"56":0,"57":0,"58":0,"59":0,"60":0,"61":0,"62":0,"63":0,"64":0,"65":0,"66":0,"67":0,"68":0,"69":0,"70":0,"71":0,"72":0,"73":0,"74":0,"75":0,"76":0,"77":0,"78":0,"79":0,"80":0,"81":0,"82":0,"83":0,"84":0,"85":0,"86":0,"87":0,"88":0,"89":0,"90":0,"91":0,"92":0,"93":0,"94":0,"95":0,"96":0,"97":0,"98":0,"99":0,"100":0,"101":0,"102":0,"103":0,"104":0,"105":0,"106":0,"107":0,"108":0,"109":0,"110":0,"111":0,"112":0,"113":0,"114":0,"115":0,"116":0,"117":0,"118":0,"119":0,"120":0,"121":0,"122":0,"123":0,"124":0,"125":0,"126":0,"127":0,"128":0,"129":0,"130":0,"131":0,"132":0,"133":0,"134":0,"135":0,"136":0,"137":0,"138":0,"139":0,"140":0,"141":0,"142":0,"143":0,"144":0,"145":0,"146":0,"147":0,"148":0,"149":0,"150":0,"151":0,"152":0,"153":0,"154":0,"155":0,"156":0,"157":0,"158":0,"159":0,"160":0,"161":0,"162":0,"163":0,"164":0,"165":0,"166":0,"167":0,"168":0,"169":0,"170":0,"171":0,"172":0,"173":0,"174":0,"175":0,"176":0,"177":0,"178":0,"179":0,"180":0,"181":0,"182":0,"183":0,"184":0,"185":0,"186":0,"187":0,"188":0,"189":0,"190":0,"191":0,"192":0,"193":0,"194":0,"195":0,"196":0,"197":0,"198":0,"199":0,"200":0,"201":0,"202":0,"203":0,"204":0,"205":0,"206":0,"207":0,"208":0,"209":0,"210":0,"211":0,"212":0,"213":0,"214":0,"215":0,"216":0,"217":0,"218":0,"219":0,"220":0,"221":0,"222":0,"223":0,"224":0,"225":0,"226":0,"227":0,"228":0,"229":0,"230":0,"231":0,"232":0,"233":0,"234":0,"235":0,"236":0,"237":0,"238":0,"239":0,"240":0,"241":0,"242":0,"243":0,"244":0,"245":0,"246":0,"247":0,"248":0,"249":0,"250":0,"251":0,"252":0,"253":0,"254":0,"255":0,"256":0,"257":0,"258":0,"259":0,"260":0,"261":0,"262":0,"263":0,"264":0,"265":0,"266":0,"267":0,"268":0,"269":0,"270":0,"271":0,"272":0,"273":0,"274":0,"275":0,"276":0,"277":0,"278":0,"279":0,"280":0,"281":0,"282":0,"283":0,"284":0,"285":0,"286":0,"287":0,"288":0,"289":0,"290":0,"291":0,"292":0,"293":0,"294":0,"295":0,"296":0,"297":0,"298":0,"299":0,"300":0,"301":0,"302":0,"303":0,"304":0,"305":0,"306":0,"307":0,"308":0,"309":0,"310":0,"311":0,"312":0,"313":0,"314":0,"315":0,"316":0,"317":0,"318":0,"319":0,"320":0,"321":0,"322":0,"323":0,"324":0,"325":0,"326":0,"327":0,"328":0,"329":0,"330":0,"331":0,"332":0,"333":0,"334":0,"335":0,"336":0,"337":0,"338":0,"339":0,"340":0,"341":0,"342":0,"343":0,"344":0,"345":0,"346":0,"347":0,"348":0,"349":0,"350":0,"351":0,"352":0,"353":0,"354":0,"355":0,"356":0,"357":0,"358":0},"f":{"0":0,"1":0,"2":0,"3":0,"4":0,"5":0,"6":0,"7":0,"8":0,"9":0,"10":0,"11":0,"12":0,"13":0,"14":0,"15":0,"16":0,"17":0,"18":0,"19":0,"20":0,"21":0,"22":0,"23":0,"24":0,"25":0,"26":0,"27":0,"28":0,"29":0,"30":0,"31":0,"32":0,"33":0,"34":0,"35":0,"36":0,"37":0,"38":0,"39":0,"40":0,"41":0,"42":0,"43":0,"44":0,"45":0,"46":0,"47":0,"48":0,"49":0,"50":0,"51":0,"52":0,"53":0,"54":0,"55":0,"56":0,"57":0,"58":0,"59":0,"60":0,"61":0,"62":0,"63":0,"64":0,"65":0,"66":0,"67":0,"68":0,"69":0,"70":0,"71":0,"72":0,"73":0,"74":0,"75":0,"76":0,"77":0,"78":0,"79":0,"80":0,"81":0,"82":0,"83":0,"84":0,"85":0,"86":0,"87":0,"88":0,"89":0,"90":0,"91":0,"92":0,"93":0,"94":0,"95":0,"96":0,"97":0,"98":0,"99":0,"100":0,"101":0,"102":0},"b":{"0":[0],"1":[0],"2":[0],"3":[0],"4":[0,0],"5":[0,0],"6":[0],"7":[0],"8":[0,0,0],"9":[0],"10":[0],"11":[0],"12":[0,0],"13":[0],"14":[0],"15":[0],"16":[0,0],"17":[0,0],"18":[0],"19":[0],"20":[0],"21":[0,0],"22":[0,0],"23":[0],"24":[0,0],"25":[0,0],"26":[0],"27":[0,0],"28":[0,0],"29":[0,0],"30":[0,0],"31":[0,0],"32":[0],"33":[0],"34":[0,0],"35":[0,0],"36":[0],"37":[0],"38":[0,0],"39":[0],"40":[0,0],"41":[0,0],"42":[0,0],"43":[0],"44":[0],"45":[0,0],"46":[0],"47":[0,0],"48":[0,0],"49":[0,0],"50":[0,0],"51":[0,0],"52":[0,0],"53":[0],"54":[0,0],"55":[0,0],"56":[0,0],"57":[0,0],"58":[0,0],"59":[0,0],"60":[0,0],"61":[0,0],"62":[0],"63":[0,0],"64":[0,0],"65":[0],"66":[0,0],"67":[0,0],"68":[0],"69":[0],"70":[0],"71":[0],"72":[0],"73":[0,0],"74":[0],"75":[0],"76":[0,0],"77":[0],"78":[0,0],"79":[0],"80":[0,0],"81":[0],"82":[0,0],"83":[0],"84":[0,0],"85":[0,0],"86":[0,0,0],"87":[0,0],"88":[0,0],"89":[0],"90":[0,0],"91":[0,0]}}
,"/home/runner/work/vscode-marquee/vscode-marquee/packages/extension/src/gui.view.ts": {"path":"/home/runner/work/vscode-marquee/vscode-marquee/packages/extension/src/gui.view.ts","statementMap":{"0":{"start":{"line":1,"column":0},"end":{"line":1,"column":20}},"1":{"start":{"line":2,"column":0},"end":{"line":2,"column":24}},"2":{"start":{"line":3,"column":0},"end":{"line":3,"column":28}},"3":{"start":{"line":4,"column":0},"end":{"line":4,"column":28}},"4":{"start":{"line":5,"column":0},"end":{"line":5,"column":38}},"5":{"start":{"line":6,"column":0},"end":{"line":6,"column":26}},"6":{"start":{"line":7,"column":0},"end":{"line":7,"column":38}},"7":{"start":{"line":8,"column":0},"end":{"line":8,"column":40}},"8":{"start":{"line":9,"column":0},"end":{"line":9,"column":62}},"9":{"start":{"line":10,"column":0},"end":{"line":10,"column":65}},"10":{"start":{"line":16,"column":0},"end":{"line":16,"column":66}},"11":{"start":{"line":17,"column":0},"end":{"line":17,"column":75}},"12":{"start":{"line":24,"column":24},"end":{"line":24,"column":28}},"13":{"start":{"line":38,"column":4},"end":{"line":38,"column":12}},"14":{"start":{"line":33,"column":21},"end":{"line":33,"column":53}},"15":{"start":{"line":34,"column":21},"end":{"line":34,"column":43}},"16":{"start":{"line":35,"column":21},"end":{"line":35,"column":50}},"17":{"start":{"line":36,"column":21},"end":{"line":36,"column":74}},"18":{"start":{"line":27,"column":10},"end":{"line":27,"column":59}},"19":{"start":{"line":28,"column":10},"end":{"line":28,"column":51}},"20":{"start":{"line":29,"column":10},"end":{"line":29,"column":37}},"21":{"start":{"line":42,"column":4},"end":{"line":42,"column":26}},"22":{"start":{"line":46,"column":4},"end":{"line":46,"column":26}},"23":{"start":{"line":50,"column":4},"end":{"line":52,"column":null}},"24":{"start":{"line":51,"column":6},"end":{"line":51,"column":19}},"25":{"start":{"line":53,"column":4},"end":{"line":53,"column":37}},"26":{"start":{"line":57,"column":4},"end":{"line":61,"column":null}},"27":{"start":{"line":58,"column":6},"end":{"line":58,"column":26}},"28":{"start":{"line":59,"column":6},"end":{"line":59,"column":32}},"29":{"start":{"line":60,"column":6},"end":{"line":60,"column":13}},"30":{"start":{"line":63,"column":21},"end":{"line":63,"column":72}},"31":{"start":{"line":64,"column":4},"end":{"line":72,"column":6}},"32":{"start":{"line":73,"column":4},"end":{"line":80,"column":6}},"33":{"start":{"line":81,"column":4},"end":{"line":86,"column":7}},"34":{"start":{"line":82,"column":6},"end":{"line":82,"column":29}},"35":{"start":{"line":83,"column":6},"end":{"line":83,"column":24}},"36":{"start":{"line":84,"column":6},"end":{"line":84,"column":27}},"37":{"start":{"line":85,"column":6},"end":{"line":85,"column":33}},"38":{"start":{"line":88,"column":18},"end":{"line":90,"column":null}},"39":{"start":{"line":93,"column":23},"end":{"line":94,"column":null}},"40":{"start":{"line":97,"column":18},"end":{"line":97,"column":59}},"41":{"start":{"line":98,"column":19},"end":{"line":98,"column":63}},"42":{"start":{"line":99,"column":53},"end":{"line":99,"column":80}},"43":{"start":{"line":101,"column":21},"end":{"line":101,"column":106}},"44":{"start":{"line":102,"column":20},"end":{"line":111,"column":45}},"45":{"start":{"line":113,"column":36},"end":{"line":113,"column":38}},"46":{"start":{"line":114,"column":4},"end":{"line":158,"column":null}},"47":{"start":{"line":115,"column":6},"end":{"line":117,"column":null}},"48":{"start":{"line":116,"column":8},"end":{"line":116,"column":17}},"49":{"start":{"line":122,"column":6},"end":{"line":141,"column":null}},"50":{"start":{"line":134,"column":19},"end":{"line":134,"column":44}},"51":{"start":{"line":135,"column":8},"end":{"line":140,"column":11}},"52":{"start":{"line":136,"column":31},"end":{"line":136,"column":70}},"53":{"start":{"line":137,"column":10},"end":{"line":139,"column":null}},"54":{"start":{"line":138,"column":12},"end":{"line":138,"column":59}},"55":{"start":{"line":138,"column":46},"end":{"line":138,"column":57}},"56":{"start":{"line":148,"column":6},"end":{"line":157,"column":null}},"57":{"start":{"line":149,"column":24},"end":{"line":149,"column":102}},"58":{"start":{"line":150,"column":8},"end":{"line":152,"column":null}},"59":{"start":{"line":151,"column":10},"end":{"line":151,"column":59}},"60":{"start":{"line":154,"column":27},"end":{"line":154,"column":82}},"61":{"start":{"line":155,"column":20},"end":{"line":155,"column":80}},"62":{"start":{"line":156,"column":8},"end":{"line":156,"column":92}},"63":{"start":{"line":160,"column":15},"end":{"line":160,"column":33}},"64":{"start":{"line":161,"column":24},"end":{"line":163,"column":21}},"65":{"start":{"line":165,"column":20},"end":{"line":181,"column":17}},"66":{"start":{"line":183,"column":15},"end":{"line":183,"column":59}},"67":{"start":{"line":184,"column":4},"end":{"line":185,"column":48}},"68":{"start":{"line":185,"column":25},"end":{"line":185,"column":45}},"69":{"start":{"line":186,"column":4},"end":{"line":186,"column":38}},"70":{"start":{"line":188,"column":4},"end":{"line":190,"column":null}},"71":{"start":{"line":189,"column":6},"end":{"line":189,"column":55}},"72":{"start":{"line":192,"column":4},"end":{"line":192,"column":19}},"73":{"start":{"line":193,"column":4},"end":{"line":197,"column":18}},"74":{"start":{"line":194,"column":6},"end":{"line":196,"column":null}},"75":{"start":{"line":195,"column":8},"end":{"line":195,"column":32}},"76":{"start":{"line":199,"column":20},"end":{"line":204,"column":null}},"77":{"start":{"line":201,"column":24},"end":{"line":201,"column":54}},"78":{"start":{"line":202,"column":21},"end":{"line":202,"column":30}},"79":{"start":{"line":207,"column":4},"end":{"line":232,"column":7}},"80":{"start":{"line":208,"column":6},"end":{"line":231,"column":null}},"81":{"start":{"line":209,"column":8},"end":{"line":209,"column":29}},"82":{"start":{"line":210,"column":8},"end":{"line":210,"column":31}},"83":{"start":{"line":211,"column":8},"end":{"line":211,"column":35}},"84":{"start":{"line":212,"column":13},"end":{"line":231,"column":null}},"85":{"start":{"line":213,"column":8},"end":{"line":213,"column":30}},"86":{"start":{"line":214,"column":8},"end":{"line":214,"column":34}},"87":{"start":{"line":215,"column":8},"end":{"line":217,"column":22}},"88":{"start":{"line":216,"column":10},"end":{"line":216,"column":37}},"89":{"start":{"line":218,"column":8},"end":{"line":218,"column":23}},"90":{"start":{"line":219,"column":8},"end":{"line":223,"column":11}},"91":{"start":{"line":220,"column":10},"end":{"line":222,"column":null}},"92":{"start":{"line":221,"column":12},"end":{"line":221,"column":48}},"93":{"start":{"line":224,"column":8},"end":{"line":230,"column":43}},"94":{"start":{"line":226,"column":22},"end":{"line":226,"column":45}},"95":{"start":{"line":228,"column":28},"end":{"line":228,"column":61}},"96":{"start":{"line":230,"column":27},"end":{"line":230,"column":41}},"97":{"start":{"line":236,"column":4},"end":{"line":238,"column":null}},"98":{"start":{"line":237,"column":6},"end":{"line":237,"column":79}},"99":{"start":{"line":26,"column":0},"end":{"line":26,"column":13}}},"fnMap":{"0":{"name":"(anonymous_1)","decl":{"start":{"line":32,"column":2},"end":{"line":32,"column":null}},"loc":{"start":{"line":36,"column":74},"end":{"line":39,"column":3}}},"1":{"name":"(anonymous_2)","decl":{"start":{"line":41,"column":9},"end":{"line":41,"column":17}},"loc":{"start":{"line":41,"column":17},"end":{"line":43,"colum
[...]
,"/home/runner/work/vscode-marquee/vscode-marquee/packages/widget-welcome/src/components/TrickContent.tsx": {"path":"/home/runner/work/vscode-marquee/vscode-marquee/packages/widget-welcome/src/components/TrickContent.tsx","statementMap":{"0":{"start":{"line":1,"column":0},"end":{"line":1,"column":72}},"1":{"start":{"line":2,"column":0},"end":{"line":2,"column":null}},"2":{"start":{"line":9,"column":0},"end":{"line":9,"column":47}},"3":{"start":{"line":10,"column":0},"end":{"line":10,"column":63}},"4":{"start":{"line":11,"column":0},"end":{"line":11,"column":67}},"5":{"start":{"line":12,"column":0},"end":{"line":12,"column":59}},"6":{"start":{"line":14,"column":0},"end":{"line":14,"column":52}},"7":{"start":{"line":17,"column":0},"end":{"line":17,"column":38}},"8":{"start":{"line":27,"column":2},"end":{"line":27,"column":29}},"9":{"start":{"line":30,"column":17},"end":{"line":59,"column":2}},"10":{"start":{"line":31,"column":31},"end":{"line":31,"column":55}},"11":{"start":{"line":32,"column":18},"end":{"line":32,"column":23}},"12":{"start":{"line":34,"column":17},"end":{"line":37,"column":3}},"13":{"start":{"line":35,"column":4},"end":{"line":35,"column":70}},"14":{"start":{"line":36,"column":4},"end":{"line":36,"column":24}},"15":{"start":{"line":39,"column":2},"end":{"line":58,"column":null}},"16":{"start":{"line":40,"column":4},"end":{"line":55,"column":6}},"17":{"start":{"line":51,"column":10},"end":{"line":51,"column":21}},"18":{"start":{"line":57,"column":4},"end":{"line":57,"column":17}},"19":{"start":{"line":61,"column":19},"end":{"line":209,"column":1}},"20":{"start":{"line":62,"column":37},"end":{"line":62,"column":61}},"21":{"start":{"line":63,"column":25},"end":{"line":63,"column":48}},"22":{"start":{"line":65,"column":34},"end":{"line":65,"column":45}},"23":{"start":{"line":67,"column":18},"end":{"line":73,"column":20}},"24":{"start":{"line":68,"column":18},"end":{"line":70,"column":6}},"25":{"start":{"line":69,"column":6},"end":{"line":69,"column":38}},"26":{"start":{"line":72,"column":4},"end":{"line":72,"column":19}},"27":{"start":{"line":75,"column":2},"end":{"line":83,"column":18}},"28":{"start":{"line":76,"column":4},"end":{"line":82,"column":null}},"29":{"start":{"line":77,"column":6},"end":{"line":81,"column":null}},"30":{"start":{"line":78,"column":8},"end":{"line":78,"column":36}},"31":{"start":{"line":80,"column":8},"end":{"line":80,"column":24}},"32":{"start":{"line":85,"column":2},"end":{"line":208,"column":4}},"33":{"start":{"line":115,"column":22},"end":{"line":115,"column":50}},"34":{"start":{"line":158,"column":22},"end":{"line":158,"column":50}},"35":{"start":{"line":199,"column":18},"end":{"line":199,"column":52}},"36":{"start":{"line":211,"column":0},"end":{"line":211,"column":40}}},"fnMap":{"0":{"name":"createMarkup","decl":{"start":{"line":26,"column":9},"end":{"line":26,"column":21}},"loc":{"start":{"line":26,"column":37},"end":{"line":28,"column":1}}},"1":{"name":"(anonymous_8)","decl":{"start":{"line":30,"column":28},"end":{"line":30,"column":29}},"loc":{"start":{"line":30,"column":45},"end":{"line":59,"column":1}}},"2":{"name":"(anonymous_9)","decl":{"start":{"line":34,"column":17},"end":{"line":34,"column":22}},"loc":{"start":{"line":34,"column":28},"end":{"line":37,"column":3}}},"3":{"name":"(anonymous_10)","decl":{"start":{"line":50,"column":17},"end":{"line":50,"column":20}},"loc":{"start":{"line":50,"column":22},"end":{"line":52,"column":9}}},"4":{"name":"(anonymous_11)","decl":{"start":{"line":61,"column":19},"end":{"line":61,"column":22}},"loc":{"start":{"line":61,"column":24},"end":{"line":209,"column":1}}},"5":{"name":"(anonymous_12)","decl":{"start":{"line":67,"column":26},"end":{"line":67,"column":29}},"loc":{"start":{"line":67,"column":31},"end":{"line":73,"column":3}}},"6":{"name":"(anonymous_13)","decl":{"start":{"line":68,"column":32},"end":{"line":68,"column":33}},"loc":{"start":{"line":68,"column":49},"end":{"line":70,"column":5}}},"7":{"name":"(anonymous_14)","decl":{"start":{"line":75,"column":12},"end":{"line":75,"column":15}},"loc":{"start":{"line":75,"column":17},"end":{"line":83,"column":3}}},"8":{"name":"(anonymous_15)","decl":{"start":{"line":114,"column":29},"end":{"line":114,"column":32}},"loc":{"start":{"line":114,"column":34},"end":{"line":116,"column":21}}},"9":{"name":"(anonymous_16)","decl":{"start":{"line":157,"column":29},"end":{"line":157,"column":32}},"loc":{"start":{"line":157,"column":34},"end":{"line":159,"column":21}}},"10":{"name":"(anonymous_17)","decl":{"start":{"line":198,"column":25},"end":{"line":198,"column":28}},"loc":{"start":{"line":198,"column":30},"end":{"line":200,"column":17}}}},"branchMap":{"0":{"loc":{"start":{"line":39,"column":2},"end":{"line":58,"column":null}},"type":"if","locations":[{"start":{"line":39,"column":2},"end":{"line":58,"column":null}},{"start":{"line":56,"column":9},"end":{"line":58,"column":null}}]},"1":{"loc":{"start":{"line":76,"column":4},"end":{"line":82,"column":null}},"type":"if","locations":[{"start":{"line":76,"column":4},"end":{"line":82,"column":null}}]},"2":{"loc":{"start":{"line":77,"column":6},"end":{"line":81,"column":null}},"type":"if","locations":[{"start":{"line":77,"column":6},"end":{"line":81,"column":null}},{"start":{"line":79,"column":13},"end":{"line":81,"column":null}}]},"3":{"loc":{"start":{"line":112,"column":17},"end":{"line":120,"column":null}},"type":"binary-expr","locations":[{"start":{"line":112,"column":17},"end":{"line":112,"column":32}},{"start":{"line":113,"column":18},"end":{"line":119,"column":null}}]},"4":{"loc":{"start":{"line":139,"column":17},"end":{"line":140,"column":null}},"type":"binary-expr","locations":[{"start":{"line":139,"column":17},"end":{"line":139,"column":39}},{"start":{"line":140,"column":18},"end":{"line":140,"column":68}}]},"5":{"loc":{"start":{"line":142,"column":17},"end":{"line":147,"column":null}},"type":"binary-expr","locations":[{"start":{"line":142,"column":17},"end":{"line":142,"column":39}},{"start":{"line":142,"column":43},"end":{"line":142,"column":63}},{"start":{"line":143,"column":18},"end":{"line":146,"column":null}}]},"6":{"loc":{"start":{"line":155,"column":17},"end":{"line":163,"column":null}},"type":"binary-expr","locations":[{"start":{"line":155,"column":17},"end":{"line":155,"column":37}},{"start":{"line":155,"column":41},"end":{"line":155,"column":75}},{"start":{"line":156,"column":18},"end":{"line":162,"column":null}}]},"7":{"loc":{"start":{"line":172,"column":9},"end":{"line":172,"column":72}},"type":"binary-expr","locations":[{"start":{"line":172,"column":9},"end":{"line":172,"column":31}},{"start":{"line":172,"column":35},"end":{"line":172,"column":72}}]},"8":{"loc":{"start":{"line":184,"column":13},"end":{"line":185,"column":null}},"type":"binary-expr","locations":[{"start":{"line":184,"column":13},"end":{"line":184,"column":22}},{"start":{"line":184,"column":26},"end":{"line":184,"column":46}},{"start":{"line":185,"column":14},"end":{"line":185,"column":57}}]},"9":{"loc":{"start":{"line":189,"column":13},"end":{"line":202,"column":null}},"type":"binary-expr","locations":[{"start":{"line":189,"column":13},"end":{"line":189,"column":22}},{"start":{"line":189,"column":26},"end":{"line":189,"column":60}},{"start":{"line":190,"column":14},"end":{"line":201,"column":null}}]}},"s":{"0":1,"1":1,"2":1,"3":1,"4":1,"5":1,"6":1,"7":1,"8":4,"9":1,"10":4,"11":4,"12":4,"13":1,"14":1,"15":4,"16":2,"17":1,"18":2,"19":1,"20":9,"21":9,"22":9,"23":9,"24":6,"25":5,"26":6,"27":9,"28":6,"29":3,"30":0,"31":3,"32":9,"33":0,"34":0,"35":1,"36":1},"f":{"0":4,"1":4,"2":1,"3":1,"4":9,"5":6,"6":5,"7":6,"8":0,"9":0,"10":1},"b":{"0":[2,2],"1":[3],"2":[0,3],"3":[9,0],"4":[9,5],"5":[9,4,4],"6":[9,4,0],"7":[9,4],"8":[9,9,4],"9":[9,9,4]}}
,"/home/runner/work/vscode-marquee/vscode-marquee/packages/widget/src/index.ts": {"path":"/home/runner/work/vscode-marquee/vscode-marquee/packages/widget/src/index.ts","statementMap":{"0":{"start":{"line":1,"column":0},"end":{"line":1,"column":7}},"1":{"start":{"line":8,"column":9},"end":{"line":1,"column":43}},"2":{"start":{"line":2,"column":0},"end":{"line":2,"column":7}},"3":{"start":{"line":8,"column":18},"end":{"line":2,"column":43}},"4":{"start":{"line":3,"column":0},"end":{"line":3,"column":55}},"5":{"start":{"line":4,"column":0},"end":{"line":4,"column":7}},"6":{"start":{"line":8,"column":27},"end":{"line":4,"column":61}},"7":{"start":{"line":5,"column":0},"end":{"line":5,"column":7}},"8":{"start":{"line":8,"column":45},"end":{"line":5,"column":63}},"9":{"start":{"line":7,"column":0},"end":{"line":7,"column":29}}},"fnMap":{},"branchMap":{},"s":{"0":3,"1":3,"2":3,"3":3,"4":3,"5":3,"6":3,"7":3,"8":3,"9":3},"f":{},"b":{}}
,"/home/runner/work/vscode-marquee/vscode-marquee/packages/widget/src/components/Dragger.tsx": {"path":"/home/runner/work/vscode-marquee/vscode-marquee/packages/widget/src/components/Dragger.tsx","statementMap":{"0":{"start":{"line":1,"column":0},"end":{"line":1,"column":26}},"1":{"start":{"line":2,"column":0},"end":{"line":2,"column":65}},"2":{"start":{"line":3,"column":0},"end":{"line":3,"column":47}},"3":{"start":{"line":5,"column":14},"end":{"line":11,"column":1}},"4":{"start":{"line":6,"column":2},"end":{"line":10,"column":4}},"5":{"start":{"line":13,"column":0},"end":{"line":13,"column":35}}},"fnMap":{"0":{"name":"(anonymous_1)","decl":{"start":{"line":5,"column":14},"end":{"line":5,"column":17}},"loc":{"start":{"line":5,"column":19},"end":{"line":11,"column":1}}}},"branchMap":{},"s":{"0":3,"1":3,"2":3,"3":3,"4":1,"5":3},"f":{"0":1},"b":{}}
,"/home/runner/work/vscode-marquee/vscode-marquee/packages/widget/src/components/ErrorBoundary.tsx": {"path":"/home/runner/work/vscode-marquee/vscode-marquee/packages/widget/src/components/ErrorBoundary.tsx","statementMap":{"0":{"start":{"line":1,"column":0},"end":{"line":1,"column":26}},"1":{"start":{"line":13,"column":4},"end":{"line":13,"column":17}},"2":{"start":{"line":14,"column":4},"end":{"line":14,"column":37}},"3":{"start":{"line":18,"column":4},"end":{"line":18,"column":38}},"4":{"start":{"line":22,"column":4},"end":{"line":24,"column":null}},"5":{"start":{"line":23,"column":6},"end":{"line":23,"column":18}},"6":{"start":{"line":26,"column":4},"end":{"line":26,"column":31}},"7":{"start":{"line":11,"column":0},"end":{"line":11,"column":13}}},"fnMap":{"0":{"name":"(anonymous_1)","decl":{"start":{"line":12,"column":2},"end":{"line":12,"column":14}},"loc":{"start":{"line":12,"column":28},"end":{"line":15,"column":3}}},"1":{"name":"(anonymous_2)","decl":{"start":{"line":17,"column":2},"end":{"line":17,"column":19}},"loc":{"start":{"line":17,"column":19},"end":{"line":19,"column":3}}},"2":{"name":"(anonymous_3)","decl":{"start":{"line":21,"column":2},"end":{"line":21,"column":8}},"loc":{"start":{"line":21,"column":8},"end":{"line":27,"column":3}}}},"branchMap":{"0":{"loc":{"start":{"line":22,"column":4},"end":{"line":24,"column":null}},"type":"if","locations":[{"start":{"line":22,"column":4},"end":{"line":24,"column":null}}]}},"s":{"0":5,"1":5,"2":3,"3":1,"4":4,"5":1,"6":3,"7":5},"f":{"0":5,"1":1,"2":4},"b":{"0":[1]}}
,"/home/runner/work/vscode-marquee/vscode-marquee/packages/widget/src/components/HidePop.tsx": {"path":"/home/runner/work/vscode-marquee/vscode-marquee/packages/widget/src/components/HidePop.tsx","statementMap":{"0":{"start":{"line":1,"column":0},"end":{"line":1,"column":53}},"1":{"start":{"line":2,"column":0},"end":{"line":2,"column":48}},"2":{"start":{"line":3,"column":0},"end":{"line":3,"column":53}},"3":{"start":{"line":4,"column":0},"end":{"line":4,"column":55}},"4":{"start":{"line":5,"column":0},"end":{"line":5,"column":52}},"5":{"start":{"line":11,"column":14},"end":{"line":53,"column":1}},"6":{"start":{"line":12,"column":34},"end":{"line":12,"column":48}},"7":{"start":{"line":14,"column":22},"end":{"line":16,"column":8}},"8":{"start":{"line":15,"column":4},"end":{"line":15,"column":37}},"9":{"start":{"line":18,"column":22},"end":{"line":20,"column":8}},"10":{"start":{"line":19,"column":4},"end":{"line":19,"column":22}},"11":{"start":{"line":22,"column":15},"end":{"line":22,"column":32}},"12":{"start":{"line":23,"column":13},"end":{"line":23,"column":46}},"13":{"start":{"line":25,"column":2},"end":{"line":52,"column":4}},"14":{"start":{"line":55,"column":0},"end":{"line":55,"column":35}}},"fnMap":{"0":{"name":"(anonymous_7)","decl":{"start":{"line":11,"column":14},"end":{"line":11,"column":15}},"loc":{"start":{"line":11,"column":31},"end":{"line":53,"column":1}}},"1":{"name":"(anonymous_8)","decl":{"start":{"line":14,"column":34},"end":{"line":14,"column":35}},"loc":{"start":{"line":14,"column":44},"end":{"line":16,"column":3}}},"2":{"name":"(anonymous_9)","decl":{"start":{"line":18,"column":34},"end":{"line":18,"column":37}},"loc":{"start":{"line":18,"column":39},"end":{"line":20,"column":3}}}},"branchMap":{"0":{"loc":{"start":{"line":23,"column":13},"end":{"line":23,"column":46}},"type":"cond-expr","locations":[{"start":{"line":23,"column":20},"end":{"line":23,"column":34}},{"start":{"line":23,"column":37},"end":{"line":23,"column":46}}]}},"s":{"0":3,"1":3,"2":3,"3":3,"4":3,"5":3,"6":3,"7":3,"8":1,"9":3,"10":0,"11":3,"12":3,"13":3,"14":3},"f":{"0":3,"1":1,"2":0},"b":{"0":[1,2]}}
,"/home/runner/work/vscode-marquee/vscode-marquee/packages/widget/src/components/HideWidgetContent.tsx": {"path":"/home/runner/work/vscode-marquee/vscode-marquee/packages/widget/src/components/HideWidgetContent.tsx","statementMap":{"0":{"start":{"line":1,"column":0},"end":{"line":1,"column":26}},"1":{"start":{"line":2,"column":0},"end":{"line":2,"column":73}},"2":{"start":{"line":3,"column":0},"end":{"line":3,"column":55}},"3":{"start":{"line":4,"column":0},"end":{"line":4,"column":72}},"4":{"start":{"line":10,"column":26},"end":{"line":40,"column":1}},"5":{"start":{"line":11,"column":24},"end":{"line":11,"column":57}},"6":{"start":{"line":12,"column":16},"end":{"line":14,"column":3}},"7":{"start":{"line":13,"column":4},"end":{"line":13,"column":52}},"8":{"start":{"line":16,"column":28},"end":{"line":18,"column":3}},"9":{"start":{"line":17,"column":4},"end":{"line":17,"column":45}},"10":{"start":{"line":20,"column":2},"end":{"line":39,"column":4}},"11":{"start":{"line":26,"column":25},"end":{"line":26,"column":48}},"12":{"start":{"line":42,"column":0},"end":{"line":42,"column":45}}},"fnMap":{"0":{"name":"(anonymous_1)","decl":{"start":{"line":10,"column":26},"end":{"line":10,"column":27}},"loc":{"start":{"line":10,"column":46},"end":{"line":40,"column":1}}},"1":{"name":"(anonymous_2)","decl":{"start":{"line":12,"column":16},"end":{"line":12,"column":19}},"loc":{"start":{"line":12,"column":21},"end":{"line":14,"column":3}}},"2":{"name":"(anonymous_3)","decl":{"start":{"line":16,"column":28},"end":{"line":16,"column":29}},"loc":{"start":{"line":16,"column":45},"end":{"line":18,"column":3}}},"3":{"name":"(anonymous_4)","decl":{"start":{"line":26,"column":19},"end":{"line":26,"column":22}},"loc":{"start":{"line":26,"column":25},"end":{"line":26,"column":48}}}},"branchMap":{},"s":{"0":2,"1":2,"2":2,"3":2,"4":2,"5":1,"6":1,"7":1,"8":1,"9":1,"10":1,"11":1,"12":2},"f":{"0":1,"1":1,"2":1,"3":1},"b":{}}
,"/home/runner/work/vscode-marquee/vscode-marquee/packages/widget/src/components/ThirdPartyWidget.tsx": {"path":"/home/runner/work/vscode-marquee/vscode-marquee/packages/widget/src/components/ThirdPartyWidget.tsx","statementMap":{"0":{"start":{"line":1,"column":0},"end":{"line":1,"column":26}},"1":{"start":{"line":2,"column":0},"end":{"line":2,"column":53}},"2":{"start":{"line":3,"column":0},"end":{"line":3,"column":54}},"3":{"start":{"line":5,"column":0},"end":{"line":5,"column":38}},"4":{"start":{"line":6,"column":0},"end":{"line":6,"column":32}},"5":{"start":{"line":7,"column":0},"end":{"line":7,"column":32}},"6":{"start":{"line":14,"column":18},"end":{"line":19,"column":3}},"7":{"start":{"line":14,"column":36},"end":{"line":19,"column":2}},"8":{"start":{"line":21,"column":23},"end":{"line":67,"column":1}},"9":{"start":{"line":22,"column":18},"end":{"line":22,"column":29}},"10":{"start":{"line":23,"column":20},"end":{"line":23,"column":24}},"11":{"start":{"line":25,"column":2},"end":{"line":66,"column":4}},"12":{"start":{"line":69,"column":0},"end":{"line":69,"column":41}}},"fnMap":{"0":{"name":"(anonymous_1)","decl":{"start":{"line":14,"column":29},"end":{"line":14,"column":32}},"loc":{"start":{"line":14,"column":36},"end":{"line":19,"column":2}}},"1":{"name":"(anonymous_2)","decl":{"start":{"line":21,"column":23},"end":{"line":21,"column":24}},"loc":{"start":{"line":21,"column":50},"end":{"line":67,"column":1}}}},"branchMap":{},"s":{"0":3,"1":3,"2":3,"3":3,"4":3,"5":3,"6":3,"7":1,"8":3,"9":1,"10":1,"11":1,"12":3},"f":{"0":1,"1":1},"b":{}}
,"/home/runner/work/vscode-marquee/vscode-marquee/packages/widget/src/components/WidgetWrapper.tsx": {"path":"/home/runner/work/vscode-marquee/vscode-marquee/packages/widget/src/components/WidgetWrapper.tsx","statementMap":{"0":{"start":{"line":1,"column":0},"end":{"line":1,"column":52}},"1":{"start":{"line":2,"column":0},"end":{"line":2,"column":46}},"2":{"start":{"line":3,"column":0},"end":{"line":3,"column":72}},"3":{"start":{"line":5,"column":0},"end":{"line":5,"column":52}},"4":{"start":{"line":7,"column":0},"end":{"line":7,"column":48}},"5":{"start":{"line":9,"column":22},"end":{"line":38,"column":1}},"6":{"start":{"line":10,"column":25},"end":{"line":10,"column":48}},"7":{"start":{"line":11,"column":54},"end":{"line":11,"column":68}},"8":{"start":{"line":13,"column":24},"end":{"line":13,"column":57}},"9":{"start":{"line":14,"column":2},"end":{"line":16,"column":5}},"10":{"start":{"line":15,"column":4},"end":{"line":15,"column":46}},"11":{"start":{"line":18,"column":2},"end":{"line":20,"column":null}},"12":{"start":{"line":19,"column":4},"end":{"line":19,"column":17}},"13":{"start":{"line":22,"column":2},"end":{"line":37,"column":4}},"14":{"start":{"line":40,"column":0},"end":{"line":48,"column":4}},"15":{"start":{"line":40,"column":47},"end":{"line":48,"column":3}},"16":{"start":{"line":41,"column":2},"end":{"line":47,"column":4}}},"fnMap":{"0":{"name":"(anonymous_6)","decl":{"start":{"line":9,"column":22},"end":{"line":9,"column":23}},"loc":{"start":{"line":9,"column":56},"end":{"line":38,"column":1}}},"1":{"name":"(anonymous_7)","decl":{"start":{"line":14,"column":42},"end":{"line":14,"column":43}},"loc":{"start":{"line":14,"column":54},"end":{"line":16,"column":3}}},"2":{"name":"(anonymous_8)","decl":{"start":{"line":40,"column":15},"end":{"line":40,"column":16}},"loc":{"start":{"line":40,"column":47},"end":{"line":48,"column":3}}},"3":{"name":"(anonymous_9)","decl":{"start":{"line":40,"column":75},"end":{"line":40,"column":76}},"loc":{"start":{"line":40,"column":90},"end":{"line":48,"column":1}}}},"branchMap":{"0":{"loc":{"start":{"line":18,"column":2},"end":{"line":20,"column":null}},"type":"if","locations":[{"start":{"line":18,"column":2},"end":{"line":20,"column":null}}]}},"s":{"0":5,"1":5,"2":5,"3":5,"4":5,"5":5,"6":4,"7":4,"8":4,"9":4,"10":1,"11":4,"12":1,"13":3,"14":5,"15":5,"16":5},"f":{"0":4,"1":1,"2":5,"3":5},"b":{"0":[1]}}
}
