TN:
SF:packages/dialog/src/DialogContainer.tsx
FN:13,(anonymous_1)
FNF:1
FNH:1
FNDA:2,(anonymous_1)
DA:1,2
DA:2,2
DA:3,2
DA:4,2
DA:13,2
DA:14,2
DA:15,2
DA:16,2
DA:27,2
LF:9
LH:9
BRDA:19,0,0,1
BRDA:19,0,1,1
BRF:2
BRH:2
end_of_record
TN:
SF:packages/dialog/src/DialogTitle.tsx
FN:13,(anonymous_1)
FN:30,(anonymous_2)
FNF:2
FNH:2
FNDA:2,(anonymous_1)
FNDA:2,(anonymous_2)
DA:1,2
DA:3,2
DA:4,2
DA:5,2
DA:8,2
DA:9,2
DA:11,2
DA:13,2
DA:30,2
DA:31,2
DA:32,2
DA:48,2
LF:12
LH:12
BRDA:35,0,0,1
BRDA:35,0,1,1
BRF:2
BRH:2
end_of_record
TN:
SF:packages/dialog/src/index.ts
FNF:0
FNH:0
DA:1,2
DA:2,2
DA:4,2
LF:3
LH:3
BRF:0
BRH:0
end_of_record
TN:
SF:packages/extension/src/constants.ts
FNF:0
FNH:0
DA:1,0
DA:3,0
DA:5,0
DA:6,0
DA:7,0
DA:8,0
DA:9,0
DA:10,0
LF:8
LH:0
BRF:0
BRH:0
end_of_record
TN:
SF:packages/extension/src/extension.ts
FN:63,(anonymous_1)
FN:70,(anonymous_2)
FN:77,(anonymous_3)
FN:99,(anonymous_4)
FN:118,(anonymous_5)
FN:119,(anonymous_6)
FN:122,(anonymous_7)
FN:123,(anonymous_8)
FN:130,(anonymous_9)
FN:146,(anonymous_10)
FN:151,(anonymous_11)
FN:154,(anonymous_12)
FN:160,(anonymous_13)
FN:167,(anonymous_14)
FN:184,(anonymous_15)
FN:187,(anonymous_16)
FN:201,(anonymous_17)
FN:207,(anonymous_18)
FN:208,(anonymous_19)
FN:219,(anonymous_20)
FN:231,(anonymous_21)
FN:235,(anonymous_22)
FN:246,(anonymous_23)
FN:252,(anonymous_24)
FN:258,(anonymous_25)
FN:264,(anonymous_26)
FN:270,(anonymous_27)
FN:276,(anonymous_28)
FN:287,(anonymous_29)
FN:308,(anonymous_30)
FN:325,(anonymous_31)
FN:365,(anonymous_32)
FN:388,(anonymous_33)
FN:389,(anonymous_34)
FN:402,(anonymous_35)
FN:403,(anonymous_36)
FN:417,(anonymous_37)
FN:418,(anonymous_38)
FN:440,(anonymous_39)
FN:445,(anonymous_40)
FN:451,(anonymous_41)
FN:458,(anonymous_42)
FN:470,(anonymous_43)
FN:477,(anonymous_44)
FN:479,(anonymous_45)
FN:502,(anonymous_46)
FN:514,(anonymous_47)
FN:521,(anonymous_48)
FN:523,(anonymous_49)
FN:548,(anonymous_50)
FN:572,(anonymous_51)
FN:574,(anonymous_52)
FN:600,(anonymous_53)
FN:604,(anonymous_54)
FN:605,(anonymous_55)
FN:606,(anonymous_56)
FN:608,(anonymous_57)
FN:629,(anonymous_58)
FN:638,(anonymous_59)
FN:640,(anonymous_60)
FN:645,(anonymous_61)
FN:649,(anonymous_62)
FN:653,(anonymous_63)
FN:657,(anonymous_64)
FN:664,(anonymous_65)
FN:669,(anonymous_66)
FN:674,(anonymous_67)
FN:680,(anonymous_68)
FN:689,(anonymous_69)
FN:701,(anonymous_70)
FN:722,(anonymous_71)
FN:747,(anonymous_72)
FN:750,(anonymous_73)
FN:751,(anonymous_74)
FN:755,(anonymous_75)
FN:757,(anonymous_76)
FN:763,(anonymous_77)
FN:778,(anonymous_78)
FN:780,(anonymous_79)
FN:784,(anonymous_80)
FN:785,(anonymous_81)
FN:797,(anonymous_82)
FN:809,(anonymous_83)
FN:812,(anonymous_84)
FN:813,(anonymous_85)
FN:816,(anonymous_86)
FN:818,(anonymous_87)
FN:820,(anonymous_88)
FN:824,(anonymous_89)
FN:825,(anonymous_90)
FN:831,(anonymous_91)
FN:836,(anonymous_92)
FN:839,(anonymous_93)
FN:842,(anonymous_94)
FN:850,(anonymous_95)
FN:869,(anonymous_96)
FN:872,(anonymous_97)
FN:878,(anonymous_98)
FN:893,(anonymous_99)
FN:899,(anonymous_100)
FN:900,(anonymous_101)
FN:905,(anonymous_102)
FN:923,generateId
FNF:103
FNH:0
FNDA:0,(anonymous_1)
FNDA:0,(anonymous_2)
FNDA:0,(anonymous_3)
FNDA:0,(anonymous_4)
FNDA:0,(anonymous_5)
FNDA:0,(anonymous_6)
FNDA:0,(anonymous_7)
FNDA:0,(anonymous_8)
FNDA:0,(anonymous_9)
FNDA:0,(anonymous_10)
FNDA:0,(anonymous_11)
FNDA:0,(anonymous_12)
FNDA:0,(anonymous_13)
FNDA:0,(anonymous_14)
FNDA:0,(anonymous_15)
FNDA:0,(anonymous_16)
FNDA:0,(anonymous_17)
FNDA:0,(anonymous_18)
FNDA:0,(anonymous_19)
FNDA:0,(anonymous_20)
FNDA:0,(anonymous_21)
FNDA:0,(anonymous_22)
FNDA:0,(anonymous_23)
FNDA:0,(anonymous_24)
FNDA:0,(anonymous_25)
FNDA:0,(anonymous_26)
FNDA:0,(anonymous_27)
FNDA:0,(anonymous_28)
FNDA:0,(anonymous_29)
FNDA:0,(anonymous_30)
FNDA:0,(anonymous_31)
FNDA:0,(anonymous_32)
FNDA:0,(anonymous_33)
FNDA:0,(anonymous_34)
FNDA:0,(anonymous_35)
FNDA:0,(anonymous_36)
FNDA:0,(anonymous_37)
FNDA:0,(anonymous_38)
FNDA:0,(anonymous_39)
FNDA:0,(anonymous_40)
FNDA:0,(anonymous_41)
FNDA:0,(anonymous_42)
FNDA:0,(anonymous_43)
FNDA:0,(anonymous_44)
FNDA:0,(anonymous_45)
FNDA:0,(anonymous_46)
FNDA:0,(anonymous_47)
FNDA:0,(anonymous_48)
FNDA:0,(anonymous_49)
FNDA:0,(anonymous_50)
FNDA:0,(anonymous_51)
FNDA:0,(anonymous_52)
FNDA:0,(anonymous_53)
FNDA:0,(anonymous_54)
FNDA:0,(anonymous_55)
FNDA:0,(anonymous_56)
FNDA:0,(anonymous_57)
FNDA:0,(anonymous_58)
FNDA:0,(anonymous_59)
FNDA:0,(anonymous_60)
FNDA:0,(anonymous_61)
FNDA:0,(anonymous_62)
FNDA:0,(anonymous_63)
FNDA:0,(anonymous_64)
FNDA:0,(anonymous_65)
FNDA:0,(anonymous_66)
FNDA:0,(anonymous_67)
FNDA:0,(anonymous_68)
FNDA:0,(anonymous_69)
FNDA:0,(anonymous_70)
FNDA:0,(anonymous_71)
FNDA:0,(anonymous_72)
FNDA:0,(anonymous_73)
FNDA:0,(anonymous_74)
FNDA:0,(anonymous_75)
FNDA:0,(anonymous_76)
FNDA:0,(anonymous_77)
FNDA:0,(anonymous_78)
FNDA:0,(anonymous_79)
FNDA:0,(anonymous_80)
FNDA:0,(anonymous_81)
FNDA:0,(anonymous_82)
FNDA:0,(anonymous_83)
FNDA:0,(anonymous_84)
FNDA:0,(anonymous_85)
FNDA:0,(anonymous_86)
FNDA:0,(anonymous_87)
FNDA:0,(anonymous_88)
FNDA:0,(anonymous_89)
FNDA:0,(anonymous_90)
FNDA:0,(anonymous_91)
FNDA:0,(anonymous_92)
FNDA:0,(anonymous_93)
FNDA:0,(anonymous_94)
FNDA:0,(anonymous_95)
FNDA:0,(anonymous_96)
FNDA:0,(anonymous_97)
FNDA:0,(anonymous_98)
FNDA:0,(anonymous_99)
FNDA:0,(anonymous_100)
FNDA:0,(anonymous_101)
FNDA:0,(anonymous_102)
FNDA:0,generateId
DA:1,0
DA:2,0
DA:3,0
DA:4,0
DA:5,0
DA:6,0
DA:15,0
DA:24,0
DA:25,0
DA:27,0
DA:36,0
DA:37,0
DA:38,0
DA:40,0
DA:44,0
DA:45,0
DA:47,0
DA:48,0
DA:54,0
DA:64,0
DA:65,0
DA:67,0
DA:68,0
DA:69,0
DA:70,0
DA:72,0
DA:73,0
DA:74,0
DA:75,0
DA:77,0
DA:78,0
DA:79,0
DA:82,0
DA:83,0
DA:86,0
DA:87,0
DA:90,0
DA:93,0
DA:95,0
DA:99,0
DA:100,0
DA:101,0
DA:104,0
DA:105,0
DA:110,0
DA:116,0
DA:117,0
DA:118,0
DA:120,0
DA:122,0
DA:123,0
DA:131,0
DA:132,0
DA:133,0
DA:135,0
DA:136,0
DA:139,0
DA:140,0
DA:143,0
DA:147,0
DA:148,0
DA:152,0
DA:153,0
DA:155,0
DA:160,0
DA:161,0
DA:162,0
DA:163,0
DA:168,0
DA:175,0
DA:176,0
DA:177,0
DA:178,0
DA:179,0
DA:180,0
DA:181,0
DA:185,0
DA:187,0
DA:188,0
DA:189,0
DA:190,0
DA:194,0
DA:196,0
DA:200,0
DA:201,0
DA:204,0
DA:208,0
DA:209,0
DA:210,0
DA:212,0
DA:218,0
DA:220,0
DA:221,0
DA:222,0
DA:223,0
DA:224,0
DA:225,0
DA:226,0
DA:227,0
DA:228,0
DA:230,0
DA:231,0
DA:232,0
DA:233,0
DA:235,0
DA:236,0
DA:237,0
DA:238,0
DA:245,0
DA:247,0
DA:251,0
DA:253,0
DA:257,0
DA:259,0
DA:263,0
DA:265,0
DA:269,0
DA:271,0
DA:275,0
DA:277,0
DA:278,0
DA:288,0
DA:290,0
DA:291,0
DA:294,0
DA:295,0
DA:296,0
DA:302,0
DA:303,0
DA:306,0
DA:309,0
DA:312,0
DA:315,0
DA:318,0
DA:324,0
DA:326,0
DA:341,0
DA:343,0
DA:359,0
DA:366,0
DA:367,0
DA:370,0
DA:371,0
DA:372,0
DA:373,0
DA:377,0
DA:385,0
DA:389,0
DA:390,0
DA:391,0
DA:393,0
DA:399,0
DA:403,0
DA:404,0
DA:405,0
DA:406,0
DA:408,0
DA:414,0
DA:418,0
DA:419,0
DA:420,0
DA:421,0
DA:422,0
DA:423,0
DA:427,0
DA:437,0
DA:441,0
DA:443,0
DA:444,0
DA:445,0
DA:446,0
DA:451,0
DA:452,0
DA:456,0
DA:458,0
DA:459,0
DA:461,0
DA:467,0
DA:471,0
DA:473,0
DA:474,0
DA:477,0
DA:478,0
DA:479,0
DA:480,0
DA:481,0
DA:492,0
DA:493,0
DA:496,0
DA:497,0
DA:503,0
DA:504,0
DA:511,0
DA:515,0
DA:517,0
DA:518,0
DA:521,0
DA:522,0
DA:523,0
DA:524,0
DA:525,0
DA:534,0
DA:535,0
DA:537,0
DA:540,0
DA:545,0
DA:550,0
DA:554,0
DA:555,0
DA:558,0
DA:559,0
DA:560,0
DA:562,0
DA:572,0
DA:573,0
DA:574,0
DA:575,0
DA:576,0
DA:577,0
DA:579,0
DA:582,0
DA:583,0
DA:588,0
DA:591,0
DA:593,0
DA:594,0
DA:600,0
DA:601,0
DA:605,0
DA:606,0
DA:607,0
DA:608,0
DA:609,0
DA:610,0
DA:611,0
DA:612,0
DA:613,0
DA:614,0
DA:615,0
DA:616,0
DA:617,0
DA:619,0
DA:620,0
DA:622,0
DA:625,0
DA:630,0
DA:631,0
DA:639,0
DA:640,0
DA:641,0
DA:642,0
DA:646,0
DA:650,0
DA:654,0
DA:656,0
DA:658,0
DA:659,0
DA:663,0
DA:665,0
DA:668,0
DA:670,0
DA:673,0
DA:675,0
DA:681,0
DA:682,0
DA:693,0
DA:694,0
DA:695,0
DA:697,0
DA:698,0
DA:699,0
DA:700,0
DA:701,0
DA:702,0
DA:706,0
DA:707,0
DA:708,0
DA:711,0
DA:712,0
DA:715,0
DA:719,0
DA:727,0
DA:728,0
DA:729,0
DA:730,0
DA:737,0
DA:742,0
DA:743,0
DA:744,0
DA:748,0
DA:750,0
DA:752,0
DA:753,0
DA:755,0
DA:758,0
DA:764,0
DA:765,0
DA:766,0
DA:767,0
DA:768,0
DA:769,0
DA:771,0
DA:772,0
DA:773,0
DA:775,0
DA:778,0
DA:780,0
DA:785,0
DA:786,0
DA:790,0
DA:795,0
DA:796,0
DA:798,0
DA:799,0
DA:804,0
DA:810,0
DA:812,0
DA:814,0
DA:817,0
DA:819,0
DA:820,0
DA:824,0
DA:826,0
DA:827,0
DA:832,0
DA:837,0
DA:840,0
DA:843,0
DA:844,0
DA:847,0
DA:851,0
DA:856,0
DA:861,0
DA:862,0
DA:864,0
DA:870,0
DA:873,0
DA:874,0
DA:879,0
DA:882,0
DA:889,0
DA:898,0
DA:899,0
DA:901,0
DA:908,0
DA:912,0
DA:917,0
DA:918,0
DA:919,0
DA:924,0
DA:925,0
LF:351
LH:0
BRDA:78,0,0,0
BRDA:82,1,0,0
BRDA:86,2,0,0
BRDA:100,3,0,0
BRDA:132,4,0,0
BRDA:132,4,1,0
BRDA:133,5,0,0
BRDA:133,5,1,0
BRDA:135,6,0,0
BRDA:139,7,0,0
BRDA:139,8,0,0
BRDA:139,8,1,0
BRDA:139,8,2,0
BRDA:187,9,0,0
BRDA:189,10,0,0
BRDA:209,11,0,0
BRDA:223,12,0,0
BRDA:223,12,1,0
BRDA:227,13,0,0
BRDA:232,14,0,0
BRDA:237,15,0,0
BRDA:237,16,0,0
BRDA:237,16,1,0
BRDA:288,17,0,0
BRDA:288,17,1,0
BRDA:290,18,0,0
BRDA:302,19,0,0
BRDA:366,20,0,0
BRDA:370,21,0,0
BRDA:370,21,1,0
BRDA:370,22,0,0
BRDA:370,22,1,0
BRDA:390,23,0,0
BRDA:404,24,0,0
BRDA:404,24,1,0
BRDA:404,25,0,0
BRDA:404,25,1,0
BRDA:405,26,0,0
BRDA:405,27,0,0
BRDA:405,27,1,0
BRDA:418,28,0,0
BRDA:418,28,1,0
BRDA:418,29,0,0
BRDA:418,29,1,0
BRDA:419,30,0,0
BRDA:419,30,1,0
BRDA:419,31,0,0
BRDA:419,31,1,0
BRDA:420,32,0,0
BRDA:422,33,0,0
BRDA:423,34,0,0
BRDA:423,34,1,0
BRDA:423,35,0,0
BRDA:423,35,1,0
BRDA:443,36,0,0
BRDA:473,37,0,0
BRDA:478,38,0,0
BRDA:478,38,1,0
BRDA:480,39,0,0
BRDA:480,40,0,0
BRDA:480,40,1,0
BRDA:490,41,0,0
BRDA:490,41,1,0
BRDA:490,42,0,0
BRDA:490,42,1,0
BRDA:503,43,0,0
BRDA:517,44,0,0
BRDA:522,45,0,0
BRDA:522,45,1,0
BRDA:524,46,0,0
BRDA:524,47,0,0
BRDA:524,47,1,0
BRDA:532,48,0,0
BRDA:532,48,1,0
BRDA:532,49,0,0
BRDA:532,49,1,0
BRDA:550,50,0,0
BRDA:550,50,1,0
BRDA:550,51,0,0
BRDA:550,51,1,0
BRDA:550,52,0,0
BRDA:550,52,1,0
BRDA:554,53,0,0
BRDA:558,54,0,0
BRDA:558,54,1,0
BRDA:558,55,0,0
BRDA:558,55,1,0
BRDA:560,56,0,0
BRDA:560,56,1,0
BRDA:560,57,0,0
BRDA:560,57,1,0
BRDA:568,58,0,0
BRDA:568,58,1,0
BRDA:569,59,0,0
BRDA:569,59,1,0
BRDA:569,60,0,0
BRDA:569,60,1,0
BRDA:573,61,0,0
BRDA:573,61,1,0
BRDA:575,62,0,0
BRDA:575,63,0,0
BRDA:575,63,1,0
BRDA:607,64,0,0
BRDA:607,64,1,0
BRDA:610,65,0,0
BRDA:610,66,0,0
BRDA:610,66,1,0
BRDA:613,67,0,0
BRDA:613,67,1,0
BRDA:616,68,0,0
BRDA:630,69,0,0
BRDA:658,70,0,0
BRDA:681,71,0,0
BRDA:699,72,0,0
BRDA:699,73,0,0
BRDA:699,73,1,0
BRDA:700,74,0,0
BRDA:702,75,0,0
BRDA:703,76,0,0
BRDA:703,76,1,0
BRDA:711,77,0,0
BRDA:728,78,0,0
BRDA:728,78,1,0
BRDA:752,79,0,0
BRDA:819,80,0,0
BRDA:819,80,1,0
BRDA:826,81,0,0
BRDA:840,82,0,0
BRDA:840,82,1,0
BRDA:843,83,0,0
BRDA:843,84,0,0
BRDA:843,84,1,0
BRDA:851,85,0,0
BRDA:851,85,1,0
BRDA:852,86,0,0
BRDA:852,86,1,0
BRDA:852,86,2,0
BRDA:861,87,0,0
BRDA:861,87,1,0
BRDA:861,88,0,0
BRDA:861,88,1,0
BRDA:873,89,0,0
BRDA:873,90,0,0
BRDA:873,90,1,0
BRDA:879,91,0,0
BRDA:879,91,1,0
BRF:146
BRH:0
end_of_record
TN:
SF:packages/extension/src/gui.view.ts
FN:32,(anonymous_1)
FN:41,(anonymous_2)
FN:45,(anonymous_3)
FN:49,(anonymous_4)
FN:56,(anonymous_5)
FN:81,(anonymous_6)
FN:135,(anonymous_7)
FN:138,(anonymous_8)
FN:185,(anonymous_9)
FN:193,(anonymous_10)
FN:201,(anonymous_11)
FN:202,(anonymous_12)
FN:207,(anonymous_13)
FN:215,(anonymous_14)
FN:219,(anonymous_15)
FN:226,(anonymous_16)
FN:228,(anonymous_17)
FN:230,(anonymous_18)
FN:235,(anonymous_19)
FNF:19
FNH:0
FNDA:0,(anonymous_1)
FNDA:0,(anonymous_2)
FNDA:0,(anonymous_3)
FNDA:0,(anonymous_4)
FNDA:0,(anonymous_5)
FNDA:0,(anonymous_6)
FNDA:0,(anonymous_7)
FNDA:0,(anonymous_8)
FNDA:0,(anonymous_9)
FNDA:0,(anonymous_10)
FNDA:0,(anonymous_11)
FNDA:0,(anonymous_12)
FNDA:0,(anonymous_13)
FNDA:0,(anonymous_14)
FNDA:0,(anonymous_15)
FNDA:0,(anonymous_16)
FNDA:0,(anonymous_17)
FNDA:0,(anonymous_18)
FNDA:0,(anonymous_19)
DA:1,0
DA:2,0
DA:3,0
DA:4,0
DA:5,0
DA:6,0
DA:7,0
DA:8,0
DA:9,0
DA:10,0
DA:16,0
DA:17,0
DA:24,0
DA:26,0
DA:27,0
DA:28,0
DA:29,0
DA:33,0
DA:34,0
DA:35,0
DA:36,0
DA:38,0
DA:42,0
DA:46,0
DA:50,0
DA:51,0
DA:53,0
DA:57,0
DA:58,0
DA:59,0
DA:60,0
DA:63,0
DA:64,0
DA:73,0
DA:81,0
DA:82,0
DA:83,0
DA:84,0
DA:85,0
DA:88,0
DA:93,0
DA:97,0
DA:98,0
DA:99,0
DA:101,0
DA:102,0
DA:113,0
DA:114,0
DA:115,0
DA:116,0
DA:122,0
DA:134,0
DA:135,0
DA:136,0
DA:137,0
DA:138,0
DA:148,0
DA:149,0
DA:150,0
DA:151,0
DA:154,0
DA:155,0
DA:156,0
DA:160,0
DA:161,0
DA:165,0
DA:183,0
DA:184,0
DA:185,0
DA:186,0
DA:188,0
DA:189,0
DA:192,0
DA:193,0
DA:194,0
DA:195,0
DA:199,0
DA:201,0
DA:202,0
DA:207,0
DA:208,0
DA:209,0
DA:210,0
DA:211,0
DA:212,0
DA:213,0
DA:214,0
DA:215,0
DA:216,0
DA:218,0
DA:219,0
DA:220,0
DA:221,0
DA:224,0
DA:226,0
DA:228,0
DA:230,0
DA:236,0
DA:237,0
LF:99
LH:0
BRDA:46,0,0,0
BRDA:46,0,1,0
BRDA:46,1,0,0
BRDA:46,1,1,0
BRDA:50,2,0,0
BRDA:56,3,0,0
BRDA:57,4,0,0
BRDA:57,5,0,0
BRDA:57,5,1,0
BRDA:101,6,0,0
BRDA:101,6,1,0
BRDA:101,7,0,0
BRDA:101,7,1,0
BRDA:101,8,0,0
BRDA:101,8,1,0
BRDA:115,9,0,0
BRDA:122,10,0,0
BRDA:126,11,0,0
BRDA:126,11,1,0
BRDA:126,11,2,0
BRDA:126,11,3,0
BRDA:137,12,0,0
BRDA:148,13,0,0
BRDA:150,14,0,0
BRDA:160,15,0,0
BRDA:160,15,1,0
BRDA:160,16,0,0
BRDA:160,16,1,0
BRDA:161,17,0,0
BRDA:161,17,1,0
BRDA:161,18,0,0
BRDA:161,18,1,0
BRDA:161,18,2,0
BRDA:161,18,3,0
BRDA:188,19,0,0
BRDA:194,20,0,0
BRDA:208,21,0,0
BRDA:208,21,1,0
BRDA:208,22,0,0
BRDA:208,22,1,0
BRDA:212,23,0,0
BRDA:212,24,0,0
BRDA:212,24,1,0
BRDA:212,24,2,0
BRDA:220,25,0,0
BRDA:220,26,0,0
BRDA:220,26,1,0
BRDA:228,27,0,0
BRDA:228,27,1,0
BRDA:236,28,0,0
BRF:50
BRH:0
end_of_record
TN:
SF:packages/extension/src/index.ts
FN:7,activate
FN:13,(anonymous_1)
FN:15,(anonymous_2)
FN:24,deactivate
FNF:4
FNH:0
FNDA:0,activate
FNDA:0,(anonymous_1)
FNDA:0,(anonymous_2)
FNDA:0,deactivate
DA:4,0
DA:5,0
DA:7,0
DA:8,0
DA:9,0
DA:11,0
DA:14,0
DA:15,0
DA:16,0
DA:24,0
LF:10
LH:0
BRF:0
BRH:0
end_of_record
TN:
SF:packages/extension/src/state.manager.ts
FN:50,(anonymous_1)
FN:54,(anonymous_2)
FN:97,(anonymous_3)
FN:101,(anonymous_4)
FN:105,(anonymous_5)
FN:109,(anonymous_6)
FN:116,(anonymous_7)
FN:119,(anonymous_8)
FN:123,(anonymous_9)
FN:130,(anonymous_10)
FN:133,(anonymous_11)
FN:141,(anonymous_12)
FN:145,(anonymous_13)
FN:151,(anonymous_14)
FN:156,(anonymous_15)
FN:158,(anonymous_16)
FN:167,(anonymous_17)
FN:186,(anonymous_18)
FN:187,(anonymous_19)
FN:188,(anonymous_20)
FN:202,(anonymous_21)
FN:228,(anonymous_22)
FN:243,(anonymous_23)
FNF:23
FNH:5
FNDA:1,(anonymous_1)
FNDA:1,(anonymous_2)
FNDA:1,(anonymous_3)
FNDA:0,(anonymous_4)
FNDA:0,(anonymous_5)
FNDA:0,(anonymous_6)
FNDA:0,(anonymous_7)
FNDA:0,(anonymous_8)
FNDA:0,(anonymous_9)
FNDA:0,(anonymous_10)
FNDA:0,(anonymous_11)
FNDA:0,(anonymous_12)
FNDA:0,(anonymous_13)
FNDA:0,(anonymous_14)
FNDA:0,(anonymous_15)
FNDA:0,(anonymous_16)
FNDA:0,(anonymous_17)
FNDA:0,(anonymous_18)
FNDA:0,(anonymous_19)
FNDA:0,(anonymous_20)
FNDA:5,(anonymous_21)
FNDA:2,(anonymous_22)
FNDA:0,(anonymous_23)
DA:1,1
DA:2,1
DA:3,1
DA:4,1
DA:15,1
DA:50,1
DA:51,1
DA:54,1
DA:55,1
DA:56,1
DA:57,1
DA:93,1
DA:94,1
DA:95,1
DA:97,1
DA:98,1
DA:102,0
DA:106,0
DA:110,0
DA:111,0
DA:112,0
DA:113,0
DA:117,0
DA:119,0
DA:121,0
DA:124,0
DA:128,0
DA:131,0
DA:134,0
DA:135,0
DA:142,0
DA:146,0
DA:147,0
DA:149,0
DA:151,0
DA:152,0
DA:157,0
DA:162,0
DA:163,0
DA:164,0
DA:165,0
DA:168,0
DA:173,0
DA:174,0
DA:177,0
DA:187,0
DA:188,0
DA:189,0
DA:190,0
DA:191,0
DA:192,0
DA:193,0
DA:194,0
DA:195,0
DA:197,0
DA:203,5
DA:204,3
DA:207,5
DA:208,5
DA:212,1
DA:215,5
DA:228,2
DA:237,1
DA:240,5
DA:244,0
DA:245,0
DA:246,0
DA:247,0
DA:249,0
DA:250,0
DA:251,0
DA:252,0
DA:253,0
DA:254,0
DA:258,0
DA:259,0
DA:260,0
DA:261,0
DA:263,0
DA:266,0
LF:80
LH:25
BRDA:50,0,0,1
BRDA:50,0,1,1
BRDA:54,1,0,1
BRDA:54,1,1,1
BRDA:173,2,0,0
BRDA:189,3,0,0
BRDA:189,3,1,0
BRDA:189,4,0,0
BRDA:189,4,1,0
BRDA:191,5,0,0
BRDA:191,6,0,0
BRDA:191,6,1,0
BRDA:203,7,0,3
BRDA:208,8,0,1
BRDA:209,9,0,5
BRDA:209,9,1,5
BRDA:215,10,0,1
BRDA:219,11,0,5
BRDA:219,11,1,3
BRDA:219,11,2,3
BRDA:219,11,3,2
BRDA:245,12,0,0
BRDA:245,12,1,0
BRDA:249,13,0,0
BRDA:249,13,1,0
BRDA:252,14,0,0
BRDA:255,15,0,0
BRDA:255,15,1,0
BRDA:258,16,0,0
BRDA:258,17,0,0
BRDA:258,17,1,0
BRF:31
BRH:13
end_of_record
TN:
SF:packages/extension/src/tree.view.ts
FN:38,(anonymous_1)
FN:45,(anonymous_2)
FN:53,(anonymous_3)
FN:58,(anonymous_4)
FN:62,(anonymous_5)
FN:78,(anonymous_6)
FN:89,(anonymous_7)
FN:110,(anonymous_8)
FN:111,(anonymous_9)
FN:119,(anonymous_10)
FN:123,(anonymous_11)
FN:126,(anonymous_12)
FN:165,(anonymous_13)
FN:169,(anonymous_14)
FN:175,(anonymous_15)
FN:230,(anonymous_16)
FN:237,(anonymous_17)
FN:243,(anonymous_18)
FN:267,(anonymous_19)
FN:274,(anonymous_20)
FN:276,(anonymous_21)
FN:279,(anonymous_22)
FN:324,(anonymous_23)
FN:350,(anonymous_24)
FN:357,(anonymous_25)
FN:358,(anonymous_26)
FN:401,(anonymous_27)
FN:435,(anonymous_28)
FN:442,(anonymous_29)
FN:443,(anonymous_30)
FNF:30
FNH:26
FNDA:9,(anonymous_1)
FNDA:0,(anonymous_2)
FNDA:1,(anonymous_3)
FNDA:1,(anonymous_4)
FNDA:2,(anonymous_5)
FNDA:6,(anonymous_6)
FNDA:2,(anonymous_7)
FNDA:1,(anonymous_8)
FNDA:1,(anonymous_9)
FNDA:1,(anonymous_10)
FNDA:4,(anonymous_11)
FNDA:3,(anonymous_12)
FNDA:1,(anonymous_13)
FNDA:1,(anonymous_14)
FNDA:7,(anonymous_15)
FNDA:4,(anonymous_16)
FNDA:62,(anonymous_17)
FNDA:2,(anonymous_18)
FNDA:0,(anonymous_19)
FNDA:1,(anonymous_20)
FNDA:3,(anonymous_21)
FNDA:2,(anonymous_22)
FNDA:2,(anonymous_23)
FNDA:0,(anonymous_24)
FNDA:1,(anonymous_25)
FNDA:1,(anonymous_26)
FNDA:1,(anonymous_27)
FNDA:0,(anonymous_28)
FNDA:1,(anonymous_29)
FNDA:1,(anonymous_30)
DA:1,1
DA:2,1
DA:6,1
DA:8,1
DA:27,1
DA:28,9
DA:29,9
DA:30,9
DA:35,9
DA:36,9
DA:39,9
DA:40,9
DA:44,9
DA:46,0
DA:50,9
DA:54,1
DA:55,1
DA:59,1
DA:63,2
DA:64,2
DA:66,2
DA:67,2
DA:68,2
DA:69,2
DA:75,2
DA:76,2
DA:77,2
DA:78,2
DA:79,6
DA:80,2
DA:82,4
DA:83,2
DA:85,2
DA:89,2
DA:90,2
DA:92,2
DA:93,2
DA:99,2
DA:101,2
DA:102,2
DA:104,2
DA:105,2
DA:107,2
DA:111,1
DA:112,1
DA:113,1
DA:116,1
DA:120,1
DA:125,4
DA:126,1
DA:127,3
DA:134,3
DA:135,3
DA:136,1
DA:138,3
DA:141,1
DA:143,3
DA:144,1
DA:149,2
DA:150,1
DA:155,1
DA:156,1
DA:162,0
DA:166,1
DA:170,1
DA:174,1
DA:176,7
DA:177,7
DA:178,7
DA:179,7
DA:180,7
DA:181,7
DA:182,7
DA:183,7
DA:185,7
DA:187,7
DA:189,7
DA:190,7
DA:192,7
DA:193,7
DA:195,7
DA:196,7
DA:198,7
DA:199,7
DA:201,7
DA:203,0
DA:207,0
DA:209,1
DA:213,1
DA:215,2
DA:218,2
DA:222,2
DA:226,2
DA:231,4
DA:232,4
DA:233,0
DA:238,62
DA:244,2
DA:245,2
DA:246,2
DA:247,2
DA:248,2
DA:249,2
DA:250,2
DA:251,2
DA:252,2
DA:254,2
DA:264,2
DA:268,0
DA:269,0
DA:271,0
DA:275,1
DA:277,3
DA:281,2
DA:296,2
DA:297,2
DA:299,2
DA:301,1
DA:302,0
DA:319,1
DA:325,2
DA:326,2
DA:327,2
DA:328,2
DA:329,2
DA:330,2
DA:331,2
DA:332,2
DA:334,2
DA:335,2
DA:338,2
DA:342,2
DA:347,2
DA:351,0
DA:352,0
DA:354,0
DA:358,1
DA:359,1
DA:371,1
DA:372,1
DA:375,1
DA:378,1
DA:379,0
DA:396,1
DA:402,1
DA:403,1
DA:404,1
DA:405,1
DA:406,1
DA:407,1
DA:408,1
DA:409,1
DA:411,1
DA:422,1
DA:425,1
DA:429,1
DA:436,0
DA:437,0
DA:439,0
DA:443,1
DA:444,1
DA:456,1
DA:457,1
DA:460,1
DA:463,1
DA:464,0
DA:481,1
LF:167
LH:150
BRDA:66,0,0,2
BRDA:66,1,0,2
BRDA:66,1,1,0
BRDA:68,2,0,2
BRDA:68,2,1,0
BRDA:68,3,0,0
BRDA:68,3,1,0
BRDA:75,4,0,2
BRDA:79,5,0,2
BRDA:82,6,0,2
BRDA:82,6,1,2
BRDA:92,7,0,2
BRDA:92,7,1,0
BRDA:101,8,0,2
BRDA:101,8,1,0
BRDA:101,9,0,0
BRDA:101,9,1,0
BRDA:104,10,0,2
BRDA:104,10,1,0
BRDA:104,11,0,0
BRDA:104,11,1,0
BRDA:125,12,0,1
BRDA:125,12,1,3
BRDA:135,13,0,1
BRDA:143,14,0,1
BRDA:145,15,0,1
BRDA:145,15,1,0
BRDA:149,16,0,1
BRDA:151,17,0,1
BRDA:151,17,1,0
BRDA:155,18,0,1
BRDA:157,19,0,1
BRDA:157,19,1,0
BRDA:201,20,0,0
BRDA:201,20,1,1
BRDA:201,20,2,2
BRDA:215,21,0,1
BRDA:215,21,1,1
BRDA:218,22,0,1
BRDA:218,22,1,1
BRDA:232,23,0,0
BRDA:268,24,0,0
BRDA:296,25,0,2
BRDA:301,26,0,0
BRDA:331,27,0,1
BRDA:332,28,0,1
BRDA:335,29,0,0
BRDA:335,29,1,2
BRDA:338,30,0,0
BRDA:338,30,1,2
BRDA:351,31,0,0
BRDA:371,32,0,1
BRDA:378,33,0,0
BRDA:408,34,0,1
BRDA:409,35,0,1
BRDA:422,36,0,0
BRDA:422,36,1,1
BRDA:425,37,0,0
BRDA:425,37,1,1
BRDA:436,38,0,0
BRDA:456,39,0,1
BRDA:463,40,0,0
BRF:62
BRH:36
end_of_record
TN:
SF:packages/extension/src/utils.ts
FN:3,(anonymous_1)
FN:4,(anonymous_2)
FN:13,(anonymous_3)
FN:18,(anonymous_4)
FNF:4
FNH:4
FNDA:6,(anonymous_1)
FNDA:24,(anonymous_2)
FNDA:10,(anonymous_3)
FNDA:14,(anonymous_4)
DA:1,2
DA:3,2
DA:4,24
DA:6,6
DA:7,4
DA:10,2
DA:13,2
DA:18,10
DA:19,14
DA:20,11
DA:21,3
DA:22,1
DA:24,2
LF:13
LH:13
BRDA:6,0,0,4
BRDA:19,1,0,11
BRDA:19,1,1,3
BRDA:21,2,0,1
BRDA:21,3,0,3
BRDA:21,3,1,2
BRF:6
BRH:6
end_of_record
TN:
SF:packages/gui/src/Container.tsx
FN:19,(anonymous_7)
FN:28,(anonymous_8)
FN:41,(anonymous_9)
FN:43,(anonymous_10)
FN:44,(anonymous_11)
FN:73,(anonymous_12)
FN:75,(anonymous_13)
FN:76,(anonymous_14)
FN:107,(anonymous_15)
FN:123,(anonymous_16)
FN:128,(anonymous_17)
FN:129,(anonymous_18)
FN:134,(anonymous_19)
FN:142,(anonymous_20)
FN:161,(anonymous_21)
FN:163,(anonymous_22)
FN:164,(anonymous_23)
FN:169,(anonymous_24)
FNF:18
FNH:17
FNDA:2,(anonymous_7)
FNDA:2,(anonymous_8)
FNDA:10,(anonymous_9)
FNDA:30,(anonymous_10)
FNDA:100,(anonymous_11)
FNDA:2,(anonymous_12)
FNDA:6,(anonymous_13)
FNDA:4,(anonymous_14)
FNDA:2,(anonymous_15)
FNDA:2,(anonymous_16)
FNDA:1,(anonymous_17)
FNDA:14,(anonymous_18)
FNDA:1,(anonymous_19)
FNDA:1,(anonymous_20)
FNDA:1,(anonymous_21)
FNDA:1,(anonymous_22)
FNDA:1,(anonymous_23)
FNDA:0,(anonymous_24)
DA:1,1
DA:3,1
DA:4,1
DA:5,1
DA:6,1
DA:8,1
DA:9,1
DA:11,1
DA:12,1
DA:13,1
DA:14,1
DA:16,1
DA:17,1
DA:19,1
DA:20,2
DA:28,2
DA:29,2
DA:30,0
DA:33,2
DA:38,2
DA:39,2
DA:41,2
DA:42,10
DA:43,10
DA:44,100
DA:45,30
DA:46,0
DA:58,0
DA:59,0
DA:64,2
DA:65,0
DA:67,2
DA:70,0
DA:73,2
DA:74,2
DA:75,6
DA:77,4
DA:78,4
DA:87,2
DA:108,2
DA:123,1
DA:124,2
DA:125,2
DA:126,2
DA:128,2
DA:129,1
DA:130,14
DA:134,2
DA:135,1
DA:136,1
DA:138,0
DA:142,2
DA:143,1
DA:144,1
DA:153,0
DA:161,2
DA:162,1
DA:163,1
DA:164,1
DA:167,2
DA:169,0
DA:206,1
LF:62
LH:53
BRDA:29,0,0,0
BRDA:29,1,0,2
BRDA:29,1,1,2
BRDA:33,2,0,2
BRDA:34,3,0,2
BRDA:34,3,1,2
BRDA:34,3,2,2
BRDA:45,4,0,0
BRDA:64,5,0,0
BRDA:64,5,1,2
BRDA:75,6,0,6
BRDA:75,6,1,6
BRDA:89,7,0,2
BRDA:89,7,1,0
BRDA:102,8,0,2
BRDA:102,8,1,2
BRDA:135,9,0,1
BRDA:135,9,1,0
BRDA:143,10,0,1
BRDA:143,10,1,0
BRDA:169,11,0,2
BRDA:169,11,1,1
BRF:22
BRH:16
end_of_record
TN:
SF:packages/gui/src/constants.ts
FNF:0
FNH:0
DA:1,12
DA:2,12
DA:3,12
DA:4,12
DA:5,12
DA:6,12
DA:7,12
DA:8,12
DA:12,12
DA:22,12
DA:23,12
DA:124,12
DA:177,12
DA:230,12
DA:283,12
DA:291,12
DA:302,12
DA:304,12
LF:18
LH:18
BRF:0
BRH:0
end_of_record
TN:
SF:packages/gui/src/index.tsx
FN:32,(anonymous_7)
FN:52,(anonymous_8)
FN:53,(anonymous_9)
FNF:3
FNH:3
FNDA:2,(anonymous_7)
FNDA:1,(anonymous_8)
FNDA:1,(anonymous_9)
DA:1,1
DA:2,1
DA:4,1
DA:5,1
DA:7,1
DA:8,1
DA:10,1
DA:11,1
DA:12,1
DA:13,1
DA:14,1
DA:17,1
DA:18,1
DA:20,1
DA:22,1
DA:26,1
DA:27,1
DA:28,1
DA:30,1
DA:32,1
DA:33,2
DA:52,1
DA:53,1
DA:54,1
DA:57,1
DA:67,1
DA:68,0
LF:27
LH:26
BRDA:67,0,0,0
BRF:1
BRH:0
end_of_record
TN:
SF:packages/gui/src/sentry.ts
FN:7,init
FN:22,(anonymous_7)
FN:28,setUserID
FN:33,(anonymous_9)
FNF:4
FNH:2
FNDA:3,init
FNDA:0,(anonymous_7)
FNDA:2,setUserID
FNDA:0,(anonymous_9)
DA:1,2
DA:2,2
DA:3,2
DA:5,2
DA:9,3
DA:11,3
DA:21,3
DA:22,1
DA:23,0
DA:29,2
DA:30,1
DA:33,1
DA:34,0
DA:38,2
LF:14
LH:12
BRDA:9,0,0,0
BRDA:9,0,1,3
BRDA:21,1,0,1
BRDA:29,2,0,1
BRF:4
BRH:3
end_of_record
TN:
SF:packages/gui/src/components/EmojiPop.tsx
FN:15,(anonymous_7)
FN:18,(anonymous_8)
FN:22,(anonymous_9)
FNF:3
FNH:1
FNDA:8,(anonymous_7)
FNDA:0,(anonymous_8)
FNDA:0,(anonymous_9)
DA:1,2
DA:2,2
DA:3,2
DA:4,2
DA:5,2
DA:6,2
DA:8,2
DA:15,2
DA:16,8
DA:18,8
DA:19,0
DA:22,8
DA:23,0
DA:26,8
DA:27,8
DA:29,8
DA:74,2
LF:17
LH:15
BRDA:27,0,0,0
BRDA:27,0,1,8
BRDA:36,1,0,0
BRDA:36,1,1,8
BRDA:59,2,0,0
BRDA:59,2,1,8
BRF:6
BRH:3
end_of_record
TN:
SF:packages/gui/src/components/HideWidgetContent.tsx
FN:12,(anonymous_7)
FN:22,(anonymous_8)
FN:29,(anonymous_9)
FN:33,(anonymous_10)
FNF:4
FNH:3
FNDA:2,(anonymous_7)
FNDA:1,(anonymous_8)
FNDA:1,(anonymous_9)
FNDA:0,(anonymous_10)
DA:1,1
DA:2,1
DA:3,1
DA:5,1
DA:6,1
DA:12,1
DA:13,2
DA:14,2
DA:16,2
DA:22,1
DA:29,1
DA:33,0
DA:39,1
LF:13
LH:12
BRDA:33,0,0,2
BRDA:33,0,1,1
BRF:2
BRH:2
end_of_record
TN:
SF:packages/gui/src/components/ModeConfigToolbar.tsx
FN:9,(anonymous_7)
FN:27,(anonymous_8)
FN:33,(anonymous_9)
FN:41,(anonymous_10)
FNF:4
FNH:3
FNDA:1,(anonymous_7)
FNDA:2,(anonymous_8)
FNDA:0,(anonymous_9)
FNDA:1,(anonymous_10)
DA:1,1
DA:2,1
DA:3,1
DA:4,1
DA:6,1
DA:7,1
DA:9,1
DA:27,1
DA:28,2
DA:29,2
DA:31,2
DA:33,0
DA:41,1
DA:55,1
LF:14
LH:13
BRDA:33,0,0,2
BRDA:33,0,1,1
BRF:2
BRH:2
end_of_record
TN:
SF:packages/gui/src/components/ModeDialogContent.tsx
FN:30,(anonymous_7)
FN:39,(anonymous_8)
FN:53,TabPanel
FN:75,(anonymous_10)
FN:91,(anonymous_11)
FN:94,(anonymous_12)
FN:114,(anonymous_13)
FN:129,(anonymous_14)
FN:135,(anonymous_15)
FN:142,(anonymous_16)
FN:186,(anonymous_17)
FN:191,(anonymous_18)
FN:195,(anonymous_19)
FN:201,(anonymous_20)
FN:220,(anonymous_21)
FN:264,(anonymous_22)
FNF:16
FNH:15
FNDA:1,(anonymous_7)
FNDA:1,(anonymous_8)
FNDA:3,TabPanel
FNDA:1,(anonymous_10)
FNDA:8,(anonymous_11)
FNDA:8,(anonymous_12)
FNDA:1,(anonymous_13)
FNDA:1,(anonymous_14)
FNDA:8,(anonymous_15)
FNDA:1,(anonymous_16)
FNDA:1,(anonymous_17)
FNDA:1,(anonymous_18)
FNDA:1,(anonymous_19)
FNDA:0,(anonymous_20)
FNDA:3,(anonymous_21)
FNDA:3,(anonymous_22)
DA:1,1
DA:2,1
DA:17,1
DA:18,1
DA:19,1
DA:20,1
DA:22,1
DA:23,1
DA:25,1
DA:26,1
DA:27,1
DA:30,1
DA:39,1
DA:54,3
DA:56,3
DA:69,1
DA:75,1
DA:91,1
DA:92,8
DA:94,8
DA:95,8
DA:96,8
DA:98,0
DA:102,8
DA:115,1
DA:116,1
DA:117,1
DA:129,1
DA:130,1
DA:131,1
DA:133,1
DA:136,8
DA:143,1
DA:144,1
DA:145,1
DA:186,1
DA:187,1
DA:188,1
DA:189,1
DA:191,1
DA:192,1
DA:195,1
DA:196,1
DA:197,0
DA:201,1
DA:202,0
DA:205,1
DA:221,3
DA:265,3
DA:282,1
LF:50
LH:47
BRDA:64,0,0,3
BRDA:64,0,1,1
BRDA:95,1,0,8
BRDA:95,1,1,0
BRDA:95,2,0,8
BRDA:95,2,1,8
BRDA:161,3,0,8
BRDA:161,3,1,1
BRDA:161,3,2,7
BRDA:196,4,0,0
BRDA:219,5,0,1
BRDA:219,5,1,1
BRDA:236,6,0,3
BRDA:236,6,1,2
BRDA:239,7,0,3
BRDA:239,7,1,1
BRDA:263,8,0,1
BRDA:263,8,1,1
BRF:18
BRH:16
end_of_record
TN:
SF:packages/gui/src/components/ModeMorePop.tsx
FN:12,(anonymous_7)
FN:17,(anonymous_8)
FN:21,(anonymous_9)
FN:25,(anonymous_10)
FN:54,(anonymous_11)
FNF:5
FNH:5
FNDA:3,(anonymous_7)
FNDA:1,(anonymous_8)
FNDA:1,(anonymous_9)
FNDA:1,(anonymous_10)
FNDA:1,(anonymous_11)
DA:1,1
DA:2,1
DA:3,1
DA:4,1
DA:12,1
DA:13,3
DA:15,3
DA:17,3
DA:18,1
DA:21,3
DA:22,1
DA:25,3
DA:26,1
DA:29,3
DA:30,3
DA:32,3
DA:55,1
DA:56,1
DA:70,1
LF:19
LH:19
BRDA:30,0,0,1
BRDA:30,0,1,2
BRF:2
BRH:2
end_of_record
TN:
SF:packages/gui/src/components/ModeSelector.tsx
FN:30,(anonymous_7)
FN:38,(anonymous_8)
FN:46,(anonymous_9)
FN:64,(anonymous_10)
FN:65,(anonymous_11)
FN:68,(anonymous_12)
FN:86,(anonymous_13)
FN:115,(anonymous_14)
FN:139,(anonymous_15)
FN:150,(anonymous_16)
FN:155,(anonymous_17)
FNF:11
FNH:9
FNDA:9,(anonymous_7)
FNDA:3,(anonymous_8)
FNDA:1,(anonymous_9)
FNDA:1,(anonymous_10)
FNDA:1,(anonymous_11)
FNDA:0,(anonymous_12)
FNDA:0,(anonymous_13)
FNDA:3,(anonymous_14)
FNDA:1,(anonymous_15)
FNDA:9,(anonymous_16)
FNDA:1,(anonymous_17)
DA:1,1
DA:2,1
DA:4,1
DA:5,1
DA:6,1
DA:7,1
DA:8,1
DA:9,1
DA:10,1
DA:27,1
DA:28,1
DA:30,1
DA:31,9
DA:38,1
DA:39,3
DA:40,3
DA:41,3
DA:42,3
DA:46,3
DA:48,1
DA:49,1
DA:54,0
DA:55,0
DA:56,0
DA:57,0
DA:59,0
DA:64,3
DA:65,1
DA:68,3
DA:70,0
DA:71,0
DA:77,0
DA:80,0
DA:83,3
DA:86,0
DA:116,3
DA:139,1
DA:151,9
DA:156,1
DA:195,1
LF:40
LH:30
BRDA:48,0,0,1
BRDA:48,0,1,0
BRDA:56,1,0,0
BRDA:56,1,1,0
BRDA:71,2,0,0
BRDA:73,3,0,0
BRDA:73,3,1,0
BRDA:73,3,2,0
BRDA:73,3,3,0
BRDA:85,4,0,3
BRDA:85,4,1,1
BRDA:90,5,0,3
BRDA:90,5,1,3
BRDA:93,6,0,3
BRDA:93,6,1,0
BRDA:99,7,0,2
BRDA:99,7,1,1
BRDA:100,8,0,2
BRDA:100,8,1,1
BRDA:120,9,0,3
BRDA:120,9,1,0
BRDA:149,10,0,3
BRDA:149,10,1,3
BRDA:160,11,0,9
BRDA:160,11,1,6
BRDA:163,12,0,9
BRDA:163,12,1,3
BRDA:174,13,0,9
BRDA:174,13,1,3
BRF:29
BRH:19
end_of_record
TN:
SF:packages/gui/src/components/ModeTabPop.tsx
FN:14,(anonymous_7)
FN:20,(anonymous_8)
FN:29,(anonymous_9)
FN:34,(anonymous_10)
FN:67,(anonymous_11)
FN:78,(anonymous_12)
FNF:6
FNH:1
FNDA:1,(anonymous_7)
FNDA:0,(anonymous_8)
FNDA:0,(anonymous_9)
FNDA:0,(anonymous_10)
FNDA:0,(anonymous_11)
FNDA:0,(anonymous_12)
DA:1,1
DA:2,1
DA:4,1
DA:5,1
DA:6,1
DA:14,1
DA:15,1
DA:16,1
DA:17,1
DA:19,1
DA:22,0
DA:23,0
DA:29,1
DA:30,0
DA:33,1
DA:35,0
DA:40,1
DA:41,1
DA:43,1
DA:68,0
DA:69,0
DA:79,0
DA:80,0
DA:92,1
LF:24
LH:16
BRDA:22,0,0,0
BRDA:41,1,0,0
BRDA:41,1,1,1
BRDA:45,2,0,1
BRDA:45,2,1,0
BRF:5
BRH:2
end_of_record
TN:
SF:packages/gui/src/components/Navigation.tsx
FN:29,(anonymous_7)
FN:80,(anonymous_8)
FN:94,(anonymous_9)
FN:98,(anonymous_10)
FN:103,(anonymous_11)
FN:135,(anonymous_12)
FN:158,(anonymous_13)
FN:162,(anonymous_14)
FN:173,(anonymous_15)
FN:174,(anonymous_16)
FN:185,(anonymous_17)
FN:186,(anonymous_18)
FN:202,(anonymous_19)
FN:203,(anonymous_20)
FN:204,(anonymous_21)
FN:205,(anonymous_22)
FN:226,(anonymous_23)
FN:231,(anonymous_24)
FN:236,(anonymous_25)
FN:280,(anonymous_26)
FN:299,(anonymous_27)
FN:304,(anonymous_28)
FN:312,(anonymous_29)
FN:325,(anonymous_30)
FN:341,(anonymous_31)
FNF:25
FNH:9
FNDA:1,(anonymous_7)
FNDA:5,(anonymous_8)
FNDA:0,(anonymous_9)
FNDA:0,(anonymous_10)
FNDA:0,(anonymous_11)
FNDA:0,(anonymous_12)
FNDA:0,(anonymous_13)
FNDA:0,(anonymous_14)
FNDA:0,(anonymous_15)
FNDA:0,(anonymous_16)
FNDA:0,(anonymous_17)
FNDA:0,(anonymous_18)
FNDA:0,(anonymous_19)
FNDA:0,(anonymous_20)
FNDA:0,(anonymous_21)
FNDA:0,(anonymous_22)
FNDA:1,(anonymous_23)
FNDA:0,(anonymous_24)
FNDA:1,(anonymous_25)
FNDA:1,(anonymous_26)
FNDA:1,(anonymous_27)
FNDA:1,(anonymous_28)
FNDA:1,(anonymous_29)
FNDA:1,(anonymous_30)
FNDA:0,(anonymous_31)
DA:1,1
DA:2,1
DA:3,1
DA:4,1
DA:6,1
DA:7,1
DA:9,1
DA:10,1
DA:11,1
DA:12,1
DA:13,1
DA:14,1
DA:15,1
DA:16,1
DA:17,1
DA:18,1
DA:20,1
DA:21,1
DA:23,1
DA:24,1
DA:25,1
DA:26,1
DA:27,1
DA:29,1
DA:58,1
DA:80,1
DA:81,5
DA:82,5
DA:83,5
DA:84,5
DA:85,5
DA:86,5
DA:87,5
DA:88,5
DA:89,5
DA:91,5
DA:92,5
DA:94,5
DA:95,0
DA:98,5
DA:99,0
DA:100,0
DA:103,5
DA:104,0
DA:107,5
DA:109,5
DA:123,5
DA:125,5
DA:136,0
DA:159,0
DA:162,0
DA:173,0
DA:174,0
DA:185,0
DA:186,0
DA:200,5
DA:202,0
DA:203,0
DA:204,0
DA:205,0
DA:227,1
DA:228,0
DA:232,0
DA:233,0
DA:237,1
DA:238,0
DA:240,1
DA:281,1
DA:299,1
DA:304,1
DA:312,1
DA:325,1
DA:341,0
DA:373,1
LF:74
LH:54
BRDA:145,0,0,5
BRDA:145,0,1,0
BRDA:152,1,0,5
BRDA:152,1,1,0
BRDA:202,2,0,5
BRDA:202,2,1,1
BRDA:203,3,0,5
BRDA:203,3,1,3
BRDA:204,4,0,5
BRDA:204,4,1,2
BRDA:205,5,0,5
BRDA:205,5,1,4
BRDA:227,6,0,0
BRDA:232,7,0,0
BRDA:237,8,0,0
BRDA:237,8,1,1
BRDA:288,9,0,5
BRDA:288,9,1,0
BRF:18
BRH:12
end_of_record
TN:
SF:packages/gui/src/components/WidgetFilter.tsx
FN:9,(anonymous_7)
FN:18,(anonymous_8)
FN:39,(anonymous_9)
FNF:3
FNH:3
FNDA:1,(anonymous_7)
FNDA:1,(anonymous_8)
FNDA:1,(anonymous_9)
DA:1,1
DA:3,1
DA:4,1
DA:5,1
DA:7,1
DA:9,1
DA:10,1
DA:12,1
DA:19,1
DA:39,1
DA:47,1
LF:11
LH:11
BRF:0
BRH:0
end_of_record
TN:
SF:packages/gui/src/contexts/ModeContext.tsx
FN:51,(anonymous_6)
FN:61,(anonymous_7)
FN:63,(anonymous_8)
FN:74,(anonymous_9)
FN:93,(anonymous_10)
FN:114,(anonymous_11)
FN:118,(anonymous_12)
FN:122,(anonymous_13)
FN:128,(anonymous_14)
FN:135,(anonymous_15)
FN:139,(anonymous_16)
FN:140,(anonymous_17)
FN:149,(anonymous_18)
FN:150,(anonymous_19)
FN:162,(anonymous_20)
FN:166,(anonymous_21)
FN:174,(anonymous_22)
FN:185,(anonymous_23)
FN:189,(anonymous_24)
FN:190,(anonymous_25)
FN:195,(anonymous_26)
FN:204,(anonymous_27)
FN:211,(anonymous_28)
FN:218,(anonymous_29)
FN:227,(anonymous_30)
FN:257,(anonymous_31)
FN:264,(anonymous_32)
FN:267,(anonymous_33)
FN:272,(anonymous_34)
FNF:29
FNH:18
FNDA:6,(anonymous_6)
FNDA:2,(anonymous_7)
FNDA:17,(anonymous_8)
FNDA:1,(anonymous_9)
FNDA:4,(anonymous_10)
FNDA:3,(anonymous_11)
FNDA:1,(anonymous_12)
FNDA:5,(anonymous_13)
FNDA:1,(anonymous_14)
FNDA:0,(anonymous_15)
FNDA:0,(anonymous_16)
FNDA:0,(anonymous_17)
FNDA:0,(anonymous_18)
FNDA:0,(anonymous_19)
FNDA:0,(anonymous_20)
FNDA:1,(anonymous_21)
FNDA:1,(anonymous_22)
FNDA:1,(anonymous_23)
FNDA:1,(anonymous_24)
FNDA:0,(anonymous_25)
FNDA:1,(anonymous_26)
FNDA:1,(anonymous_27)
FNDA:0,(anonymous_28)
FNDA:1,(anonymous_29)
FNDA:1,(anonymous_30)
FNDA:0,(anonymous_31)
FNDA:1,(anonymous_32)
FNDA:0,(anonymous_33)
FNDA:0,(anonymous_34)
DA:1,9
DA:7,9
DA:9,9
DA:10,9
DA:14,9
DA:17,9
DA:22,9
DA:28,9
DA:51,9
DA:52,6
DA:53,6
DA:54,6
DA:56,6
DA:57,6
DA:58,6
DA:59,6
DA:61,6
DA:62,2
DA:63,2
DA:64,17
DA:69,2
DA:72,6
DA:73,1
DA:79,1
DA:80,1
DA:88,1
DA:93,6
DA:94,4
DA:95,3
DA:96,4
DA:97,4
DA:98,1
DA:100,3
DA:101,3
DA:102,15
DA:111,4
DA:114,6
DA:115,3
DA:118,6
DA:119,1
DA:122,6
DA:123,5
DA:125,6
DA:126,6
DA:128,6
DA:129,1
DA:130,1
DA:131,1
DA:135,6
DA:136,0
DA:139,6
DA:140,0
DA:149,6
DA:150,0
DA:162,6
DA:163,0
DA:166,6
DA:167,1
DA:168,1
DA:169,1
DA:170,1
DA:171,1
DA:174,6
DA:176,1
DA:177,0
DA:181,1
DA:182,0
DA:185,1
DA:186,1
DA:189,1
DA:190,0
DA:195,6
DA:196,1
DA:198,1
DA:199,1
DA:204,1
DA:211,6
DA:212,0
DA:213,0
DA:215,0
DA:218,6
DA:219,1
DA:227,6
DA:228,1
DA:230,1
DA:231,1
DA:233,1
DA:235,1
DA:250,1
DA:256,0
DA:257,0
DA:264,6
DA:267,1
DA:268,0
DA:269,0
DA:272,1
DA:273,0
DA:274,0
DA:278,6
DA:304,9
DA:305,9
LF:101
LH:85
BRDA:65,0,0,17
BRDA:65,0,1,14
BRDA:72,1,0,1
BRDA:94,2,0,3
BRDA:97,3,0,1
BRDA:123,4,0,5
BRDA:123,4,1,5
BRDA:123,4,2,4
BRDA:129,5,0,1
BRDA:163,6,0,0
BRDA:163,6,1,0
BRDA:176,7,0,0
BRDA:181,8,0,0
BRDA:198,9,0,1
BRDA:250,10,0,0
BRDA:251,11,0,1
BRDA:251,11,1,1
BRDA:251,11,2,0
BRDA:251,11,3,0
BRDA:268,12,0,0
BRDA:268,12,1,0
BRDA:273,13,0,0
BRDA:273,13,1,0
BRF:23
BRH:12
end_of_record
TN:
SF:packages/gui/src/dialogs/FeedbackDialog.tsx
FN:23,(anonymous_7)
FN:32,(anonymous_8)
FN:50,(anonymous_9)
FN:55,(anonymous_10)
FN:62,(anonymous_11)
FN:75,(anonymous_12)
FN:121,(anonymous_13)
FN:142,(anonymous_14)
FNF:8
FNH:8
FNDA:23,(anonymous_7)
FNDA:4,(anonymous_8)
FNDA:1,(anonymous_9)
FNDA:1,(anonymous_10)
FNDA:9,(anonymous_11)
FNDA:6,(anonymous_12)
FNDA:6,(anonymous_13)
FNDA:9,(anonymous_14)
DA:1,1
DA:6,1
DA:16,1
DA:17,1
DA:19,1
DA:21,1
DA:23,1
DA:24,23
DA:25,23
DA:26,23
DA:27,23
DA:28,23
DA:29,23
DA:30,23
DA:32,23
DA:33,4
DA:35,0
DA:36,0
DA:38,4
DA:39,0
DA:41,4
DA:42,1
DA:44,3
DA:45,1
DA:48,2
DA:49,2
DA:51,1
DA:52,1
DA:53,1
DA:56,1
DA:57,1
DA:62,23
DA:63,9
DA:64,9
DA:65,8
DA:67,1
DA:70,0
DA:72,9
DA:75,23
DA:76,6
DA:77,0
DA:79,6
DA:81,6
DA:84,23
DA:122,6
DA:123,0
DA:143,9
DA:144,0
DA:178,1
LF:49
LH:42
BRDA:33,0,0,0
BRDA:38,1,0,0
BRDA:41,2,0,1
BRDA:44,3,0,1
BRDA:63,4,0,9
BRDA:63,4,1,0
BRDA:64,5,0,8
BRDA:64,5,1,1
BRDA:76,6,0,0
BRDA:76,6,1,6
BRDA:87,7,0,23
BRDA:87,7,1,2
BRDA:107,8,0,23
BRDA:107,8,1,21
BRDA:122,9,0,0
BRDA:122,10,0,6
BRDA:122,10,1,0
BRDA:143,11,0,0
BRDA:143,12,0,9
BRDA:143,12,1,0
BRDA:169,13,0,2
BRDA:169,13,1,19
BRF:22
BRH:14
end_of_record
TN:
SF:packages/gui/src/dialogs/InfoDialog.tsx
FN:26,(anonymous_7)
FN:29,(anonymous_8)
FN:30,(anonymous_9)
FNF:3
FNH:3
FNDA:1,(anonymous_7)
FNDA:1,(anonymous_8)
FNDA:14,(anonymous_9)
DA:1,1
DA:2,1
DA:16,1
DA:17,1
DA:20,1
DA:22,1
DA:24,1
DA:26,1
DA:27,1
DA:29,1
DA:30,1
DA:31,14
DA:35,1
DA:146,1
LF:14
LH:14
BRDA:112,0,0,0
BRDA:112,0,1,1
BRF:2
BRH:1
end_of_record
TN:
SF:packages/gui/src/dialogs/ModeAddDialog.tsx
FN:14,(anonymous_7)
FN:20,(anonymous_8)
FN:24,(anonymous_9)
FN:38,(anonymous_10)
FN:41,(anonymous_11)
FN:46,(anonymous_12)
FN:57,(anonymous_13)
FN:63,(anonymous_14)
FNF:8
FNH:7
FNDA:7,(anonymous_7)
FNDA:7,(anonymous_8)
FNDA:1,(anonymous_9)
FNDA:14,(anonymous_10)
FNDA:6,(anonymous_11)
FNDA:6,(anonymous_12)
FNDA:0,(anonymous_13)
FNDA:1,(anonymous_14)
DA:1,1
DA:2,1
DA:10,1
DA:11,1
DA:12,1
DA:14,1
DA:15,7
DA:16,7
DA:17,7
DA:18,7
DA:20,7
DA:21,7
DA:24,7
DA:25,1
DA:26,1
DA:27,1
DA:29,0
DA:33,7
DA:38,14
DA:41,6
DA:47,6
DA:48,0
DA:49,0
DA:57,0
DA:63,1
DA:74,1
LF:26
LH:22
BRDA:25,0,0,1
BRDA:25,0,1,0
BRDA:47,1,0,0
BRDA:47,2,0,6
BRDA:47,2,1,0
BRF:5
BRH:2
end_of_record
TN:
SF:packages/gui/src/dialogs/ModeDialog.tsx
FN:12,(anonymous_1)
FNF:1
FNH:1
FNDA:1,(anonymous_1)
DA:1,1
DA:2,1
DA:8,1
DA:10,1
DA:12,1
DA:13,1
DA:28,1
LF:7
LH:7
BRF:0
BRH:0
end_of_record
TN:
SF:packages/gui/src/dialogs/ModeEditDialog.tsx
FN:19,(anonymous_7)
FN:25,(anonymous_8)
FN:29,(anonymous_9)
FN:45,(anonymous_10)
FN:48,(anonymous_11)
FN:55,(anonymous_12)
FN:66,(anonymous_13)
FN:74,(anonymous_14)
FNF:8
FNH:5
FNDA:1,(anonymous_7)
FNDA:1,(anonymous_8)
FNDA:1,(anonymous_9)
FNDA:2,(anonymous_10)
FNDA:0,(anonymous_11)
FNDA:0,(anonymous_12)
FNDA:0,(anonymous_13)
FNDA:1,(anonymous_14)
DA:1,1
DA:2,1
DA:9,1
DA:11,1
DA:12,1
DA:19,1
DA:20,1
DA:21,1
DA:22,1
DA:23,1
DA:25,1
DA:26,1
DA:29,1
DA:30,1
DA:31,1
DA:32,1
DA:33,1
DA:36,0
DA:40,1
DA:45,2
DA:49,0
DA:56,0
DA:57,0
DA:58,0
DA:67,0
DA:75,1
DA:87,1
LF:27
LH:21
BRDA:30,0,0,1
BRDA:30,0,1,0
BRDA:32,1,0,1
BRDA:56,2,0,0
BRDA:56,3,0,0
BRDA:56,3,1,0
BRF:6
BRH:2
end_of_record
TN:
SF:packages/gui/src/dialogs/SettingsDialog.tsx
FN:24,(anonymous_7)
FN:37,(anonymous_8)
FN:57,(anonymous_9)
FN:75,TabPanel
FN:94,(anonymous_11)
FN:97,(anonymous_12)
FNF:6
FNH:6
FNDA:1,(anonymous_7)
FNDA:1,(anonymous_8)
FNDA:1,(anonymous_9)
FNDA:6,TabPanel
FNDA:3,(anonymous_11)
FNDA:1,(anonymous_12)
DA:1,1
DA:2,1
DA:18,1
DA:20,1
DA:24,1
DA:25,1
DA:38,1
DA:43,1
DA:58,1
DA:63,1
DA:76,6
DA:78,6
DA:94,1
DA:95,3
DA:97,3
DA:98,1
DA:100,3
DA:153,1
LF:18
LH:18
BRDA:85,0,0,6
BRDA:85,0,1,3
BRF:2
BRH:2
end_of_record
TN:
SF:packages/gui/src/dialogs/ThemeDialog.tsx
FN:18,(anonymous_7)
FN:46,(anonymous_8)
FN:55,(anonymous_9)
FN:67,(anonymous_10)
FN:78,(anonymous_11)
FNF:5
FNH:4
FNDA:1,(anonymous_7)
FNDA:14,(anonymous_8)
FNDA:0,(anonymous_9)
FNDA:1,(anonymous_10)
FNDA:14,(anonymous_11)
DA:1,1
DA:2,1
DA:10,1
DA:11,1
DA:12,1
DA:14,1
DA:15,1
DA:18,1
DA:46,1
DA:47,14
DA:48,14
DA:49,14
DA:51,14
DA:55,0
DA:67,1
DA:68,1
DA:69,1
DA:71,1
DA:79,14
DA:83,14
DA:84,2
DA:86,12
DA:89,12
DA:90,12
DA:91,12
DA:93,14
DA:142,1
LF:27
LH:26
BRDA:56,0,0,1
BRDA:56,0,1,13
BRDA:58,1,0,1
BRDA:58,1,1,13
BRDA:83,2,0,2
BRDA:83,2,1,12
BRF:6
BRH:6
end_of_record
TN:
SF:packages/gui/src/utils/index.ts
FN:7,(anonymous_0)
FN:11,sendFeedbackRequest
FN:19,(anonymous_2)
FNF:3
FNH:3
FNDA:40,(anonymous_0)
FNDA:3,sendFeedbackRequest
FNDA:1,(anonymous_2)
DA:5,3
DA:7,3
DA:8,40
DA:11,3
DA:12,3
DA:13,3
DA:14,3
DA:19,1
DA:21,2
DA:22,1
LF:10
LH:10
BRDA:21,0,0,1
BRF:1
BRH:1
end_of_record
TN:
SF:packages/utils/src/calculateTheme.ts
FN:4,(anonymous_0)
FN:14,(anonymous_1)
FNF:2
FNH:2
FNDA:4,(anonymous_0)
FNDA:60,(anonymous_1)
DA:1,4
DA:4,4
DA:5,4
DA:11,4
DA:12,4
DA:14,4
DA:15,60
DA:16,56
DA:17,56
DA:21,4
DA:79,4
LF:11
LH:11
BRDA:15,0,0,56
BRDA:31,1,0,0
BRDA:31,1,1,4
BRDA:42,2,0,4
BRDA:42,2,1,0
BRF:5
BRH:3
end_of_record
TN:
SF:packages/utils/src/getExtProps.ts
FN:10,getMarqueeVersion
FN:17,getExtProps
FNF:2
FNH:2
FNDA:1,getMarqueeVersion
FNDA:1,getExtProps
DA:1,1
DA:2,1
DA:3,1
DA:4,1
DA:6,1
DA:7,1
DA:8,1
DA:10,1
DA:11,1
DA:12,1
DA:13,1
DA:14,1
DA:17,1
DA:18,1
DA:20,1
DA:21,1
DA:22,0
DA:25,1
DA:26,1
DA:30,1
DA:31,1
DA:32,1
DA:33,1
DA:34,1
DA:35,1
DA:37,1
DA:39,1
DA:40,1
DA:42,0
DA:43,0
DA:45,0
DA:48,1
LF:32
LH:28
BRDA:21,0,0,0
BRDA:26,1,0,1
BRDA:26,1,1,0
BRDA:32,2,0,1
BRDA:32,3,0,1
BRDA:32,3,1,1
BRDA:37,4,0,1
BRDA:37,4,1,0
BRDA:37,4,2,0
BRF:9
BRH:5
end_of_record
TN:
SF:packages/utils/src/stateConsumer.ts
FN:11,(anonymous_0)
FN:13,(anonymous_1)
FN:16,(anonymous_2)
FN:20,(anonymous_3)
FN:24,(anonymous_4)
FN:26,(anonymous_5)
FNF:6
FNH:1
FNDA:1,(anonymous_0)
FNDA:0,(anonymous_1)
FNDA:0,(anonymous_2)
FNDA:0,(anonymous_3)
FNDA:0,(anonymous_4)
FNDA:0,(anonymous_5)
DA:1,34
DA:2,34
DA:9,34
DA:11,34
DA:12,1
DA:14,0
DA:17,0
DA:21,0
DA:24,0
DA:27,0
DA:28,0
LF:11
LH:5
BRF:0
BRH:0
end_of_record
TN:
SF:packages/utils/src/store.ts
FN:9,(anonymous_1)
FN:16,(anonymous_2)
FN:17,(anonymous_3)
FN:19,(anonymous_4)
FN:21,(anonymous_5)
FN:28,(anonymous_6)
FN:29,(anonymous_7)
FN:31,(anonymous_8)
FN:35,(anonymous_9)
FN:36,(anonymous_10)
FN:42,(anonymous_11)
FN:48,(anonymous_12)
FN:53,(anonymous_13)
FN:62,(anonymous_14)
FN:78,(anonymous_15)
FN:82,(anonymous_16)
FN:84,(anonymous_17)
FN:89,(anonymous_18)
FN:94,(anonymous_19)
FN:97,(anonymous_20)
FN:114,(anonymous_21)
FN:115,(anonymous_22)
FN:116,(anonymous_23)
FNF:23
FNH:4
FNDA:7,(anonymous_1)
FNDA:0,(anonymous_2)
FNDA:0,(anonymous_3)
FNDA:0,(anonymous_4)
FNDA:0,(anonymous_5)
FNDA:0,(anonymous_6)
FNDA:0,(anonymous_7)
FNDA:0,(anonymous_8)
FNDA:0,(anonymous_9)
FNDA:0,(anonymous_10)
FNDA:0,(anonymous_11)
FNDA:0,(anonymous_12)
FNDA:0,(anonymous_13)
FNDA:0,(anonymous_14)
FNDA:0,(anonymous_15)
FNDA:0,(anonymous_16)
FNDA:0,(anonymous_17)
FNDA:0,(anonymous_18)
FNDA:0,(anonymous_19)
FNDA:0,(anonymous_20)
FNDA:3,(anonymous_21)
FNDA:4,(anonymous_22)
FNDA:2,(anonymous_23)
DA:1,35
DA:2,35
DA:3,35
DA:9,35
DA:10,7
DA:11,0
DA:12,0
DA:14,0
DA:15,0
DA:16,0
DA:17,0
DA:19,0
DA:22,0
DA:23,0
DA:27,0
DA:28,0
DA:29,0
DA:32,0
DA:35,0
DA:37,0
DA:38,0
DA:39,0
DA:43,0
DA:44,0
DA:48,0
DA:49,0
DA:52,0
DA:54,0
DA:55,0
DA:56,0
DA:57,0
DA:58,0
DA:60,0
DA:63,0
DA:64,0
DA:65,0
DA:67,0
DA:69,0
DA:70,0
DA:71,0
DA:72,0
DA:74,0
DA:76,0
DA:79,0
DA:82,0
DA:85,0
DA:86,0
DA:90,0
DA:91,0
DA:95,0
DA:96,0
DA:97,0
DA:98,0
DA:99,0
DA:100,0
DA:103,0
DA:108,0
DA:111,7
DA:113,7
DA:114,3
DA:115,4
LF:61
LH:9
BRDA:9,0,0,0
BRDA:10,1,0,0
BRDA:11,2,0,0
BRDA:55,3,0,0
BRDA:55,3,1,0
BRDA:55,4,0,0
BRDA:55,4,1,0
BRDA:57,5,0,0
BRDA:63,6,0,0
BRDA:63,6,1,0
BRDA:64,7,0,0
BRDA:70,8,0,0
BRDA:82,9,0,0
BRDA:82,9,1,0
BRDA:96,10,0,0
BRDA:98,11,0,0
BRDA:98,11,1,0
BRDA:115,12,0,4
BRF:18
BRH:1
end_of_record
TN:
SF:packages/utils/src/utils.ts
FN:5,(anonymous_1)
FNF:1
FNH:1
FNDA:28,(anonymous_1)
DA:1,35
DA:5,35
DA:6,28
DA:11,28
DA:12,28
LF:5
LH:5
BRDA:6,0,0,27
BRDA:6,0,1,1
BRF:2
BRH:2
end_of_record
TN:
SF:packages/utils/src/components/BetterComplete.tsx
FN:17,(anonymous_1)
FN:39,(anonymous_2)
FN:56,(anonymous_3)
FN:57,(anonymous_4)
FNF:4
FNH:4
FNDA:5,(anonymous_1)
FNDA:21,(anonymous_2)
FNDA:82,(anonymous_3)
FNDA:41,(anonymous_4)
DA:1,33
DA:2,33
DA:3,33
DA:4,33
DA:17,33
DA:39,33
DA:47,21
DA:49,21
DA:56,82
DA:58,41
DA:73,33
LF:11
LH:11
BRDA:56,0,0,82
BRDA:56,0,1,16
BRDA:60,1,0,41
BRDA:60,1,1,0
BRDA:62,2,0,41
BRDA:62,2,1,0
BRF:6
BRH:4
end_of_record
TN:
SF:packages/utils/src/components/DoubleClickHelper.tsx
FN:10,(anonymous_1)
FNF:1
FNH:1
FNDA:4,(anonymous_1)
DA:1,33
DA:2,33
DA:4,33
DA:10,33
DA:11,4
DA:12,4
DA:21,33
LF:7
LH:7
BRDA:11,0,0,4
BRDA:11,0,1,1
BRF:2
BRH:2
end_of_record
TN:
SF:packages/utils/src/components/NetworkError.tsx
FN:12,(anonymous_1)
FN:18,(anonymous_2)
FNF:2
FNH:2
FNDA:5,(anonymous_1)
FNDA:1,(anonymous_2)
DA:1,33
DA:2,33
DA:3,33
DA:12,33
DA:13,5
DA:18,1
DA:30,5
DA:53,33
LF:8
LH:8
BRDA:13,0,0,5
BRDA:13,0,1,1
BRF:2
BRH:2
end_of_record
TN:
SF:packages/utils/src/contexts/Global.tsx
FN:9,(anonymous_7)
FN:16,(anonymous_8)
FN:18,(anonymous_9)
FN:25,(anonymous_10)
FN:30,(anonymous_11)
FN:35,(anonymous_12)
FN:38,(anonymous_13)
FNF:7
FNH:3
FNDA:2,(anonymous_7)
FNDA:0,(anonymous_8)
FNDA:0,(anonymous_9)
FNDA:1,(anonymous_10)
FNDA:0,(anonymous_11)
FNDA:1,(anonymous_12)
FNDA:0,(anonymous_13)
DA:1,34
DA:2,34
DA:4,34
DA:7,34
DA:9,34
DA:10,2
DA:11,2
DA:12,2
DA:13,2
DA:16,2
DA:17,0
DA:18,0
DA:19,0
DA:21,0
DA:22,0
DA:25,2
DA:26,1
DA:27,1
DA:30,2
DA:31,0
DA:32,0
DA:35,2
DA:36,1
DA:38,1
DA:39,0
DA:43,2
DA:58,34
DA:59,34
LF:28
LH:20
BRDA:31,0,0,0
BRDA:31,0,1,0
BRF:2
BRH:0
end_of_record
TN:
SF:packages/utils/src/contexts/Pref.tsx
FN:25,(anonymous_7)
FN:40,(anonymous_8)
FN:49,(anonymous_9)
FN:54,(anonymous_10)
FN:59,(anonymous_11)
FN:64,(anonymous_12)
FN:78,(anonymous_13)
FN:82,(anonymous_14)
FNF:8
FNH:7
FNDA:5,(anonymous_7)
FNDA:0,(anonymous_8)
FNDA:1,(anonymous_9)
FNDA:1,(anonymous_10)
FNDA:1,(anonymous_11)
FNDA:1,(anonymous_12)
FNDA:1,(anonymous_13)
FNDA:1,(anonymous_14)
DA:1,34
DA:2,34
DA:4,34
DA:21,34
DA:22,34
DA:23,34
DA:25,34
DA:26,5
DA:27,5
DA:32,5
DA:35,5
DA:41,0
DA:42,0
DA:45,5
DA:46,5
DA:47,5
DA:49,5
DA:50,1
DA:51,1
DA:54,5
DA:55,1
DA:56,1
DA:59,5
DA:60,1
DA:61,1
DA:64,5
DA:66,1
DA:67,1
DA:68,1
DA:69,1
DA:70,0
DA:71,0
DA:74,1
DA:75,1
DA:78,5
DA:79,1
DA:80,1
DA:82,1
DA:83,1
DA:84,1
DA:85,1
DA:89,5
DA:106,34
DA:107,34
LF:44
LH:40
BRDA:35,0,0,5
BRDA:35,0,1,0
BRDA:35,1,0,5
BRDA:35,1,1,5
BRDA:67,2,0,1
BRDA:67,2,1,0
BRDA:70,3,0,0
BRDA:74,4,0,1
BRDA:74,4,1,1
BRDA:75,5,0,1
BRDA:75,5,1,1
BRF:11
BRH:8
end_of_record
TN:
SF:packages/widget-github/src/Context.tsx
FN:34,(anonymous_6)
FN:42,(anonymous_7)
FN:46,(anonymous_8)
FN:51,(anonymous_9)
FN:56,(anonymous_10)
FN:61,(anonymous_11)
FN:66,(anonymous_12)
FN:71,(anonymous_13)
FN:74,(anonymous_14)
FN:78,(anonymous_15)
FN:79,(anonymous_16)
FN:82,(anonymous_17)
FNF:12
FNH:7
FNDA:20,(anonymous_6)
FNDA:4,(anonymous_7)
FNDA:0,(anonymous_8)
FNDA:0,(anonymous_9)
FNDA:0,(anonymous_10)
FNDA:0,(anonymous_11)
FNDA:4,(anonymous_12)
FNDA:4,(anonymous_13)
FNDA:3,(anonymous_14)
FNDA:1,(anonymous_15)
FNDA:4,(anonymous_16)
FNDA:0,(anonymous_17)
DA:1,2
DA:2,2
DA:4,2
DA:7,2
DA:28,2
DA:34,2
DA:35,20
DA:36,20
DA:37,20
DA:38,20
DA:39,20
DA:40,20
DA:42,20
DA:43,4
DA:46,20
DA:47,0
DA:48,0
DA:51,20
DA:52,0
DA:53,0
DA:56,20
DA:57,0
DA:58,0
DA:61,20
DA:62,0
DA:63,0
DA:66,20
DA:67,4
DA:68,4
DA:71,20
DA:72,4
DA:73,4
DA:75,3
DA:76,3
DA:78,1
DA:79,4
DA:82,20
DA:83,0
DA:93,0
DA:94,0
DA:97,0
DA:100,20
DA:123,2
DA:124,2
LF:44
LH:32
BRDA:93,0,0,0
BRF:1
BRH:0
end_of_record
TN:
SF:packages/widget-github/src/Widget.tsx
FN:19,(anonymous_7)
FN:32,(anonymous_8)
FN:43,(anonymous_9)
FN:47,(anonymous_10)
FN:51,(anonymous_11)
FN:148,(anonymous_12)
FN:233,(anonymous_13)
FN:260,(anonymous_14)
FNF:8
FNH:7
FNDA:3,(anonymous_7)
FNDA:4,(anonymous_8)
FNDA:12,(anonymous_9)
FNDA:5,(anonymous_10)
FNDA:0,(anonymous_11)
FNDA:1,(anonymous_12)
FNDA:1,(anonymous_13)
FNDA:4,(anonymous_14)
DA:1,1
DA:2,1
DA:3,1
DA:4,1
DA:5,1
DA:6,1
DA:7,1
DA:8,1
DA:10,1
DA:11,1
DA:13,1
DA:15,1
DA:16,1
DA:17,1
DA:19,3
DA:32,1
DA:33,4
DA:43,1
DA:44,12
DA:45,12
DA:47,12
DA:48,5
DA:50,5
DA:51,0
DA:52,0
DA:57,0
DA:60,5
DA:63,12
DA:149,1
DA:234,1
DA:260,1
DA:261,4
DA:265,1
LF:33
LH:30
BRDA:50,0,0,0
BRDA:105,1,0,12
BRDA:105,1,1,2
BRDA:119,2,0,12
BRDA:119,2,1,6
BRDA:132,3,0,12
BRDA:132,3,1,6
BRDA:132,3,2,5
BRDA:132,3,3,4
BRDA:147,4,0,12
BRDA:147,4,1,6
BRDA:147,4,2,5
BRDA:147,4,3,1
BRDA:203,5,0,1
BRDA:203,5,1,1
BRF:15
BRH:14
end_of_record
TN:
SF:packages/widget-github/src/constants.ts
FNF:0
FNH:0
DA:1,2
DA:188,2
LF:2
LH:2
BRF:0
BRH:0
end_of_record
TN:
SF:packages/widget-github/src/index.tsx
FNF:0
FNH:0
DA:1,1
DA:2,1
DA:3,1
DA:5,1
DA:7,1
LF:5
LH:5
BRF:0
BRH:0
end_of_record
TN:
SF:packages/widget-github/src/utils.ts
FN:8,fetchData
FN:24,(anonymous_1)
FNF:2
FNH:2
FNDA:5,fetchData
FNDA:1,(anonymous_1)
DA:6,3
DA:8,3
DA:9,5
DA:11,5
DA:12,1
DA:14,5
DA:15,1
DA:17,5
DA:18,1
DA:21,5
DA:22,5
DA:23,5
DA:24,1
DA:26,4
DA:27,0
DA:30,4
LF:16
LH:15
BRDA:11,0,0,1
BRDA:14,1,0,1
BRDA:17,2,0,1
BRDA:26,3,0,0
BRF:4
BRH:3
end_of_record
TN:
SF:packages/widget-github/src/components/Filter.tsx
FN:11,(anonymous_7)
FN:18,(anonymous_8)
FN:28,(anonymous_9)
FN:39,(anonymous_10)
FN:50,(anonymous_11)
FN:54,(anonymous_12)
FN:58,(anonymous_13)
FNF:7
FNH:1
FNDA:0,(anonymous_7)
FNDA:0,(anonymous_8)
FNDA:0,(anonymous_9)
FNDA:0,(anonymous_10)
FNDA:12,(anonymous_11)
FNDA:0,(anonymous_12)
FNDA:0,(anonymous_13)
DA:1,1
DA:2,1
DA:4,1
DA:5,1
DA:6,1
DA:7,1
DA:8,1
DA:9,1
DA:11,1
DA:12,0
DA:13,0
DA:15,0
DA:18,0
DA:29,0
DA:40,0
DA:41,0
DA:50,1
DA:51,12
DA:52,12
DA:54,12
DA:55,0
DA:58,12
DA:59,0
DA:62,12
DA:63,12
DA:64,12
DA:66,12
DA:103,1
LF:28
LH:19
BRDA:41,0,0,0
BRDA:41,0,1,0
BRDA:41,1,0,0
BRDA:41,1,1,0
BRDA:63,2,0,0
BRDA:63,2,1,12
BRDA:64,3,0,12
BRDA:64,3,1,12
BRF:8
BRH:3
end_of_record
TN:
SF:packages/widget-github/src/components/TrendingDialog.tsx
FN:19,(anonymous_7)
FN:41,(anonymous_8)
FN:42,(anonymous_9)
FN:49,(anonymous_10)
FN:71,(anonymous_11)
FN:72,(anonymous_12)
FN:79,(anonymous_13)
FN:107,(anonymous_14)
FN:108,(anonymous_15)
FN:115,(anonymous_16)
FN:141,(anonymous_17)
FN:153,(anonymous_18)
FN:163,(anonymous_19)
FNF:13
FNH:6
FNDA:3,(anonymous_7)
FNDA:0,(anonymous_8)
FNDA:0,(anonymous_9)
FNDA:3,(anonymous_10)
FNDA:0,(anonymous_11)
FNDA:0,(anonymous_12)
FNDA:3,(anonymous_13)
FNDA:0,(anonymous_14)
FNDA:0,(anonymous_15)
FNDA:3,(anonymous_16)
FNDA:17,(anonymous_17)
FNDA:1,(anonymous_18)
FNDA:0,(anonymous_19)
DA:1,2
DA:2,2
DA:10,2
DA:12,2
DA:13,2
DA:15,2
DA:16,2
DA:19,2
DA:20,3
DA:22,3
DA:41,0
DA:42,0
DA:49,2
DA:50,3
DA:52,3
DA:71,0
DA:72,0
DA:79,2
DA:80,3
DA:82,3
DA:88,3
DA:107,0
DA:108,0
DA:115,2
DA:116,3
DA:141,2
DA:142,17
DA:147,17
DA:151,17
DA:153,1
DA:163,0
DA:168,2
LF:32
LH:25
BRDA:147,0,0,0
BRDA:147,0,1,17
BRDA:147,1,0,17
BRDA:147,1,1,17
BRDA:147,1,2,17
BRDA:163,2,0,17
BRDA:163,2,1,3
BRF:7
BRH:6
end_of_record
TN:
SF:packages/widget-news/src/Widget.tsx
FN:23,(anonymous_7)
FN:30,(anonymous_8)
FN:34,(anonymous_9)
FN:53,(anonymous_10)
FN:113,(anonymous_11)
FNF:5
FNH:5
FNDA:2,(anonymous_7)
FNDA:8,(anonymous_8)
FNDA:3,(anonymous_9)
FNDA:1,(anonymous_10)
FNDA:1,(anonymous_11)
DA:1,1
DA:2,1
DA:10,1
DA:11,1
DA:12,1
DA:13,1
DA:14,1
DA:16,1
DA:17,1
DA:19,1
DA:20,1
DA:21,1
DA:23,2
DA:30,1
DA:31,8
DA:32,7
DA:33,7
DA:34,3
DA:37,7
DA:53,1
DA:114,1
DA:165,1
LF:22
LH:22
BRDA:71,0,0,7
BRDA:71,0,1,0
BRDA:85,1,0,7
BRDA:85,1,1,4
BRDA:98,2,0,7
BRDA:98,2,1,3
BRDA:98,2,2,2
BRDA:111,3,0,7
BRDA:111,3,1,3
BRDA:111,3,2,1
BRDA:132,4,0,1
BRDA:132,4,1,1
BRF:12
BRH:11
end_of_record
TN:
SF:packages/widget-news/src/constants.ts
FNF:0
FNH:0
DA:3,2
DA:4,2
DA:5,2
DA:11,2
LF:4
LH:4
BRF:0
BRH:0
end_of_record
TN:
SF:packages/widget-news/src/index.tsx
FNF:0
FNH:0
DA:1,1
DA:2,1
DA:3,1
DA:5,1
DA:7,1
DA:14,1
LF:6
LH:6
BRF:0
BRH:0
end_of_record
TN:
SF:packages/widget-news/src/utils.ts
FN:6,fetchNews
FN:12,(anonymous_1)
FN:15,(anonymous_2)
FNF:3
FNH:2
FNDA:6,fetchNews
FNDA:1,(anonymous_1)
FNDA:0,(anonymous_2)
DA:3,2
DA:6,2
DA:7,6
DA:9,6
DA:12,1
DA:15,0
DA:18,4
DA:19,2
DA:26,2
LF:9
LH:8
BRDA:18,0,0,2
BRF:1
BRH:1
end_of_record
TN:
SF:packages/widget-news/src/components/Pop.tsx
FN:15,(anonymous_7)
FN:18,(anonymous_8)
FN:22,(anonymous_9)
FN:57,(anonymous_10)
FN:62,(anonymous_11)
FNF:5
FNH:5
FNDA:8,(anonymous_7)
FNDA:1,(anonymous_8)
FNDA:1,(anonymous_9)
FNDA:1,(anonymous_10)
FNDA:48,(anonymous_11)
DA:1,1
DA:2,1
DA:3,1
DA:4,1
DA:5,1
DA:7,1
DA:15,1
DA:16,8
DA:18,8
DA:19,1
DA:22,8
DA:23,1
DA:26,8
DA:27,8
DA:29,8
DA:58,1
DA:59,1
DA:63,48
DA:87,1
LF:19
LH:19
BRDA:27,0,0,1
BRDA:27,0,1,7
BRF:2
BRH:2
end_of_record
TN:
SF:packages/widget-notes/src/Context.tsx
FN:10,(anonymous_7)
FN:22,(anonymous_8)
FN:27,(anonymous_9)
FN:32,(anonymous_10)
FN:37,(anonymous_11)
FN:39,(anonymous_12)
FN:58,(anonymous_13)
FN:60,(anonymous_14)
FN:67,(anonymous_15)
FN:69,(anonymous_16)
FN:75,(anonymous_17)
FN:80,(anonymous_18)
FN:93,(anonymous_19)
FN:96,(anonymous_20)
FN:128,(anonymous_21)
FN:130,(anonymous_22)
FN:131,(anonymous_23)
FN:131,(anonymous_24)
FNF:18
FNH:8
FNDA:5,(anonymous_7)
FNDA:0,(anonymous_8)
FNDA:1,(anonymous_9)
FNDA:1,(anonymous_10)
FNDA:1,(anonymous_11)
FNDA:8,(anonymous_12)
FNDA:0,(anonymous_13)
FNDA:0,(anonymous_14)
FNDA:0,(anonymous_15)
FNDA:0,(anonymous_16)
FNDA:0,(anonymous_17)
FNDA:1,(anonymous_18)
FNDA:1,(anonymous_19)
FNDA:0,(anonymous_20)
FNDA:1,(anonymous_21)
FNDA:0,(anonymous_22)
FNDA:0,(anonymous_23)
FNDA:0,(anonymous_24)
DA:1,15
DA:2,15
DA:5,15
DA:6,15
DA:8,15
DA:10,15
DA:11,5
DA:12,5
DA:14,5
DA:15,5
DA:16,5
DA:17,5
DA:18,5
DA:19,5
DA:20,5
DA:22,5
DA:23,0
DA:24,0
DA:27,5
DA:28,1
DA:29,1
DA:32,5
DA:33,1
DA:34,1
DA:37,5
DA:38,1
DA:39,8
DA:41,1
DA:49,1
DA:50,1
DA:51,1
DA:53,1
DA:54,1
DA:58,5
DA:59,0
DA:60,0
DA:61,0
DA:63,0
DA:64,0
DA:67,5
DA:68,0
DA:69,0
DA:70,0
DA:71,0
DA:72,0
DA:75,5
DA:76,0
DA:77,0
DA:80,5
DA:81,1
DA:82,1
DA:83,0
DA:84,1
DA:85,1
DA:88,1
DA:89,1
DA:90,1
DA:93,5
DA:94,1
DA:95,1
DA:96,1
DA:97,0
DA:98,0
DA:102,1
DA:103,1
DA:106,5
DA:128,1
DA:130,0
DA:131,0
DA:138,15
DA:140,15
LF:71
LH:52
BRDA:38,0,0,1
BRDA:38,0,1,1
BRDA:53,1,0,1
BRDA:59,2,0,0
BRDA:59,2,1,0
BRDA:68,3,0,0
BRDA:68,3,1,0
BRDA:81,4,0,1
BRDA:81,4,1,1
BRDA:82,5,0,0
BRDA:82,5,1,1
BRDA:84,6,0,1
BRDA:88,7,0,1
BRDA:88,7,1,1
BRDA:89,8,0,1
BRDA:89,8,1,1
BRDA:90,9,0,1
BRDA:90,9,1,1
BRDA:97,10,0,0
BRDA:97,11,0,0
BRDA:97,11,1,0
BRDA:127,12,0,5
BRDA:127,12,1,1
BRDA:130,13,0,5
BRDA:130,13,1,0
BRDA:130,13,2,0
BRF:26
BRH:16
end_of_record
TN:
SF:packages/widget-notes/src/Widget.tsx
FN:20,(anonymous_7)
FN:38,(anonymous_8)
FN:56,(anonymous_9)
FN:57,(anonymous_10)
FN:60,(anonymous_11)
FN:64,(anonymous_12)
FN:75,(anonymous_13)
FN:86,(anonymous_14)
FN:92,(anonymous_15)
FN:93,(anonymous_16)
FN:100,(anonymous_17)
FN:113,(anonymous_18)
FN:145,(anonymous_19)
FN:201,(anonymous_20)
FN:209,(anonymous_21)
FN:217,(anonymous_22)
FN:253,(anonymous_23)
FN:264,(anonymous_24)
FNF:18
FNH:10
FNDA:1,(anonymous_7)
FNDA:4,(anonymous_8)
FNDA:3,(anonymous_9)
FNDA:1,(anonymous_10)
FNDA:3,(anonymous_11)
FNDA:0,(anonymous_12)
FNDA:0,(anonymous_13)
FNDA:1,(anonymous_14)
FNDA:3,(anonymous_15)
FNDA:1,(anonymous_16)
FNDA:0,(anonymous_17)
FNDA:0,(anonymous_18)
FNDA:0,(anonymous_19)
FNDA:0,(anonymous_20)
FNDA:0,(anonymous_21)
FNDA:4,(anonymous_22)
FNDA:1,(anonymous_23)
FNDA:0,(anonymous_24)
DA:1,1
DA:2,1
DA:3,1
DA:4,1
DA:6,1
DA:7,1
DA:9,1
DA:10,1
DA:12,1
DA:14,1
DA:15,1
DA:17,1
DA:18,1
DA:20,1
DA:38,1
DA:39,4
DA:40,4
DA:54,4
DA:56,4
DA:57,3
DA:60,4
DA:61,3
DA:63,3
DA:64,0
DA:65,0
DA:66,0
DA:67,0
DA:71,0
DA:74,3
DA:75,0
DA:76,0
DA:80,0
DA:83,3
DA:86,4
DA:87,1
DA:88,0
DA:92,4
DA:93,3
DA:94,3
DA:95,0
DA:99,4
DA:101,0
DA:102,0
DA:103,0
DA:106,0
DA:107,0
DA:113,4
DA:114,0
DA:116,0
DA:129,4
DA:145,0
DA:202,0
DA:209,0
DA:218,4
DA:253,1
DA:265,0
DA:284,1
LF:57
LH:36
BRDA:63,0,0,0
BRDA:65,1,0,0
BRDA:65,2,0,0
BRDA:65,2,1,0
BRDA:65,2,2,0
BRDA:66,3,0,0
BRDA:74,4,0,0
BRDA:87,5,0,0
BRDA:94,6,0,0
BRDA:94,7,0,3
BRDA:94,7,1,2
BRDA:101,8,0,0
BRDA:106,9,0,0
BRDA:240,10,0,4
BRDA:240,10,1,3
BRDA:259,11,0,4
BRDA:259,11,1,1
BRDA:259,11,2,1
BRDA:263,12,0,1
BRDA:263,12,1,1
BRF:20
BRH:9
end_of_record
TN:
SF:packages/widget-notes/src/index.tsx
FN:16,(anonymous_7)
FNF:1
FNH:0
FNDA:0,(anonymous_7)
DA:1,1
DA:2,1
DA:3,1
DA:5,1
DA:6,1
DA:8,1
DA:16,1
LF:7
LH:7
BRF:0
BRH:0
end_of_record
TN:
SF:packages/widget-notes/src/components/Editor.tsx
FN:23,(anonymous_7)
FN:33,(anonymous_8)
FN:37,(anonymous_9)
FN:41,(anonymous_10)
FN:47,(anonymous_11)
FN:67,(anonymous_12)
FNF:6
FNH:3
FNDA:3,(anonymous_7)
FNDA:0,(anonymous_8)
FNDA:0,(anonymous_9)
FNDA:2,(anonymous_10)
FNDA:2,(anonymous_11)
FNDA:0,(anonymous_12)
DA:1,15
DA:2,15
DA:3,15
DA:4,15
DA:5,15
DA:7,15
DA:23,15
DA:30,3
DA:31,3
DA:33,3
DA:34,0
DA:37,3
DA:38,0
DA:41,3
DA:42,2
DA:43,0
DA:47,3
DA:48,2
DA:51,3
DA:68,0
DA:69,0
DA:76,15
LF:22
LH:17
BRDA:24,0,0,0
BRDA:25,1,0,0
BRDA:27,2,0,0
BRDA:28,3,0,1
BRDA:30,4,0,3
BRDA:30,4,1,3
BRDA:31,5,0,3
BRDA:31,5,1,3
BRDA:42,6,0,0
BRF:9
BRH:5
end_of_record
TN:
SF:packages/widget-notes/src/components/ListItem.tsx
FN:21,(anonymous_7)
FN:49,(anonymous_8)
FN:57,(anonymous_9)
FN:72,(anonymous_10)
FN:83,(anonymous_11)
FN:87,(anonymous_12)
FN:94,(anonymous_13)
FN:115,(anonymous_14)
FN:145,(anonymous_15)
FN:156,(anonymous_16)
FN:170,(anonymous_17)
FN:184,(anonymous_18)
FN:205,(anonymous_19)
FNF:13
FNH:0
FNDA:0,(anonymous_7)
FNDA:0,(anonymous_8)
FNDA:0,(anonymous_9)
FNDA:0,(anonymous_10)
FNDA:0,(anonymous_11)
FNDA:0,(anonymous_12)
FNDA:0,(anonymous_13)
FNDA:0,(anonymous_14)
FNDA:0,(anonymous_15)
FNDA:0,(anonymous_16)
FNDA:0,(anonymous_17)
FNDA:0,(anonymous_18)
FNDA:0,(anonymous_19)
DA:1,1
DA:2,1
DA:3,1
DA:11,1
DA:12,1
DA:13,1
DA:14,1
DA:16,1
DA:18,1
DA:21,1
DA:49,1
DA:50,0
DA:51,0
DA:52,0
DA:53,0
DA:55,0
DA:57,0
DA:58,0
DA:59,0
DA:60,0
DA:62,0
DA:63,0
DA:64,0
DA:65,0
DA:69,0
DA:72,0
DA:73,0
DA:74,0
DA:77,0
DA:78,0
DA:79,0
DA:80,0
DA:83,0
DA:84,0
DA:87,0
DA:88,0
DA:89,0
DA:90,0
DA:93,0
DA:95,0
DA:100,0
DA:101,0
DA:103,0
DA:104,0
DA:106,0
DA:116,0
DA:117,0
DA:118,0
DA:119,0
DA:146,0
DA:147,0
DA:157,0
DA:158,0
DA:170,0
DA:185,0
DA:186,0
DA:187,0
DA:189,0
DA:192,0
DA:193,0
DA:194,0
DA:206,0
DA:207,0
DA:243,1
LF:64
LH:12
BRDA:59,0,0,0
BRDA:62,1,0,0
BRDA:62,2,0,0
BRDA:62,2,1,0
BRDA:63,3,0,0
BRDA:63,4,0,0
BRDA:63,4,1,0
BRDA:64,5,0,0
BRDA:73,6,0,0
BRDA:73,7,0,0
BRDA:73,7,1,0
BRDA:101,8,0,0
BRDA:101,8,1,0
BRDA:103,9,0,0
BRDA:118,10,0,0
BRDA:167,11,0,0
BRDA:167,11,1,0
BRDA:186,12,0,0
BRDA:186,12,1,0
BRDA:186,13,0,0
BRDA:186,13,1,0
BRF:21
BRH:0
end_of_record
TN:
SF:packages/widget-notes/src/dialogs/AddDialog.tsx
FN:13,(anonymous_7)
FN:28,(anonymous_8)
FN:43,(anonymous_9)
FN:55,(anonymous_10)
FNF:4
FNH:3
FNDA:2,(anonymous_7)
FNDA:5,(anonymous_8)
FNDA:0,(anonymous_9)
FNDA:1,(anonymous_10)
DA:1,15
DA:2,15
DA:8,15
DA:10,15
DA:11,15
DA:13,15
DA:14,2
DA:15,2
DA:16,2
DA:17,2
DA:18,2
DA:20,2
DA:29,5
DA:44,0
DA:45,0
DA:56,1
DA:57,0
DA:58,0
DA:61,1
DA:62,1
DA:71,15
LF:21
LH:17
BRDA:22,0,0,2
BRDA:22,0,1,1
BRDA:56,1,0,0
BRF:3
BRH:2
end_of_record
TN:
SF:packages/widget-notes/src/dialogs/EditDialog.tsx
FN:19,(anonymous_7)
FN:26,(anonymous_8)
FN:44,(anonymous_9)
FN:52,(anonymous_10)
FN:64,(anonymous_11)
FN:76,(anonymous_12)
FNF:6
FNH:0
FNDA:0,(anonymous_7)
FNDA:0,(anonymous_8)
FNDA:0,(anonymous_9)
FNDA:0,(anonymous_10)
FNDA:0,(anonymous_11)
FNDA:0,(anonymous_12)
DA:1,15
DA:2,15
DA:8,15
DA:10,15
DA:11,15
DA:19,15
DA:20,0
DA:21,0
DA:22,0
DA:23,0
DA:24,0
DA:26,0
DA:27,0
DA:28,0
DA:31,0
DA:32,0
DA:33,0
DA:36,0
DA:45,0
DA:53,0
DA:54,0
DA:55,0
DA:65,0
DA:66,0
DA:76,0
DA:87,15
LF:26
LH:7
BRDA:27,0,0,0
BRDA:53,1,0,0
BRDA:53,2,0,0
BRDA:53,2,1,0
BRF:4
BRH:0
end_of_record
TN:
SF:packages/widget-projects/src/Context.tsx
FN:12,(anonymous_6)
FN:18,(anonymous_7)
FN:22,(anonymous_8)
FN:26,(anonymous_9)
FN:30,(anonymous_10)
FN:36,(anonymous_11)
FNF:6
FNH:6
FNDA:3,(anonymous_6)
FNDA:3,(anonymous_7)
FNDA:2,(anonymous_8)
FNDA:2,(anonymous_9)
FNDA:2,(anonymous_10)
FNDA:2,(anonymous_11)
DA:1,1
DA:2,1
DA:5,1
DA:10,1
DA:12,1
DA:13,3
DA:14,3
DA:15,3
DA:16,3
DA:18,3
DA:19,3
DA:22,3
DA:23,2
DA:26,3
DA:27,2
DA:30,3
DA:31,2
DA:32,2
DA:33,2
DA:36,3
DA:37,2
DA:38,2
DA:41,3
DA:57,1
DA:58,1
LF:25
LH:25
BRDA:31,0,0,2
BRDA:31,0,1,2
BRDA:32,1,0,2
BRDA:32,1,1,0
BRDA:33,2,0,2
BRDA:33,2,1,0
BRF:6
BRH:4
end_of_record
TN:
SF:packages/widget-projects/src/Widget.tsx
FN:21,(anonymous_7)
FN:28,(anonymous_8)
FN:36,(anonymous_9)
FN:37,(anonymous_10)
FN:38,(anonymous_11)
FN:40,(anonymous_12)
FN:46,(anonymous_13)
FN:50,(anonymous_14)
FN:59,(anonymous_15)
FN:61,(anonymous_16)
FN:88,(anonymous_17)
FN:107,(anonymous_18)
FN:153,(anonymous_19)
FN:172,(anonymous_20)
FN:190,(anonymous_21)
FNF:15
FNH:8
FNDA:1,(anonymous_7)
FNDA:2,(anonymous_8)
FNDA:0,(anonymous_9)
FNDA:0,(anonymous_10)
FNDA:0,(anonymous_11)
FNDA:0,(anonymous_12)
FNDA:2,(anonymous_13)
FNDA:1,(anonymous_14)
FNDA:0,(anonymous_15)
FNDA:0,(anonymous_16)
FNDA:1,(anonymous_17)
FNDA:1,(anonymous_18)
FNDA:0,(anonymous_19)
FNDA:1,(anonymous_20)
FNDA:1,(anonymous_21)
DA:1,1
DA:2,1
DA:3,1
DA:4,1
DA:5,1
DA:7,1
DA:8,1
DA:10,1
DA:11,1
DA:12,1
DA:14,1
DA:15,1
DA:16,1
DA:17,1
DA:21,1
DA:28,1
DA:29,2
DA:30,2
DA:31,2
DA:32,2
DA:33,2
DA:34,2
DA:36,2
DA:37,0
DA:38,0
DA:39,0
DA:40,0
DA:43,0
DA:46,2
DA:47,2
DA:49,2
DA:50,1
DA:51,1
DA:56,1
DA:58,2
DA:59,2
DA:61,0
DA:65,2
DA:89,1
DA:90,1
DA:108,1
DA:109,1
DA:154,0
DA:155,0
DA:173,1
DA:190,1
DA:191,1
DA:195,1
LF:48
LH:40
BRDA:49,0,0,1
BRDA:58,1,0,2
BRDA:58,1,1,0
BRDA:142,2,0,2
BRDA:142,2,1,1
BRDA:170,3,0,2
BRDA:170,3,1,1
BRF:7
BRH:6
end_of_record
TN:
SF:packages/widget-projects/src/index.tsx
FNF:0
FNH:0
DA:1,1
DA:2,1
DA:3,1
DA:5,1
DA:7,1
DA:14,1
LF:6
LH:6
BRF:0
BRH:0
end_of_record
TN:
SF:packages/widget-projects/src/components/Filter.tsx
FN:11,(anonymous_7)
FN:18,(anonymous_8)
FN:28,(anonymous_9)
FN:40,(anonymous_10)
FN:51,(anonymous_11)
FN:55,(anonymous_12)
FN:59,(anonymous_13)
FNF:7
FNH:5
FNDA:2,(anonymous_7)
FNDA:4,(anonymous_8)
FNDA:1,(anonymous_9)
FNDA:0,(anonymous_10)
FNDA:3,(anonymous_11)
FNDA:2,(anonymous_12)
FNDA:0,(anonymous_13)
DA:1,1
DA:3,1
DA:4,1
DA:5,1
DA:6,1
DA:7,1
DA:9,1
DA:11,1
DA:12,2
DA:13,2
DA:15,2
DA:18,4
DA:29,1
DA:41,0
DA:42,0
DA:51,1
DA:52,3
DA:53,3
DA:55,3
DA:56,2
DA:59,3
DA:60,0
DA:63,3
DA:64,3
DA:66,3
DA:103,1
LF:26
LH:23
BRDA:64,0,0,2
BRDA:64,0,1,1
BRF:2
BRH:2
end_of_record
TN:
SF:packages/widget-projects/src/components/ItemPop.tsx
FN:12,(anonymous_7)
FN:17,(anonymous_8)
FN:22,(anonymous_9)
FN:51,(anonymous_10)
FN:61,(anonymous_11)
FNF:5
FNH:1
FNDA:1,(anonymous_7)
FNDA:0,(anonymous_8)
FNDA:0,(anonymous_9)
FNDA:0,(anonymous_10)
FNDA:0,(anonymous_11)
DA:1,1
DA:2,1
DA:3,1
DA:4,1
DA:5,1
DA:8,1
DA:12,1
DA:13,1
DA:14,1
DA:15,1
DA:17,1
DA:18,0
DA:19,0
DA:22,1
DA:23,0
DA:26,1
DA:27,1
DA:29,1
DA:52,0
DA:53,0
DA:54,0
DA:62,0
DA:63,0
DA:84,1
LF:24
LH:16
BRDA:27,0,0,0
BRDA:27,0,1,1
BRDA:74,1,0,0
BRDA:74,1,1,1
BRF:4
BRH:2
end_of_record
TN:
SF:packages/widget-projects/src/components/ListItem.tsx
FN:32,(anonymous_7)
FN:33,(anonymous_8)
FN:47,(anonymous_9)
FN:58,(anonymous_10)
FN:59,(anonymous_11)
FN:62,(anonymous_12)
FN:63,(anonymous_13)
FN:66,(anonymous_14)
FN:67,(anonymous_15)
FN:70,(anonymous_16)
FNF:10
FNH:6
FNDA:1,(anonymous_7)
FNDA:1,(anonymous_8)
FNDA:1,(anonymous_9)
FNDA:1,(anonymous_10)
FNDA:0,(anonymous_11)
FNDA:1,(anonymous_12)
FNDA:0,(anonymous_13)
FNDA:1,(anonymous_14)
FNDA:0,(anonymous_15)
FNDA:0,(anonymous_16)
DA:1,1
DA:2,1
DA:10,1
DA:11,1
DA:12,1
DA:13,1
DA:14,1
DA:15,1
DA:17,1
DA:18,1
DA:19,1
DA:20,1
DA:23,1
DA:24,1
DA:32,1
DA:33,1
DA:47,1
DA:48,1
DA:49,1
DA:53,1
DA:54,1
DA:55,1
DA:56,1
DA:58,1
DA:59,1
DA:62,1
DA:63,1
DA:66,1
DA:67,1
DA:70,1
DA:71,0
DA:76,0
DA:77,0
DA:78,0
DA:79,0
DA:80,0
DA:88,0
DA:93,0
DA:96,0
DA:109,1
DA:199,1
LF:41
LH:32
BRDA:76,0,0,0
BRDA:79,1,0,0
BRDA:88,2,0,0
BRDA:89,3,0,0
BRDA:89,3,1,0
BRDA:89,3,2,0
BRDA:114,4,0,1
BRDA:114,4,1,1
BRDA:114,4,2,1
BRDA:129,5,0,1
BRDA:129,5,1,0
BRDA:130,6,0,1
BRDA:130,6,1,0
BRF:13
BRH:5
end_of_record
TN:
SF:packages/widget-projects/src/components/Pop.tsx
FN:14,(anonymous_7)
FN:32,(anonymous_8)
FN:41,(anonymous_9)
FN:46,(anonymous_10)
FN:91,(anonymous_11)
FN:104,(anonymous_12)
FN:107,(anonymous_13)
FN:111,(anonymous_14)
FNF:8
FNH:1
FNDA:0,(anonymous_7)
FNDA:0,(anonymous_8)
FNDA:0,(anonymous_9)
FNDA:0,(anonymous_10)
FNDA:0,(anonymous_11)
FNDA:1,(anonymous_12)
FNDA:0,(anonymous_13)
FNDA:0,(anonymous_14)
DA:1,1
DA:2,1
DA:3,1
DA:4,1
DA:5,1
DA:6,1
DA:7,1
DA:8,1
DA:9,1
DA:10,1
DA:12,1
DA:14,1
DA:15,0
DA:17,0
DA:33,0
DA:41,1
DA:42,0
DA:46,0
DA:47,0
DA:50,0
DA:91,1
DA:92,0
DA:104,1
DA:105,1
DA:107,1
DA:108,0
DA:111,1
DA:112,0
DA:115,1
DA:116,1
DA:118,1
DA:157,1
LF:32
LH:22
BRDA:116,0,0,0
BRDA:116,0,1,1
BRF:2
BRH:1
end_of_record
TN:
SF:packages/widget-snippets/src/Context.tsx
FN:12,(anonymous_7)
FN:24,(anonymous_8)
FN:29,(anonymous_9)
FN:34,(anonymous_10)
FN:39,(anonymous_11)
FN:41,(anonymous_12)
FN:61,(anonymous_13)
FN:69,(anonymous_14)
FN:71,(anonymous_15)
FN:78,(anonymous_16)
FN:79,(anonymous_17)
FN:90,(anonymous_18)
FN:95,(anonymous_19)
FN:106,(anonymous_20)
FN:109,(anonymous_21)
FN:141,(anonymous_22)
FN:143,(anonymous_23)
FN:144,(anonymous_24)
FN:144,(anonymous_25)
FNF:19
FNH:8
FNDA:5,(anonymous_7)
FNDA:0,(anonymous_8)
FNDA:1,(anonymous_9)
FNDA:1,(anonymous_10)
FNDA:1,(anonymous_11)
FNDA:8,(anonymous_12)
FNDA:0,(anonymous_13)
FNDA:0,(anonymous_14)
FNDA:0,(anonymous_15)
FNDA:0,(anonymous_16)
FNDA:0,(anonymous_17)
FNDA:0,(anonymous_18)
FNDA:1,(anonymous_19)
FNDA:1,(anonymous_20)
FNDA:0,(anonymous_21)
FNDA:1,(anonymous_22)
FNDA:0,(anonymous_23)
FNDA:0,(anonymous_24)
FNDA:0,(anonymous_25)
DA:1,14
DA:2,14
DA:5,14
DA:6,14
DA:8,14
DA:10,14
DA:12,14
DA:13,5
DA:14,5
DA:16,5
DA:17,5
DA:18,5
DA:19,5
DA:20,5
DA:21,5
DA:22,5
DA:24,5
DA:25,0
DA:26,0
DA:29,5
DA:30,1
DA:31,1
DA:34,5
DA:35,1
DA:36,1
DA:39,5
DA:40,1
DA:41,8
DA:43,1
DA:51,1
DA:52,1
DA:53,1
DA:55,1
DA:56,1
DA:59,5
DA:60,0
DA:61,0
DA:62,0
DA:63,0
DA:65,0
DA:69,5
DA:70,0
DA:71,0
DA:72,0
DA:74,0
DA:75,0
DA:78,5
DA:79,0
DA:80,0
DA:81,0
DA:83,0
DA:86,0
DA:87,0
DA:90,5
DA:91,0
DA:92,0
DA:95,5
DA:96,1
DA:97,1
DA:98,0
DA:101,1
DA:102,1
DA:103,1
DA:106,5
DA:107,1
DA:108,1
DA:109,1
DA:110,0
DA:111,0
DA:115,1
DA:116,1
DA:119,5
DA:141,1
DA:143,0
DA:144,0
DA:151,14
DA:153,14
LF:77
LH:52
BRDA:40,0,0,1
BRDA:40,0,1,1
BRDA:55,1,0,1
BRDA:59,2,0,0
BRDA:59,3,0,5
BRDA:59,3,1,5
BRDA:62,4,0,0
BRDA:70,5,0,0
BRDA:70,5,1,0
BRDA:80,6,0,0
BRDA:80,6,1,0
BRDA:96,7,0,1
BRDA:96,7,1,1
BRDA:97,8,0,0
BRDA:101,9,0,1
BRDA:101,9,1,1
BRDA:102,10,0,1
BRDA:102,10,1,1
BRDA:103,11,0,1
BRDA:103,11,1,1
BRDA:110,12,0,0
BRDA:110,13,0,0
BRDA:110,13,1,0
BRDA:140,14,0,5
BRDA:140,14,1,1
BRDA:143,15,0,5
BRDA:143,15,1,0
BRDA:143,15,2,0
BRF:28
BRH:16
end_of_record
TN:
SF:packages/widget-snippets/src/Widget.tsx
FN:26,(anonymous_7)
FN:44,(anonymous_8)
FN:62,(anonymous_9)
FN:63,(anonymous_10)
FN:66,(anonymous_11)
FN:76,(anonymous_12)
FN:80,(anonymous_13)
FN:92,(anonymous_14)
FN:103,(anonymous_15)
FN:109,(anonymous_16)
FN:110,(anonymous_17)
FN:117,(anonymous_18)
FN:137,(anonymous_19)
FN:170,(anonymous_20)
FN:183,(anonymous_21)
FN:240,(anonymous_22)
FN:248,(anonymous_23)
FN:256,(anonymous_24)
FN:295,(anonymous_25)
FN:306,(anonymous_26)
FNF:20
FNH:11
FNDA:1,(anonymous_7)
FNDA:4,(anonymous_8)
FNDA:3,(anonymous_9)
FNDA:1,(anonymous_10)
FNDA:2,(anonymous_11)
FNDA:2,(anonymous_12)
FNDA:0,(anonymous_13)
FNDA:0,(anonymous_14)
FNDA:1,(anonymous_15)
FNDA:2,(anonymous_16)
FNDA:1,(anonymous_17)
FNDA:0,(anonymous_18)
FNDA:0,(anonymous_19)
FNDA:0,(anonymous_20)
FNDA:0,(anonymous_21)
FNDA:0,(anonymous_22)
FNDA:0,(anonymous_23)
FNDA:4,(anonymous_24)
FNDA:1,(anonymous_25)
FNDA:0,(anonymous_26)
DA:1,1
DA:2,1
DA:3,1
DA:11,1
DA:12,1
DA:13,1
DA:14,1
DA:16,1
DA:17,1
DA:18,1
DA:19,1
DA:21,1
DA:23,1
DA:24,1
DA:26,1
DA:44,1
DA:45,4
DA:46,4
DA:60,4
DA:62,4
DA:63,3
DA:66,4
DA:67,2
DA:68,0
DA:69,0
DA:72,2
DA:76,4
DA:77,2
DA:79,2
DA:80,0
DA:81,0
DA:85,0
DA:88,0
DA:91,2
DA:92,0
DA:93,0
DA:97,0
DA:100,2
DA:103,4
DA:104,1
DA:105,0
DA:109,4
DA:110,2
DA:111,2
DA:112,0
DA:116,4
DA:118,0
DA:119,0
DA:120,0
DA:122,0
DA:130,0
DA:131,0
DA:137,4
DA:138,0
DA:139,0
DA:152,4
DA:170,0
DA:183,0
DA:241,0
DA:248,0
DA:257,4
DA:295,1
DA:306,0
DA:320,1
LF:64
LH:40
BRDA:67,0,0,0
BRDA:67,0,1,2
BRDA:67,1,0,2
BRDA:67,1,1,1
BRDA:67,1,2,0
BRDA:68,2,0,0
BRDA:79,3,0,0
BRDA:81,4,0,0
BRDA:82,5,0,0
BRDA:82,5,1,0
BRDA:82,5,2,0
BRDA:82,5,3,0
BRDA:91,6,0,0
BRDA:104,7,0,0
BRDA:111,8,0,0
BRDA:111,9,0,2
BRDA:111,9,1,1
BRDA:118,10,0,0
BRDA:119,11,0,0
BRDA:119,11,1,0
BRDA:119,12,0,0
BRDA:119,12,1,0
BRDA:130,13,0,0
BRDA:163,14,0,4
BRDA:163,14,1,1
BRDA:163,14,2,0
BRDA:163,14,3,0
BRDA:279,15,0,4
BRDA:279,15,1,3
BRDA:302,16,0,4
BRDA:302,16,1,1
BRDA:302,16,2,1
BRF:32
BRH:12
end_of_record
TN:
SF:packages/widget-snippets/src/constants.ts
FNF:0
FNH:0
DA:1,15
DA:33,15
LF:2
LH:2
BRF:0
BRH:0
end_of_record
TN:
SF:packages/widget-snippets/src/index.tsx
FN:16,(anonymous_7)
FNF:1
FNH:0
FNDA:0,(anonymous_7)
DA:1,1
DA:2,1
DA:3,1
DA:5,1
DA:6,1
DA:8,1
DA:16,1
LF:7
LH:7
BRF:0
BRH:0
end_of_record
TN:
SF:packages/widget-snippets/src/utils.ts
FN:4,(anonymous_0)
FN:12,(anonymous_1)
FNF:2
FNH:2
FNDA:6,(anonymous_0)
FNDA:145,(anonymous_1)
DA:1,15
DA:4,15
DA:5,6
DA:7,6
DA:8,1
DA:12,5
DA:13,145
DA:17,5
DA:19,2
DA:20,2
DA:21,1
DA:22,1
DA:27,1
DA:31,5
LF:14
LH:14
BRDA:7,0,0,1
BRDA:7,1,0,6
BRDA:7,1,1,5
BRDA:17,2,0,2
BRDA:20,3,0,1
BRDA:20,3,1,1
BRF:6
BRH:6
end_of_record
TN:
SF:packages/widget-snippets/src/components/Editor.tsx
FN:41,(anonymous_6)
FN:45,(anonymous_7)
FN:51,(anonymous_8)
FN:57,(anonymous_9)
FN:75,(anonymous_10)
FNF:5
FNH:3
FNDA:5,(anonymous_6)
FNDA:2,(anonymous_7)
FNDA:2,(anonymous_8)
FNDA:0,(anonymous_9)
FNDA:0,(anonymous_10)
DA:1,14
DA:2,14
DA:4,14
DA:5,14
DA:6,14
DA:7,14
DA:9,14
DA:10,14
DA:11,14
DA:12,14
DA:13,14
DA:14,14
DA:15,14
DA:16,14
DA:17,14
DA:18,14
DA:19,14
DA:20,14
DA:21,14
DA:22,14
DA:23,14
DA:24,14
DA:25,14
DA:26,14
DA:27,14
DA:28,14
DA:29,14
DA:30,14
DA:32,14
DA:41,14
DA:42,5
DA:43,5
DA:45,5
DA:46,2
DA:47,0
DA:51,5
DA:52,2
DA:53,2
DA:57,5
DA:58,0
DA:61,5
DA:62,5
DA:63,5
DA:66,5
DA:76,0
DA:77,0
DA:83,14
LF:47
LH:43
BRDA:46,0,0,0
BRDA:52,1,0,2
BRDA:62,2,0,5
BRF:3
BRH:2
end_of_record
TN:
SF:packages/widget-snippets/src/components/ListItem.tsx
FN:25,(anonymous_7)
FN:53,(anonymous_8)
FN:68,(anonymous_9)
FN:83,(anonymous_10)
FN:94,(anonymous_11)
FN:98,(anonymous_12)
FN:105,(anonymous_13)
FN:126,(anonymous_14)
FN:156,(anonymous_15)
FN:169,(anonymous_16)
FN:183,(anonymous_17)
FN:197,(anonymous_18)
FN:213,(anonymous_19)
FN:247,(anonymous_20)
FN:266,(anonymous_21)
FNF:15
FNH:0
FNDA:0,(anonymous_7)
FNDA:0,(anonymous_8)
FNDA:0,(anonymous_9)
FNDA:0,(anonymous_10)
FNDA:0,(anonymous_11)
FNDA:0,(anonymous_12)
FNDA:0,(anonymous_13)
FNDA:0,(anonymous_14)
FNDA:0,(anonymous_15)
FNDA:0,(anonymous_16)
FNDA:0,(anonymous_17)
FNDA:0,(anonymous_18)
FNDA:0,(anonymous_19)
FNDA:0,(anonymous_20)
FNDA:0,(anonymous_21)
DA:1,1
DA:2,1
DA:3,1
DA:11,1
DA:13,1
DA:14,1
DA:15,1
DA:17,1
DA:18,1
DA:20,1
DA:25,1
DA:53,1
DA:61,0
DA:62,0
DA:63,0
DA:64,0
DA:66,0
DA:68,0
DA:69,0
DA:70,0
DA:71,0
DA:73,0
DA:74,0
DA:75,0
DA:76,0
DA:80,0
DA:83,0
DA:84,0
DA:85,0
DA:88,0
DA:89,0
DA:90,0
DA:91,0
DA:94,0
DA:95,0
DA:98,0
DA:99,0
DA:100,0
DA:101,0
DA:104,0
DA:106,0
DA:111,0
DA:112,0
DA:114,0
DA:115,0
DA:117,0
DA:127,0
DA:128,0
DA:129,0
DA:130,0
DA:157,0
DA:158,0
DA:170,0
DA:171,0
DA:184,0
DA:185,0
DA:198,0
DA:214,0
DA:215,0
DA:220,0
DA:222,0
DA:233,0
DA:248,0
DA:249,0
DA:250,0
DA:251,0
DA:252,0
DA:253,0
DA:254,0
DA:255,0
DA:267,0
DA:268,0
DA:305,1
LF:73
LH:13
BRDA:54,0,0,0
BRDA:70,1,0,0
BRDA:73,2,0,0
BRDA:73,3,0,0
BRDA:73,3,1,0
BRDA:74,4,0,0
BRDA:74,5,0,0
BRDA:74,5,1,0
BRDA:75,6,0,0
BRDA:84,7,0,0
BRDA:84,8,0,0
BRDA:84,8,1,0
BRDA:112,9,0,0
BRDA:112,9,1,0
BRDA:114,10,0,0
BRDA:129,11,0,0
BRDA:166,12,0,0
BRDA:166,12,1,0
BRDA:166,12,2,0
BRDA:194,13,0,0
BRDA:194,13,1,0
BRDA:210,14,0,0
BRDA:210,14,1,0
BRDA:210,14,2,0
BRDA:215,15,0,0
BRDA:215,15,1,0
BRF:26
BRH:0
end_of_record
TN:
SF:packages/widget-snippets/src/dialogs/AddDialog.tsx
FN:21,(anonymous_7)
FN:44,(anonymous_8)
FN:60,(anonymous_9)
FN:62,(anonymous_10)
FN:65,(anonymous_11)
FN:71,(anonymous_12)
FNF:6
FNH:4
FNDA:4,(anonymous_7)
FNDA:3,(anonymous_8)
FNDA:10,(anonymous_9)
FNDA:0,(anonymous_10)
FNDA:0,(anonymous_11)
FNDA:1,(anonymous_12)
DA:1,14
DA:5,14
DA:12,14
DA:13,14
DA:15,14
DA:16,14
DA:17,14
DA:18,14
DA:21,14
DA:25,4
DA:27,4
DA:28,4
DA:29,4
DA:33,4
DA:35,4
DA:44,3
DA:60,10
DA:62,0
DA:65,0
DA:72,1
DA:73,0
DA:74,0
DA:77,1
DA:78,1
DA:87,14
LF:25
LH:21
BRDA:37,0,0,4
BRDA:37,0,1,1
BRDA:72,1,0,0
BRF:3
BRH:2
end_of_record
TN:
SF:packages/widget-snippets/src/dialogs/EditDialog.tsx
FN:27,(anonymous_7)
FN:47,(anonymous_8)
FN:61,(anonymous_9)
FN:64,(anonymous_10)
FN:73,(anonymous_11)
FN:80,(anonymous_12)
FN:83,(anonymous_13)
FNF:7
FNH:0
FNDA:0,(anonymous_7)
FNDA:0,(anonymous_8)
FNDA:0,(anonymous_9)
FNDA:0,(anonymous_10)
FNDA:0,(anonymous_11)
FNDA:0,(anonymous_12)
FNDA:0,(anonymous_13)
DA:1,14
DA:5,14
DA:12,14
DA:13,14
DA:15,14
DA:16,14
DA:18,14
DA:19,14
DA:27,14
DA:32,0
DA:34,0
DA:35,0
DA:36,0
DA:37,0
DA:39,0
DA:47,0
DA:62,0
DA:65,0
DA:73,0
DA:80,0
DA:84,0
DA:85,0
DA:88,0
DA:89,0
DA:90,0
DA:100,14
LF:26
LH:10
BRDA:84,0,0,0
BRF:1
BRH:0
end_of_record
TN:
SF:packages/widget-todo/src/Context.tsx
FN:9,(anonymous_7)
FN:22,(anonymous_8)
FN:26,(anonymous_9)
FN:30,(anonymous_10)
FN:34,(anonymous_11)
FN:36,(anonymous_12)
FN:49,(anonymous_13)
FN:51,(anonymous_14)
FN:56,(anonymous_15)
FN:58,(anonymous_16)
FN:64,(anonymous_17)
FN:69,(anonymous_18)
FN:73,(anonymous_19)
FN:77,(anonymous_20)
FN:81,(anonymous_21)
FN:86,(anonymous_22)
FN:90,(anonymous_23)
FN:103,(anonymous_24)
FN:106,(anonymous_25)
FN:143,(anonymous_26)
FN:145,(anonymous_27)
FN:146,(anonymous_28)
FN:146,(anonymous_29)
FNF:23
FNH:11
FNDA:6,(anonymous_7)
FNDA:1,(anonymous_8)
FNDA:2,(anonymous_9)
FNDA:1,(anonymous_10)
FNDA:1,(anonymous_11)
FNDA:8,(anonymous_12)
FNDA:0,(anonymous_13)
FNDA:0,(anonymous_14)
FNDA:1,(anonymous_15)
FNDA:0,(anonymous_16)
FNDA:0,(anonymous_17)
FNDA:0,(anonymous_18)
FNDA:1,(anonymous_19)
FNDA:0,(anonymous_20)
FNDA:0,(anonymous_21)
FNDA:0,(anonymous_22)
FNDA:1,(anonymous_23)
FNDA:1,(anonymous_24)
FNDA:0,(anonymous_25)
FNDA:1,(anonymous_26)
FNDA:0,(anonymous_27)
FNDA:0,(anonymous_28)
FNDA:0,(anonymous_29)
DA:1,14
DA:2,14
DA:3,14
DA:4,14
DA:7,14
DA:9,14
DA:10,6
DA:11,6
DA:13,6
DA:14,6
DA:15,6
DA:16,6
DA:17,6
DA:18,6
DA:19,6
DA:20,6
DA:22,6
DA:23,1
DA:26,6
DA:27,2
DA:30,6
DA:31,1
DA:34,6
DA:35,1
DA:36,8
DA:37,1
DA:45,1
DA:46,1
DA:49,6
DA:50,0
DA:51,0
DA:52,0
DA:53,0
DA:56,6
DA:57,1
DA:58,1
DA:59,1
DA:60,1
DA:61,1
DA:64,6
DA:65,0
DA:66,0
DA:69,6
DA:70,0
DA:73,6
DA:74,1
DA:77,6
DA:78,0
DA:81,6
DA:82,0
DA:83,0
DA:86,6
DA:87,0
DA:90,6
DA:91,1
DA:92,1
DA:93,1
DA:94,0
DA:95,1
DA:96,1
DA:98,1
DA:99,1
DA:100,1
DA:103,6
DA:104,1
DA:105,1
DA:106,1
DA:107,0
DA:108,0
DA:112,1
DA:113,1
DA:116,6
DA:143,1
DA:145,0
DA:146,0
DA:153,14
DA:155,14
LF:77
LH:61
BRDA:34,0,0,0
BRDA:35,1,0,1
BRDA:35,1,1,1
BRDA:50,2,0,0
BRDA:50,2,1,0
BRDA:57,3,0,1
BRDA:57,3,1,1
BRDA:92,4,0,1
BRDA:92,4,1,1
BRDA:93,5,0,0
BRDA:93,5,1,1
BRDA:95,6,0,1
BRDA:98,7,0,1
BRDA:98,7,1,1
BRDA:99,8,0,1
BRDA:99,8,1,1
BRDA:100,9,0,1
BRDA:100,9,1,1
BRDA:107,10,0,0
BRDA:107,11,0,0
BRDA:107,11,1,0
BRDA:142,12,0,6
BRDA:142,12,1,1
BRDA:145,13,0,6
BRDA:145,13,1,0
BRDA:145,13,2,0
BRF:26
BRH:17
end_of_record
TN:
SF:packages/widget-todo/src/Widget.tsx
FN:17,(anonymous_7)
FN:24,(anonymous_8)
FN:37,(anonymous_9)
FN:41,(anonymous_10)
FN:50,(anonymous_11)
FN:59,(anonymous_12)
FN:79,(anonymous_13)
FN:116,(anonymous_14)
FN:150,(anonymous_15)
FN:159,(anonymous_16)
FN:164,(anonymous_17)
FN:167,(anonymous_18)
FN:178,(anonymous_19)
FN:188,(anonymous_20)
FNF:14
FNH:6
FNDA:1,(anonymous_7)
FNDA:6,(anonymous_8)
FNDA:5,(anonymous_9)
FNDA:0,(anonymous_10)
FNDA:1,(anonymous_11)
FNDA:0,(anonymous_12)
FNDA:0,(anonymous_13)
FNDA:0,(anonymous_14)
FNDA:1,(anonymous_15)
FNDA:0,(anonymous_16)
FNDA:0,(anonymous_17)
FNDA:0,(anonymous_18)
FNDA:0,(anonymous_19)
FNDA:1,(anonymous_20)
DA:1,1
DA:2,1
DA:3,1
DA:4,1
DA:5,1
DA:6,1
DA:8,1
DA:9,1
DA:11,1
DA:12,1
DA:13,1
DA:14,1
DA:15,1
DA:17,1
DA:24,1
DA:25,6
DA:34,6
DA:35,6
DA:37,6
DA:38,5
DA:40,5
DA:41,0
DA:42,0
DA:43,0
DA:46,0
DA:49,5
DA:50,5
DA:51,1
DA:52,1
DA:55,5
DA:58,5
DA:59,0
DA:61,0
DA:62,0
DA:64,0
DA:65,0
DA:71,0
DA:72,0
DA:75,0
DA:78,5
DA:79,1
DA:80,0
DA:82,1
DA:85,5
DA:88,6
DA:116,0
DA:150,1
DA:160,0
DA:161,0
DA:162,0
DA:164,0
DA:165,0
DA:167,0
DA:168,0
DA:171,0
DA:176,0
DA:179,0
DA:189,1
DA:204,1
LF:59
LH:35
BRDA:40,0,0,0
BRDA:42,1,0,0
BRDA:49,2,0,5
BRDA:51,3,0,1
BRDA:51,4,0,1
BRDA:51,4,1,1
BRDA:58,5,0,0
BRDA:64,6,0,0
BRDA:64,7,0,0
BRDA:64,7,1,0
BRDA:71,8,0,0
BRDA:71,9,0,0
BRDA:71,9,1,0
BRDA:78,10,0,1
BRDA:142,11,0,6
BRDA:142,11,1,5
BRF:16
BRH:7
end_of_record
TN:
SF:packages/widget-todo/src/index.tsx
FN:15,(anonymous_7)
FNF:1
FNH:0
FNDA:0,(anonymous_7)
DA:1,1
DA:2,1
DA:3,1
DA:5,1
DA:6,1
DA:8,1
DA:15,1
LF:7
LH:7
BRF:0
BRH:0
end_of_record
TN:
SF:packages/widget-todo/src/components/Filter.tsx
FN:11,(anonymous_7)
FN:18,(anonymous_8)
FN:28,(anonymous_9)
FN:40,(anonymous_10)
FN:51,(anonymous_11)
FN:55,(anonymous_12)
FN:59,(anonymous_13)
FNF:7
FNH:1
FNDA:0,(anonymous_7)
FNDA:0,(anonymous_8)
FNDA:0,(anonymous_9)
FNDA:0,(anonymous_10)
FNDA:6,(anonymous_11)
FNDA:0,(anonymous_12)
FNDA:0,(anonymous_13)
DA:1,1
DA:3,1
DA:4,1
DA:5,1
DA:6,1
DA:7,1
DA:9,1
DA:11,1
DA:12,0
DA:13,0
DA:15,0
DA:18,0
DA:29,0
DA:41,0
DA:42,0
DA:51,1
DA:52,6
DA:53,6
DA:55,6
DA:56,0
DA:59,6
DA:60,0
DA:63,6
DA:64,6
DA:66,6
DA:103,1
LF:26
LH:17
BRDA:64,0,0,0
BRDA:64,0,1,6
BRF:2
BRH:1
end_of_record
TN:
SF:packages/widget-todo/src/components/Info.tsx
FN:15,(anonymous_7)
FN:30,(anonymous_8)
FN:32,(anonymous_9)
FN:33,(anonymous_10)
FN:38,(anonymous_11)
FN:42,(anonymous_12)
FN:43,(anonymous_13)
FN:48,(anonymous_14)
FN:49,(anonymous_15)
FN:67,(anonymous_16)
FN:77,(anonymous_17)
FN:88,(anonymous_18)
FN:91,(anonymous_19)
FN:95,(anonymous_20)
FNF:14
FNH:8
FNDA:1,(anonymous_7)
FNDA:1,(anonymous_8)
FNDA:1,(anonymous_9)
FNDA:0,(anonymous_10)
FNDA:0,(anonymous_11)
FNDA:1,(anonymous_12)
FNDA:0,(anonymous_13)
FNDA:1,(anonymous_14)
FNDA:0,(anonymous_15)
FNDA:1,(anonymous_16)
FNDA:0,(anonymous_17)
FNDA:2,(anonymous_18)
FNDA:1,(anonymous_19)
FNDA:0,(anonymous_20)
DA:1,1
DA:2,1
DA:3,1
DA:9,1
DA:10,1
DA:12,1
DA:15,1
DA:16,1
DA:17,1
DA:19,1
DA:30,1
DA:31,1
DA:32,1
DA:33,1
DA:34,0
DA:38,1
DA:39,0
DA:42,1
DA:43,1
DA:44,0
DA:48,1
DA:49,1
DA:50,0
DA:54,1
DA:67,1
DA:68,1
DA:70,1
DA:78,0
DA:88,1
DA:89,2
DA:91,2
DA:92,1
DA:95,2
DA:96,0
DA:99,2
DA:100,2
DA:102,2
DA:140,1
LF:38
LH:32
BRDA:17,0,0,1
BRDA:17,0,1,0
BRDA:100,1,0,1
BRDA:100,1,1,1
BRF:4
BRH:3
end_of_record
TN:
SF:packages/widget-todo/src/components/Item.tsx
FN:20,(anonymous_7)
FN:32,(anonymous_8)
FN:40,(anonymous_9)
FN:44,(anonymous_10)
FN:104,(anonymous_11)
FN:120,(anonymous_12)
FN:148,(anonymous_13)
FNF:7
FNH:3
FNDA:1,(anonymous_7)
FNDA:1,(anonymous_8)
FNDA:0,(anonymous_9)
FNDA:0,(anonymous_10)
FNDA:1,(anonymous_11)
FNDA:0,(anonymous_12)
FNDA:0,(anonymous_13)
DA:1,1
DA:3,1
DA:4,1
DA:5,1
DA:6,1
DA:13,1
DA:14,1
DA:15,1
DA:17,1
DA:20,1
DA:32,1
DA:33,1
DA:34,1
DA:36,1
DA:37,1
DA:38,1
DA:40,1
DA:41,0
DA:44,1
DA:45,0
DA:48,1
DA:105,1
DA:106,1
DA:107,1
DA:108,1
DA:109,1
DA:110,1
DA:121,0
DA:122,0
DA:124,0
DA:125,0
DA:149,0
DA:172,1
LF:33
LH:26
BRDA:38,0,0,0
BRDA:38,0,1,1
BRDA:91,1,0,0
BRDA:91,1,1,1
BRDA:121,2,0,0
BRDA:146,3,0,1
BRDA:146,3,1,1
BRF:7
BRH:4
end_of_record
TN:
SF:packages/widget-todo/src/components/ItemPop.tsx
FN:10,(anonymous_7)
FN:13,(anonymous_8)
FN:17,(anonymous_9)
FNF:3
FNH:1
FNDA:1,(anonymous_7)
FNDA:0,(anonymous_8)
FNDA:0,(anonymous_9)
DA:1,1
DA:2,1
DA:3,1
DA:4,1
DA:6,1
DA:10,1
DA:11,1
DA:13,1
DA:14,0
DA:17,1
DA:18,0
DA:21,1
DA:22,1
DA:24,1
DA:50,1
LF:15
LH:13
BRDA:22,0,0,0
BRDA:22,0,1,1
BRF:2
BRH:1
end_of_record
TN:
SF:packages/widget-todo/src/components/Pop.tsx
FN:15,(anonymous_7)
FN:34,(anonymous_8)
FN:43,(anonymous_9)
FN:62,(anonymous_10)
FN:71,(anonymous_11)
FN:97,(anonymous_12)
FN:106,(anonymous_13)
FN:109,(anonymous_14)
FN:113,(anonymous_15)
FNF:9
FNH:6
FNDA:2,(anonymous_7)
FNDA:1,(anonymous_8)
FNDA:2,(anonymous_9)
FNDA:0,(anonymous_10)
FNDA:2,(anonymous_11)
FNDA:0,(anonymous_12)
FNDA:2,(anonymous_13)
FNDA:1,(anonymous_14)
FNDA:0,(anonymous_15)
DA:1,1
DA:2,1
DA:3,1
DA:9,1
DA:10,1
DA:11,1
DA:13,1
DA:15,1
DA:16,2
DA:18,2
DA:35,1
DA:43,1
DA:44,2
DA:46,2
DA:63,0
DA:71,1
DA:72,2
DA:73,2
DA:98,0
DA:106,1
DA:107,2
DA:109,2
DA:110,1
DA:113,2
DA:114,0
DA:117,2
DA:118,2
DA:120,2
DA:164,1
LF:29
LH:26
BRDA:118,0,0,1
BRDA:118,0,1,1
BRF:2
BRH:2
end_of_record
TN:
SF:packages/widget-todo/src/components/PopItemContent.tsx
FN:18,(anonymous_7)
FN:22,(anonymous_8)
FN:32,(anonymous_9)
FN:51,(anonymous_10)
FN:59,(anonymous_11)
FN:73,(anonymous_12)
FN:88,(anonymous_13)
FN:107,(anonymous_14)
FN:119,(anonymous_15)
FNF:9
FNH:0
FNDA:0,(anonymous_7)
FNDA:0,(anonymous_8)
FNDA:0,(anonymous_9)
FNDA:0,(anonymous_10)
FNDA:0,(anonymous_11)
FNDA:0,(anonymous_12)
FNDA:0,(anonymous_13)
FNDA:0,(anonymous_14)
FNDA:0,(anonymous_15)
DA:1,1
DA:2,1
DA:3,1
DA:10,1
DA:18,1
DA:19,0
DA:20,0
DA:22,0
DA:23,0
DA:24,0
DA:27,0
DA:28,0
DA:29,0
DA:32,0
DA:33,0
DA:34,0
DA:35,0
DA:37,0
DA:38,0
DA:39,0
DA:40,0
DA:44,0
DA:47,0
DA:51,0
DA:60,0
DA:61,0
DA:74,0
DA:89,0
DA:90,0
DA:91,0
DA:92,0
DA:93,0
DA:94,0
DA:108,0
DA:109,0
DA:110,0
DA:120,0
DA:135,1
LF:38
LH:6
BRDA:23,0,0,0
BRDA:23,1,0,0
BRDA:23,1,1,0
BRDA:34,2,0,0
BRDA:37,3,0,0
BRDA:37,4,0,0
BRDA:37,4,1,0
BRDA:38,5,0,0
BRDA:38,6,0,0
BRDA:38,6,1,0
BRDA:39,7,0,0
BRDA:56,8,0,0
BRDA:56,8,1,0
BRDA:56,8,2,0
BRDA:70,9,0,0
BRDA:70,9,1,0
BRDA:85,10,0,0
BRDA:85,10,1,0
BRDA:103,11,0,0
BRDA:103,11,1,0
BRF:20
BRH:0
end_of_record
TN:
SF:packages/widget-todo/src/dialogs/AddDialog.tsx
FN:14,(anonymous_7)
FN:28,(anonymous_8)
FN:37,(anonymous_9)
FN:54,(anonymous_10)
FN:57,(anonymous_11)
FN:71,(anonymous_12)
FNF:6
FNH:4
FNDA:2,(anonymous_7)
FNDA:9,(anonymous_8)
FNDA:9,(anonymous_9)
FNDA:0,(anonymous_10)
FNDA:0,(anonymous_11)
FNDA:1,(anonymous_12)
DA:1,14
DA:2,14
DA:8,14
DA:10,14
DA:12,14
DA:14,14
DA:15,2
DA:16,2
DA:17,2
DA:18,2
DA:20,2
DA:29,9
DA:38,9
DA:39,0
DA:40,0
DA:41,0
DA:55,0
DA:58,0
DA:59,0
DA:60,0
DA:72,1
DA:73,1
DA:75,0
DA:76,0
DA:79,1
DA:89,14
LF:26
LH:17
BRDA:38,0,0,0
BRDA:38,1,0,9
BRDA:38,1,1,0
BRDA:72,2,0,1
BRDA:72,2,1,0
BRF:5
BRH:2
end_of_record
TN:
SF:packages/widget-todo/src/dialogs/EditDialog.tsx
FN:22,(anonymous_7)
FN:29,(anonymous_8)
FN:46,(anonymous_9)
FN:62,(anonymous_10)
FN:72,(anonymous_11)
FN:87,(anonymous_12)
FN:90,(anonymous_13)
FN:104,(anonymous_14)
FNF:8
FNH:0
FNDA:0,(anonymous_7)
FNDA:0,(anonymous_8)
FNDA:0,(anonymous_9)
FNDA:0,(anonymous_10)
FNDA:0,(anonymous_11)
FNDA:0,(anonymous_12)
FNDA:0,(anonymous_13)
FNDA:0,(anonymous_14)
DA:1,14
DA:2,14
DA:8,14
DA:9,14
DA:11,14
DA:12,14
DA:14,14
DA:22,14
DA:23,0
DA:25,0
DA:26,0
DA:27,0
DA:29,0
DA:30,0
DA:31,0
DA:33,0
DA:34,0
DA:37,0
DA:47,0
DA:48,0
DA:49,0
DA:63,0
DA:73,0
DA:74,0
DA:88,0
DA:91,0
DA:92,0
DA:93,0
DA:105,0
DA:106,0
DA:109,0
DA:110,0
DA:120,14
LF:33
LH:9
BRDA:30,0,0,0
BRDA:41,1,0,0
BRDA:41,1,1,0
BRDA:41,1,2,0
BRDA:48,2,0,0
BRDA:73,3,0,0
BRDA:73,4,0,0
BRDA:73,4,1,0
BRDA:105,5,0,0
BRF:9
BRH:0
end_of_record
TN:
SF:packages/widget-weather/src/Context.tsx
FN:14,(anonymous_6)
FN:23,(anonymous_7)
FN:28,(anonymous_8)
FN:33,(anonymous_9)
FN:36,(anonymous_10)
FN:43,(anonymous_11)
FN:44,(anonymous_12)
FN:47,(anonymous_13)
FN:54,(anonymous_14)
FN:55,(anonymous_15)
FN:56,(anonymous_16)
FN:59,(anonymous_17)
FN:76,(anonymous_18)
FNF:13
FNH:11
FNDA:20,(anonymous_6)
FNDA:1,(anonymous_7)
FNDA:2,(anonymous_8)
FNDA:3,(anonymous_9)
FNDA:2,(anonymous_10)
FNDA:1,(anonymous_11)
FNDA:3,(anonymous_12)
FNDA:4,(anonymous_13)
FNDA:2,(anonymous_14)
FNDA:0,(anonymous_15)
FNDA:2,(anonymous_16)
FNDA:0,(anonymous_17)
FNDA:2,(anonymous_18)
DA:1,1
DA:2,1
DA:4,1
DA:7,1
DA:12,1
DA:14,1
DA:15,20
DA:16,20
DA:17,20
DA:18,20
DA:19,20
DA:20,20
DA:21,20
DA:23,20
DA:24,1
DA:25,1
DA:28,20
DA:29,2
DA:30,2
DA:33,20
DA:34,3
DA:35,3
DA:37,2
DA:38,2
DA:43,1
DA:44,3
DA:47,20
DA:48,4
DA:49,2
DA:52,2
DA:53,2
DA:54,2
DA:55,0
DA:56,2
DA:59,20
DA:60,0
DA:69,0
DA:70,0
DA:73,0
DA:76,20
DA:77,2
DA:78,2
DA:81,20
DA:100,1
DA:101,1
LF:45
LH:40
BRDA:29,0,0,2
BRDA:29,0,1,0
BRDA:35,1,0,0
BRDA:35,1,1,3
BRDA:35,2,0,3
BRDA:35,2,1,3
BRDA:48,3,0,2
BRDA:53,4,0,0
BRDA:53,4,1,2
BRDA:53,5,0,2
BRDA:53,5,1,2
BRDA:53,6,0,0
BRDA:53,6,1,2
BRDA:53,7,0,2
BRDA:53,7,1,2
BRDA:57,8,0,4
BRDA:57,8,1,16
BRDA:57,9,0,20
BRDA:57,9,1,20
BRDA:57,10,0,4
BRDA:57,10,1,16
BRDA:57,11,0,20
BRDA:57,11,1,20
BRDA:62,12,0,0
BRDA:62,12,1,0
BRDA:63,13,0,0
BRDA:63,13,1,0
BRDA:69,14,0,0
BRDA:84,15,0,4
BRDA:84,15,1,16
BRDA:84,16,0,20
BRDA:84,16,1,20
BRDA:85,17,0,0
BRDA:85,17,1,20
BRDA:85,18,0,20
BRDA:85,18,1,20
BRF:36
BRH:26
end_of_record
TN:
SF:packages/widget-weather/src/Widget.tsx
FN:17,(anonymous_7)
FN:30,(anonymous_8)
FN:123,(anonymous_9)
FN:170,(anonymous_10)
FN:263,(anonymous_11)
FNF:5
FNH:5
FNDA:1,(anonymous_7)
FNDA:4,(anonymous_8)
FNDA:20,(anonymous_9)
FNDA:11,(anonymous_10)
FNDA:2,(anonymous_11)
DA:1,1
DA:4,1
DA:5,1
DA:6,1
DA:7,1
DA:9,1
DA:10,1
DA:12,1
DA:13,1
DA:14,1
DA:17,1
DA:30,1
DA:31,4
DA:32,4
DA:34,4
DA:35,4
DA:37,4
DA:124,20
DA:170,1
DA:171,11
DA:172,11
DA:174,11
DA:263,1
DA:264,2
LF:24
LH:24
BRDA:66,0,0,4
BRDA:66,0,1,4
BRDA:66,0,2,2
BRDA:69,1,0,4
BRDA:69,1,1,4
BRDA:69,1,2,2
BRDA:144,2,0,20
BRDA:144,2,1,20
BRDA:144,2,2,10
BRDA:147,3,0,20
BRDA:147,3,1,20
BRDA:147,3,2,10
BRDA:185,4,0,11
BRDA:185,4,1,9
BRDA:191,5,0,11
BRDA:191,5,1,2
BRDA:216,6,0,11
BRDA:216,6,1,2
BRDA:230,7,0,11
BRDA:230,7,1,9
BRDA:230,7,2,3
BRDA:243,8,0,11
BRDA:243,8,1,9
BRDA:243,8,2,6
BRDA:243,8,3,4
BRF:25
BRH:25
end_of_record
TN:
SF:packages/widget-weather/src/index.tsx
FNF:0
FNH:0
DA:1,1
DA:2,1
DA:3,1
DA:5,1
DA:7,1
LF:5
LH:5
BRF:0
BRH:0
end_of_record
TN:
SF:packages/widget-weather/src/utils.ts
FN:6,kToF
FN:10,kToC
FN:17,fetchWeather
FN:25,(anonymous_3)
FN:34,fetchGeoData
FN:45,(anonymous_5)
FNF:6
FNH:4
FNDA:12,kToF
FNDA:12,kToC
FNDA:2,fetchWeather
FNDA:0,(anonymous_3)
FNDA:3,fetchGeoData
FNDA:0,(anonymous_5)
DA:6,1
DA:7,12
DA:10,1
DA:11,12
DA:14,1
DA:15,1
DA:17,1
DA:18,2
DA:20,2
DA:21,2
DA:22,2
DA:23,2
DA:24,2
DA:25,0
DA:27,2
DA:28,0
DA:31,2
DA:34,1
DA:35,3
DA:37,3
DA:38,1
DA:41,3
DA:42,3
DA:43,3
DA:44,3
DA:45,0
DA:47,3
DA:48,1
DA:51,2
DA:52,2
LF:30
LH:27
BRDA:27,0,0,0
BRDA:37,1,0,1
BRDA:41,2,0,2
BRDA:41,2,1,1
BRDA:43,3,0,1
BRDA:43,3,1,2
BRDA:47,4,0,1
BRDA:48,5,0,1
BRDA:48,5,1,0
BRF:9
BRH:7
end_of_record
TN:
SF:packages/widget-weather/src/components/Dialog.tsx
FN:20,(anonymous_7)
FN:40,(anonymous_8)
FN:57,(anonymous_9)
FN:62,(anonymous_10)
FN:79,(anonymous_11)
FN:93,(anonymous_12)
FN:107,(anonymous_13)
FN:128,(anonymous_14)
FN:131,(anonymous_15)
FN:144,(anonymous_16)
FN:167,(anonymous_17)
FN:172,(anonymous_18)
FN:175,(anonymous_19)
FNF:13
FNH:9
FNDA:6,(anonymous_7)
FNDA:0,(anonymous_8)
FNDA:12,(anonymous_9)
FNDA:14,(anonymous_10)
FNDA:0,(anonymous_11)
FNDA:1,(anonymous_12)
FNDA:6,(anonymous_13)
FNDA:21,(anonymous_14)
FNDA:1,(anonymous_15)
FNDA:6,(anonymous_16)
FNDA:11,(anonymous_17)
FNDA:0,(anonymous_18)
FNDA:0,(anonymous_19)
DA:1,1
DA:2,1
DA:11,1
DA:12,1
DA:13,1
DA:15,1
DA:16,1
DA:18,1
DA:20,1
DA:21,6
DA:22,6
DA:23,6
DA:25,6
DA:41,0
DA:42,0
DA:57,12
DA:63,14
DA:64,1
DA:65,1
DA:66,1
DA:69,1
DA:70,1
DA:71,1
DA:80,0
DA:81,0
DA:82,0
DA:83,0
DA:84,0
DA:94,1
DA:95,1
DA:107,1
DA:108,6
DA:109,6
DA:129,21
DA:132,1
DA:133,0
DA:135,1
DA:144,1
DA:145,6
DA:167,1
DA:168,11
DA:170,11
DA:172,0
DA:175,0
DA:180,1
LF:45
LH:35
BRDA:63,0,0,1
BRDA:63,1,0,14
BRDA:63,1,1,13
BRDA:64,2,0,1
BRDA:82,3,0,0
BRDA:132,4,0,0
BRDA:132,4,1,1
BRDA:175,5,0,11
BRDA:175,5,1,6
BRF:9
BRH:7
end_of_record
TN:
SF:packages/widget-welcome/src/Context.tsx
FN:12,(anonymous_6)
FN:20,(anonymous_7)
FN:27,(anonymous_8)
FN:35,(anonymous_9)
FN:40,(anonymous_10)
FN:41,(anonymous_11)
FNF:6
FNH:6
FNDA:8,(anonymous_6)
FNDA:1,(anonymous_7)
FNDA:1,(anonymous_8)
FNDA:1,(anonymous_9)
FNDA:1,(anonymous_10)
FNDA:1,(anonymous_11)
DA:1,1
DA:2,1
DA:10,1
DA:12,1
DA:13,8
DA:14,8
DA:15,8
DA:16,8
DA:17,8
DA:18,8
DA:20,8
DA:21,1
DA:22,1
DA:23,1
DA:27,8
DA:28,1
DA:29,1
DA:30,1
DA:31,1
DA:35,8
DA:36,1
DA:37,1
DA:40,8
DA:41,1
DA:42,1
DA:43,1
DA:45,1
DA:46,1
DA:47,1
DA:50,8
DA:68,1
DA:69,1
LF:32
LH:32
BRDA:21,0,0,1
BRDA:28,1,0,1
BRF:2
BRH:2
end_of_record
TN:
SF:packages/widget-welcome/src/Widget.tsx
FN:14,(anonymous_7)
FN:21,(anonymous_8)
FNF:2
FNH:2
FNDA:1,(anonymous_7)
FNDA:8,(anonymous_8)
DA:1,1
DA:2,1
DA:3,1
DA:4,1
DA:5,1
DA:7,1
DA:8,1
DA:10,1
DA:11,1
DA:12,1
DA:14,1
DA:21,1
DA:22,8
DA:23,8
DA:25,8
DA:126,1
LF:16
LH:16
BRDA:58,0,0,8
BRDA:58,0,1,1
BRDA:72,1,0,8
BRDA:72,1,1,7
BRF:4
BRH:4
end_of_record
TN:
SF:packages/widget-welcome/src/extension.ts
FN:21,(anonymous_1)
FN:30,(anonymous_2)
FN:38,(anonymous_3)
FN:52,(anonymous_4)
FN:75,(anonymous_5)
FN:80,(anonymous_6)
FN:81,(anonymous_7)
FN:91,(anonymous_8)
FN:98,(anonymous_9)
FN:111,(anonymous_10)
FN:117,(anonymous_11)
FN:120,(anonymous_12)
FN:127,(anonymous_13)
FN:134,activate
FNF:14
FNH:14
FNDA:1,(anonymous_1)
FNDA:6,(anonymous_2)
FNDA:4,(anonymous_3)
FNDA:6,(anonymous_4)
FNDA:4,(anonymous_5)
FNDA:3,(anonymous_6)
FNDA:1,(anonymous_7)
FNDA:1,(anonymous_8)
FNDA:1,(anonymous_9)
FNDA:2,(anonymous_10)
FNDA:1,(anonymous_11)
FNDA:1,(anonymous_12)
FNDA:1,(anonymous_13)
FNDA:1,activate
DA:1,1
DA:2,1
DA:3,1
DA:4,1
DA:11,1
DA:14,1
DA:22,1
DA:23,1
DA:25,1
DA:26,1
DA:27,1
DA:31,6
DA:39,4
DA:41,4
DA:42,0
DA:45,4
DA:53,6
DA:54,6
DA:56,6
DA:57,4
DA:58,4
DA:69,6
DA:76,4
DA:77,4
DA:78,4
DA:79,4
DA:80,3
DA:81,1
DA:84,4
DA:85,1
DA:86,1
DA:89,3
DA:90,1
DA:91,1
DA:94,1
DA:95,1
DA:96,1
DA:98,1
DA:102,3
DA:103,3
DA:112,2
DA:113,2
DA:117,1
DA:121,1
DA:122,1
DA:123,1
DA:124,1
DA:128,1
DA:129,1
DA:134,1
DA:138,1
DA:140,1
LF:52
LH:51
BRDA:11,0,0,0
BRDA:11,0,1,1
BRDA:31,1,0,6
BRDA:31,1,1,0
BRDA:41,2,0,0
BRDA:56,3,0,4
BRDA:56,4,0,2
BRDA:56,4,1,4
BRDA:56,5,0,6
BRDA:56,5,1,6
BRDA:84,6,0,1
BRDA:89,7,0,1
BRDA:89,8,0,3
BRDA:89,8,1,2
BRDA:91,9,0,1
BRDA:91,9,1,1
BRDA:94,10,0,1
BRF:17
BRH:14
end_of_record
TN:
SF:packages/widget-welcome/src/index.tsx
FN:17,(anonymous_1)
FNF:1
FNH:0
FNDA:0,(anonymous_1)
DA:1,1
DA:2,1
DA:3,1
DA:5,1
DA:6,1
DA:7,1
DA:9,1
DA:17,1
LF:8
LH:8
BRF:0
BRH:0
end_of_record
TN:
SF:packages/widget-welcome/src/components/NavPop.tsx
FN:9,(anonymous_7)
FN:18,(anonymous_8)
FN:23,(anonymous_9)
FN:27,(anonymous_10)
FN:38,(anonymous_11)
FN:39,(anonymous_12)
FNF:6
FNH:0
FNDA:0,(anonymous_7)
FNDA:0,(anonymous_8)
FNDA:0,(anonymous_9)
FNDA:0,(anonymous_10)
FNDA:0,(anonymous_11)
FNDA:0,(anonymous_12)
DA:1,1
DA:2,1
DA:3,1
DA:4,1
DA:5,1
DA:6,1
DA:7,1
DA:9,1
DA:18,1
DA:19,0
DA:20,0
DA:21,0
DA:23,0
DA:24,0
DA:27,0
DA:28,0
DA:31,0
DA:32,0
DA:38,0
DA:39,0
DA:40,0
DA:41,0
DA:46,0
DA:82,1
LF:24
LH:10
BRDA:32,0,0,0
BRDA:32,0,1,0
BRDA:40,1,0,0
BRF:3
BRH:0
end_of_record
TN:
SF:packages/widget-welcome/src/components/Pop.tsx
FN:9,(anonymous_7)
FN:13,(anonymous_8)
FN:17,(anonymous_9)
FN:58,(anonymous_10)
FNF:4
FNH:4
FNDA:9,(anonymous_7)
FNDA:1,(anonymous_8)
FNDA:1,(anonymous_9)
FNDA:1,(anonymous_10)
DA:1,1
DA:2,1
DA:3,1
DA:4,1
DA:5,1
DA:7,1
DA:9,1
DA:10,9
DA:11,9
DA:13,9
DA:14,1
DA:17,9
DA:18,1
DA:21,9
DA:22,9
DA:24,9
DA:59,1
DA:60,1
DA:84,1
LF:19
LH:19
BRDA:22,0,0,1
BRDA:22,0,1,8
BRDA:45,1,0,3
BRDA:45,1,1,6
BRF:4
BRH:4
end_of_record
TN:
SF:packages/widget-welcome/src/components/TrickContent.tsx
FN:26,createMarkup
FN:30,(anonymous_8)
FN:34,(anonymous_9)
FN:50,(anonymous_10)
FN:61,(anonymous_11)
FN:67,(anonymous_12)
FN:68,(anonymous_13)
FN:75,(anonymous_14)
FN:114,(anonymous_15)
FN:157,(anonymous_16)
FN:198,(anonymous_17)
FNF:11
FNH:9
FNDA:4,createMarkup
FNDA:4,(anonymous_8)
FNDA:1,(anonymous_9)
FNDA:1,(anonymous_10)
FNDA:9,(anonymous_11)
FNDA:6,(anonymous_12)
FNDA:5,(anonymous_13)
FNDA:6,(anonymous_14)
FNDA:0,(anonymous_15)
FNDA:0,(anonymous_16)
FNDA:1,(anonymous_17)
DA:1,1
DA:2,1
DA:9,1
DA:10,1
DA:11,1
DA:12,1
DA:14,1
DA:17,1
DA:27,4
DA:30,1
DA:31,4
DA:32,4
DA:34,4
DA:35,1
DA:36,1
DA:39,4
DA:40,2
DA:51,1
DA:57,2
DA:61,1
DA:62,9
DA:63,9
DA:65,9
DA:67,9
DA:68,6
DA:69,5
DA:72,6
DA:75,9
DA:76,6
DA:77,3
DA:78,0
DA:80,3
DA:85,9
DA:115,0
DA:158,0
DA:199,1
DA:211,1
LF:37
LH:34
BRDA:39,0,0,2
BRDA:39,0,1,2
BRDA:76,1,0,3
BRDA:77,2,0,0
BRDA:77,2,1,3
BRDA:112,3,0,9
BRDA:112,3,1,0
BRDA:139,4,0,9
BRDA:139,4,1,5
BRDA:142,5,0,9
BRDA:142,5,1,4
BRDA:142,5,2,4
BRDA:155,6,0,9
BRDA:155,6,1,4
BRDA:155,6,2,0
BRDA:172,7,0,9
BRDA:172,7,1,4
BRDA:184,8,0,9
BRDA:184,8,1,9
BRDA:184,8,2,4
BRDA:189,9,0,9
BRDA:189,9,1,9
BRDA:189,9,2,4
BRF:23
BRH:20
end_of_record
TN:
SF:packages/widget/src/index.ts
FNF:0
FNH:0
DA:1,3
DA:2,3
DA:3,3
DA:4,3
DA:5,3
DA:7,3
DA:8,3
LF:7
LH:7
BRF:0
BRH:0
end_of_record
TN:
SF:packages/widget/src/components/Dragger.tsx
FN:5,(anonymous_1)
FNF:1
FNH:1
FNDA:1,(anonymous_1)
DA:1,3
DA:2,3
DA:3,3
DA:5,3
DA:6,1
DA:13,3
LF:6
LH:6
BRF:0
BRH:0
end_of_record
TN:
SF:packages/widget/src/components/ErrorBoundary.tsx
FN:12,(anonymous_1)
FN:17,(anonymous_2)
FN:21,(anonymous_3)
FNF:3
FNH:3
FNDA:5,(anonymous_1)
FNDA:1,(anonymous_2)
FNDA:4,(anonymous_3)
DA:1,5
DA:11,5
DA:13,5
DA:14,3
DA:18,1
DA:22,4
DA:23,1
DA:26,3
LF:8
LH:8
BRDA:22,0,0,1
BRF:1
BRH:1
end_of_record
TN:
SF:packages/widget/src/components/HidePop.tsx
FN:11,(anonymous_7)
FN:14,(anonymous_8)
FN:18,(anonymous_9)
FNF:3
FNH:2
FNDA:3,(anonymous_7)
FNDA:1,(anonymous_8)
FNDA:0,(anonymous_9)
DA:1,3
DA:2,3
DA:3,3
DA:4,3
DA:5,3
DA:11,3
DA:12,3
DA:14,3
DA:15,1
DA:18,3
DA:19,0
DA:22,3
DA:23,3
DA:25,3
DA:55,3
LF:15
LH:14
BRDA:23,0,0,1
BRDA:23,0,1,2
BRF:2
BRH:2
end_of_record
TN:
SF:packages/widget/src/components/HideWidgetContent.tsx
FN:10,(anonymous_1)
FN:12,(anonymous_2)
FN:16,(anonymous_3)
FN:26,(anonymous_4)
FNF:4
FNH:4
FNDA:1,(anonymous_1)
FNDA:1,(anonymous_2)
FNDA:1,(anonymous_3)
FNDA:1,(anonymous_4)
DA:1,2
DA:2,2
DA:3,2
DA:4,2
DA:10,2
DA:11,1
DA:12,1
DA:13,1
DA:16,1
DA:17,1
DA:20,1
DA:26,1
DA:42,2
LF:13
LH:13
BRF:0
BRH:0
end_of_record
TN:
SF:packages/widget/src/components/ThirdPartyWidget.tsx
FN:14,(anonymous_1)
FN:21,(anonymous_2)
FNF:2
FNH:2
FNDA:1,(anonymous_1)
FNDA:1,(anonymous_2)
DA:1,3
DA:2,3
DA:3,3
DA:5,3
DA:6,3
DA:7,3
DA:14,3
DA:21,3
DA:22,1
DA:23,1
DA:25,1
DA:69,3
LF:12
LH:12
BRF:0
BRH:0
end_of_record
TN:
SF:packages/widget/src/components/WidgetWrapper.tsx
FN:9,(anonymous_6)
FN:14,(anonymous_7)
FN:40,(anonymous_8)
FN:40,(anonymous_9)
FNF:4
FNH:4
FNDA:4,(anonymous_6)
FNDA:1,(anonymous_7)
FNDA:5,(anonymous_8)
FNDA:5,(anonymous_9)
DA:1,5
DA:2,5
DA:3,5
DA:5,5
DA:7,5
DA:9,5
DA:10,4
DA:11,4
DA:13,4
DA:14,4
DA:15,1
DA:18,4
DA:19,1
DA:22,3
DA:40,5
DA:41,5
LF:16
LH:16
BRDA:18,0,0,1
BRF:1
BRH:1
end_of_record
